#! /usr/bin/vvp
:ivl_version "10.3 (stable)";
:ivl_delay_selection "TYPICAL";
:vpi_time_precision + 0;
:vpi_module "system";
:vpi_module "vhdl_sys";
:vpi_module "v2005_math";
:vpi_module "va_math";
S_0x55bc18a7de70 .scope module, "top" "top" 2 2;
 .timescale 0 0;
v0x55bc18aa5410_0 .var "clk", 0 0;
v0x55bc18aa54d0_0 .var "read_addr", 16 0;
v0x55bc18aa5570_0 .net "read_data", 31 0, v0x55bc18aa4870_0;  1 drivers
v0x55bc18aa5610_0 .var "read_enable", 0 0;
v0x55bc18aa56e0_0 .var "write_addr", 16 0;
v0x55bc18aa5780_0 .var "write_data", 31 0;
v0x55bc18aa5850_0 .var "write_enable", 0 0;
S_0x55bc18a7dff0 .scope module, "C1" "dcache" 2 4, 3 1 0, S_0x55bc18a7de70;
 .timescale 0 0;
    .port_info 0 /INPUT 17 "raddr"
    .port_info 1 /INPUT 17 "waddr"
    .port_info 2 /INPUT 32 "wdata"
    .port_info 3 /INPUT 1 "ren"
    .port_info 4 /INPUT 1 "wen"
    .port_info 5 /INPUT 1 "clk"
    .port_info 6 /OUTPUT 32 "rdata"
v0x55bc18a38120 .array "cache", 16383 0, 31 0;
v0x55bc18a381c0_0 .net "clk", 0 0, v0x55bc18aa5410_0;  1 drivers
v0x55bc18aa4440 .array "dirty", 0 1023, 0 0;
v0x55bc18aa44e0_0 .var/i "i", 31 0;
v0x55bc18aa45a0_0 .var/i "j", 31 0;
v0x55bc18aa46d0 .array "mm", 131071 0, 31 0;
v0x55bc18aa4790_0 .net "raddr", 16 0, v0x55bc18aa54d0_0;  1 drivers
v0x55bc18aa4870_0 .var "rdata", 31 0;
v0x55bc18aa4950_0 .net "read_line", 9 0, L_0x55bc18aa5a40;  1 drivers
v0x55bc18aa4a30_0 .net "read_offset", 3 0, L_0x55bc18aa5ae0;  1 drivers
v0x55bc18aa4b10_0 .net "read_tag", 2 0, L_0x55bc18aa5920;  1 drivers
v0x55bc18aa4bf0_0 .net "ren", 0 0, v0x55bc18aa5610_0;  1 drivers
v0x55bc18aa4cb0 .array "tags", 0 1023, 2 0;
v0x55bc18aa4d70 .array "val", 0 1023, 0 0;
v0x55bc18aa4e10_0 .net "waddr", 16 0, v0x55bc18aa56e0_0;  1 drivers
v0x55bc18aa4ef0_0 .net "wdata", 31 0, v0x55bc18aa5780_0;  1 drivers
v0x55bc18aa4fd0_0 .net "wen", 0 0, v0x55bc18aa5850_0;  1 drivers
v0x55bc18aa5090_0 .net "write_line", 9 0, L_0x55bc18aa5cb0;  1 drivers
v0x55bc18aa5170_0 .net "write_offset", 3 0, L_0x55bc18aa5d50;  1 drivers
v0x55bc18aa5250_0 .net "write_tag", 2 0, L_0x55bc18aa5bb0;  1 drivers
E_0x55bc18a72490 .event posedge, v0x55bc18a381c0_0;
L_0x55bc18aa5920 .part v0x55bc18aa54d0_0, 14, 3;
L_0x55bc18aa5a40 .part v0x55bc18aa54d0_0, 4, 10;
L_0x55bc18aa5ae0 .part v0x55bc18aa54d0_0, 0, 4;
L_0x55bc18aa5bb0 .part v0x55bc18aa56e0_0, 14, 3;
L_0x55bc18aa5cb0 .part v0x55bc18aa56e0_0, 4, 10;
L_0x55bc18aa5d50 .part v0x55bc18aa56e0_0, 0, 4;
    .scope S_0x55bc18a7dff0;
T_0 ;
    %pushi/vec4 0, 0, 32;
    %store/vec4 v0x55bc18aa44e0_0, 0, 32;
T_0.0 ;
    %load/vec4 v0x55bc18aa44e0_0;
    %cmpi/s 8192, 0, 32;
    %jmp/0xz T_0.1, 5;
    %pushi/vec4 0, 0, 32;
    %store/vec4 v0x55bc18aa45a0_0, 0, 32;
T_0.2 ;
    %load/vec4 v0x55bc18aa45a0_0;
    %cmpi/s 16, 0, 32;
    %jmp/0xz T_0.3, 5;
    %pushi/vec4 0, 0, 32;
    %load/vec4 v0x55bc18aa44e0_0;
    %pad/s 37;
    %pad/s 41;
    %muli 16, 0, 41;
    %pad/s 42;
    %load/vec4 v0x55bc18aa45a0_0;
    %pad/s 42;
    %add;
    %ix/vec4/s 4;
    %store/vec4a v0x55bc18aa46d0, 4, 0;
    %load/vec4 v0x55bc18aa45a0_0;
    %addi 1, 0, 32;
    %store/vec4 v0x55bc18aa45a0_0, 0, 32;
    %jmp T_0.2;
T_0.3 ;
    %load/vec4 v0x55bc18aa44e0_0;
    %addi 1, 0, 32;
    %store/vec4 v0x55bc18aa44e0_0, 0, 32;
    %jmp T_0.0;
T_0.1 ;
    %pushi/vec4 0, 0, 32;
    %store/vec4 v0x55bc18aa44e0_0, 0, 32;
T_0.4 ;
    %load/vec4 v0x55bc18aa44e0_0;
    %cmpi/s 1024, 0, 32;
    %jmp/0xz T_0.5, 5;
    %pushi/vec4 0, 0, 1;
    %ix/getv/s 4, v0x55bc18aa44e0_0;
    %store/vec4a v0x55bc18aa4d70, 4, 0;
    %pushi/vec4 0, 0, 1;
    %ix/getv/s 4, v0x55bc18aa44e0_0;
    %store/vec4a v0x55bc18aa4440, 4, 0;
    %load/vec4 v0x55bc18aa44e0_0;
    %addi 1, 0, 32;
    %store/vec4 v0x55bc18aa44e0_0, 0, 32;
    %jmp T_0.4;
T_0.5 ;
    %end;
    .thread T_0;
    .scope S_0x55bc18a7dff0;
T_1 ;
    %wait E_0x55bc18a72490;
    %load/vec4 v0x55bc18aa4bf0_0;
    %flag_set/vec4 8;
    %jmp/0xz  T_1.0, 8;
    %load/vec4 v0x55bc18aa4950_0;
    %pad/u 12;
    %ix/vec4 4;
    %load/vec4a v0x55bc18aa4cb0, 4;
    %load/vec4 v0x55bc18aa4b10_0;
    %cmp/e;
    %flag_get/vec4 4;
    %load/vec4 v0x55bc18aa4950_0;
    %pad/u 12;
    %ix/vec4 4;
    %load/vec4a v0x55bc18aa4d70, 4;
    %pushi/vec4 1, 0, 1;
    %cmp/e;
    %flag_get/vec4 4;
    %and;
    %flag_set/vec4 8;
    %jmp/0xz  T_1.2, 8;
    %vpi_call 3 52 "$monitor", "%d Cache Hit : Reading Value.", $time {0 0 0};
    %load/vec4 v0x55bc18aa4950_0;
    %pad/u 17;
    %pad/u 21;
    %muli 16, 0, 21;
    %pad/u 22;
    %load/vec4 v0x55bc18aa4a30_0;
    %pad/u 6;
    %pad/u 22;
    %add;
    %ix/vec4 4;
    %load/vec4a v0x55bc18a38120, 4;
    %store/vec4 v0x55bc18aa4870_0, 0, 32;
    %jmp T_1.3;
T_1.2 ;
    %vpi_call 3 58 "$display", "%d Could not read. Miss", $time {0 0 0};
    %load/vec4 v0x55bc18aa5090_0;
    %pad/u 12;
    %ix/vec4 4;
    %load/vec4a v0x55bc18aa4440, 4;
    %cmpi/e 1, 0, 1;
    %jmp/0xz  T_1.4, 4;
    %vpi_call 3 63 "$display", "%d Encountered a dirty line.", $time {0 0 0};
    %pushi/vec4 0, 0, 32;
    %store/vec4 v0x55bc18aa44e0_0, 0, 32;
T_1.6 ;
    %load/vec4 v0x55bc18aa44e0_0;
    %cmpi/s 16, 0, 32;
    %jmp/0xz T_1.7, 5;
    %load/vec4 v0x55bc18aa4950_0;
    %pad/u 17;
    %pad/u 21;
    %muli 16, 0, 21;
    %pad/u 22;
    %load/vec4 v0x55bc18aa44e0_0;
    %pad/s 22;
    %add;
    %ix/vec4 4;
    %load/vec4a v0x55bc18a38120, 4;
    %load/vec4 v0x55bc18aa4950_0;
    %pad/u 12;
    %ix/vec4 5;
    %load/vec4a v0x55bc18aa4cb0, 5;
    %load/vec4 v0x55bc18aa4950_0;
    %concat/vec4; draw_concat_vec4
    %pad/u 20;
    %pad/u 24;
    %muli 16, 0, 24;
    %pad/u 25;
    %load/vec4 v0x55bc18aa44e0_0;
    %pad/s 25;
    %add;
    %ix/vec4 4;
    %store/vec4a v0x55bc18aa46d0, 4, 0;
    %load/vec4 v0x55bc18aa44e0_0;
    %addi 1, 0, 32;
    %store/vec4 v0x55bc18aa44e0_0, 0, 32;
    %jmp T_1.6;
T_1.7 ;
    %pushi/vec4 0, 0, 1;
    %load/vec4 v0x55bc18aa4950_0;
    %pad/u 12;
    %ix/vec4 4;
    %store/vec4a v0x55bc18aa4440, 4, 0;
    %jmp T_1.5;
T_1.4 ;
    %vpi_call 3 74 "$display", "%d Line is not dirty, storing in cache...", $time {0 0 0};
    %pushi/vec4 0, 0, 32;
    %store/vec4 v0x55bc18aa44e0_0, 0, 32;
T_1.8 ;
    %load/vec4 v0x55bc18aa44e0_0;
    %cmpi/s 16, 0, 32;
    %jmp/0xz T_1.9, 5;
    %load/vec4 v0x55bc18aa4b10_0;
    %load/vec4 v0x55bc18aa4950_0;
    %concat/vec4; draw_concat_vec4
    %pad/u 20;
    %pad/u 24;
    %muli 16, 0, 24;
    %pad/u 25;
    %load/vec4 v0x55bc18aa44e0_0;
    %pad/s 25;
    %add;
    %ix/vec4 4;
    %load/vec4a v0x55bc18aa46d0, 4;
    %load/vec4 v0x55bc18aa4950_0;
    %pad/u 17;
    %pad/u 21;
    %muli 16, 0, 21;
    %pad/u 22;
    %load/vec4 v0x55bc18aa44e0_0;
    %pad/s 22;
    %add;
    %ix/vec4 4;
    %store/vec4a v0x55bc18a38120, 4, 0;
    %load/vec4 v0x55bc18aa44e0_0;
    %addi 1, 0, 32;
    %store/vec4 v0x55bc18aa44e0_0, 0, 32;
    %jmp T_1.8;
T_1.9 ;
    %pushi/vec4 1, 0, 1;
    %load/vec4 v0x55bc18aa4950_0;
    %pad/u 12;
    %ix/vec4 4;
    %store/vec4a v0x55bc18aa4d70, 4, 0;
    %load/vec4 v0x55bc18aa4b10_0;
    %load/vec4 v0x55bc18aa4950_0;
    %pad/u 12;
    %ix/vec4 4;
    %store/vec4a v0x55bc18aa4cb0, 4, 0;
T_1.5 ;
T_1.3 ;
T_1.0 ;
    %load/vec4 v0x55bc18aa4fd0_0;
    %flag_set/vec4 8;
    %jmp/0xz  T_1.10, 8;
    %load/vec4 v0x55bc18aa5090_0;
    %pad/u 12;
    %ix/vec4 4;
    %load/vec4a v0x55bc18aa4cb0, 4;
    %load/vec4 v0x55bc18aa5250_0;
    %cmp/e;
    %flag_get/vec4 4;
    %load/vec4 v0x55bc18aa5090_0;
    %pad/u 12;
    %ix/vec4 4;
    %load/vec4a v0x55bc18aa4d70, 4;
    %pushi/vec4 1, 0, 1;
    %cmp/e;
    %flag_get/vec4 4;
    %and;
    %flag_set/vec4 8;
    %jmp/0xz  T_1.12, 8;
    %vpi_call 3 90 "$display", "%d Cache Hit : Writing Value.", $time {0 0 0};
    %load/vec4 v0x55bc18aa4ef0_0;
    %load/vec4 v0x55bc18aa5090_0;
    %pad/u 17;
    %pad/u 21;
    %muli 16, 0, 21;
    %pad/u 22;
    %load/vec4 v0x55bc18aa5170_0;
    %pad/u 6;
    %pad/u 22;
    %add;
    %ix/vec4 4;
    %store/vec4a v0x55bc18a38120, 4, 0;
    %pushi/vec4 1, 0, 1;
    %load/vec4 v0x55bc18aa5090_0;
    %pad/u 12;
    %ix/vec4 4;
    %store/vec4a v0x55bc18aa4440, 4, 0;
    %jmp T_1.13;
T_1.12 ;
    %vpi_call 3 98 "$display", "%d Could not write. Miss", $time {0 0 0};
    %load/vec4 v0x55bc18aa5090_0;
    %pad/u 12;
    %ix/vec4 4;
    %load/vec4a v0x55bc18aa4440, 4;
    %cmpi/e 1, 0, 1;
    %jmp/0xz  T_1.14, 4;
    %vpi_call 3 103 "$display", "%d # Encountered a dirty line.", $time {0 0 0};
    %pushi/vec4 0, 0, 32;
    %store/vec4 v0x55bc18aa44e0_0, 0, 32;
T_1.16 ;
    %load/vec4 v0x55bc18aa44e0_0;
    %cmpi/s 16, 0, 32;
    %jmp/0xz T_1.17, 5;
    %load/vec4 v0x55bc18aa5090_0;
    %pad/u 17;
    %pad/u 21;
    %muli 16, 0, 21;
    %pad/u 22;
    %load/vec4 v0x55bc18aa44e0_0;
    %pad/s 22;
    %add;
    %ix/vec4 4;
    %load/vec4a v0x55bc18a38120, 4;
    %load/vec4 v0x55bc18aa5090_0;
    %pad/u 12;
    %ix/vec4 5;
    %load/vec4a v0x55bc18aa4cb0, 5;
    %load/vec4 v0x55bc18aa5090_0;
    %concat/vec4; draw_concat_vec4
    %pad/u 20;
    %pad/u 24;
    %muli 16, 0, 24;
    %pad/u 25;
    %load/vec4 v0x55bc18aa44e0_0;
    %pad/s 25;
    %add;
    %ix/vec4 4;
    %store/vec4a v0x55bc18aa46d0, 4, 0;
    %load/vec4 v0x55bc18aa44e0_0;
    %addi 1, 0, 32;
    %store/vec4 v0x55bc18aa44e0_0, 0, 32;
    %jmp T_1.16;
T_1.17 ;
    %pushi/vec4 0, 0, 1;
    %load/vec4 v0x55bc18aa5090_0;
    %pad/u 12;
    %ix/vec4 4;
    %store/vec4a v0x55bc18aa4440, 4, 0;
    %jmp T_1.15;
T_1.14 ;
    %vpi_call 3 114 "$display", "%d Line is not dirty, storing in cache...", $time {0 0 0};
    %pushi/vec4 0, 0, 32;
    %store/vec4 v0x55bc18aa44e0_0, 0, 32;
T_1.18 ;
    %load/vec4 v0x55bc18aa44e0_0;
    %cmpi/s 16, 0, 32;
    %jmp/0xz T_1.19, 5;
    %load/vec4 v0x55bc18aa5250_0;
    %load/vec4 v0x55bc18aa5090_0;
    %concat/vec4; draw_concat_vec4
    %pad/u 20;
    %pad/u 24;
    %muli 16, 0, 24;
    %pad/u 25;
    %load/vec4 v0x55bc18aa44e0_0;
    %pad/s 25;
    %add;
    %ix/vec4 4;
    %load/vec4a v0x55bc18aa46d0, 4;
    %load/vec4 v0x55bc18aa5090_0;
    %pad/u 17;
    %pad/u 21;
    %muli 16, 0, 21;
    %pad/u 22;
    %load/vec4 v0x55bc18aa44e0_0;
    %pad/s 22;
    %add;
    %ix/vec4 4;
    %store/vec4a v0x55bc18a38120, 4, 0;
    %load/vec4 v0x55bc18aa44e0_0;
    %addi 1, 0, 32;
    %store/vec4 v0x55bc18aa44e0_0, 0, 32;
    %jmp T_1.18;
T_1.19 ;
    %pushi/vec4 1, 0, 1;
    %load/vec4 v0x55bc18aa5090_0;
    %pad/u 12;
    %ix/vec4 4;
    %store/vec4a v0x55bc18aa4d70, 4, 0;
    %load/vec4 v0x55bc18aa5250_0;
    %load/vec4 v0x55bc18aa5090_0;
    %pad/u 12;
    %ix/vec4 4;
    %store/vec4a v0x55bc18aa4cb0, 4, 0;
T_1.15 ;
T_1.13 ;
T_1.10 ;
    %jmp T_1;
    .thread T_1;
    .scope S_0x55bc18a7de70;
T_2 ;
    %pushi/vec4 0, 0, 1;
    %store/vec4 v0x55bc18aa5410_0, 0, 1;
T_2.0 ;
    %delay 1, 0;
    %load/vec4 v0x55bc18aa5410_0;
    %inv;
    %store/vec4 v0x55bc18aa5410_0, 0, 1;
    %jmp T_2.0;
    %end;
    .thread T_2;
    .scope S_0x55bc18a7de70;
T_3 ;
    %delay 5, 0;
    %pushi/vec4 1, 0, 1;
    %store/vec4 v0x55bc18aa5610_0, 0, 1;
    %pushi/vec4 79883, 0, 17;
    %store/vec4 v0x55bc18aa54d0_0, 0, 17;
    %delay 5, 0;
    %pushi/vec4 0, 0, 1;
    %store/vec4 v0x55bc18aa5610_0, 0, 1;
    %delay 5, 0;
    %vpi_call 2 18 "$display", "%d %b -> %h", $time, v0x55bc18aa54d0_0, v0x55bc18aa5570_0 {0 0 0};
    %delay 5, 0;
    %pushi/vec4 1, 0, 1;
    %store/vec4 v0x55bc18aa5850_0, 0, 1;
    %pushi/vec4 79883, 0, 17;
    %store/vec4 v0x55bc18aa56e0_0, 0, 17;
    %pushi/vec4 286334975, 0, 32;
    %store/vec4 v0x55bc18aa5780_0, 0, 32;
    %delay 5, 0;
    %pushi/vec4 0, 0, 1;
    %store/vec4 v0x55bc18aa5850_0, 0, 1;
    %delay 5, 0;
    %pushi/vec4 1, 0, 1;
    %store/vec4 v0x55bc18aa5610_0, 0, 1;
    %pushi/vec4 79883, 0, 17;
    %store/vec4 v0x55bc18aa54d0_0, 0, 17;
    %delay 5, 0;
    %pushi/vec4 0, 0, 1;
    %store/vec4 v0x55bc18aa5610_0, 0, 1;
    %delay 5, 0;
    %vpi_call 2 30 "$display", "%d %b -> %h", $time, v0x55bc18aa54d0_0, v0x55bc18aa5570_0 {0 0 0};
    %delay 5, 0;
    %pushi/vec4 1, 0, 1;
    %store/vec4 v0x55bc18aa5610_0, 0, 1;
    %pushi/vec4 129035, 0, 17;
    %store/vec4 v0x55bc18aa54d0_0, 0, 17;
    %delay 5, 0;
    %pushi/vec4 0, 0, 1;
    %store/vec4 v0x55bc18aa5610_0, 0, 1;
    %delay 5, 0;
    %vpi_call 2 36 "$display", "%d %b -> %h", $time, v0x55bc18aa54d0_0, v0x55bc18aa5570_0 {0 0 0};
    %delay 5, 0;
    %pushi/vec4 1, 0, 1;
    %store/vec4 v0x55bc18aa5610_0, 0, 1;
    %pushi/vec4 79883, 0, 17;
    %store/vec4 v0x55bc18aa54d0_0, 0, 17;
    %delay 5, 0;
    %pushi/vec4 0, 0, 1;
    %store/vec4 v0x55bc18aa5610_0, 0, 1;
    %delay 5, 0;
    %vpi_call 2 42 "$display", "%d %b -> %h", $time, v0x55bc18aa54d0_0, v0x55bc18aa5570_0 {0 0 0};
    %delay 5, 0;
    %pushi/vec4 1, 0, 1;
    %store/vec4 v0x55bc18aa5850_0, 0, 1;
    %pushi/vec4 96267, 0, 17;
    %store/vec4 v0x55bc18aa56e0_0, 0, 17;
    %pushi/vec4 2863272209, 0, 32;
    %store/vec4 v0x55bc18aa5780_0, 0, 32;
    %delay 5, 0;
    %pushi/vec4 0, 0, 1;
    %store/vec4 v0x55bc18aa5850_0, 0, 1;
    %delay 5, 0;
    %pushi/vec4 1, 0, 1;
    %store/vec4 v0x55bc18aa5610_0, 0, 1;
    %pushi/vec4 96267, 0, 17;
    %store/vec4 v0x55bc18aa54d0_0, 0, 17;
    %delay 5, 0;
    %pushi/vec4 0, 0, 1;
    %store/vec4 v0x55bc18aa5610_0, 0, 1;
    %delay 5, 0;
    %vpi_call 2 54 "$display", "%d %b -> %h", $time, v0x55bc18aa54d0_0, v0x55bc18aa5570_0 {0 0 0};
    %delay 100, 0;
    %vpi_call 2 56 "$finish" {0 0 0};
    %end;
    .thread T_3;
# The file index is used to find the file name in the following table.
:file_names 4;
    "N/A";
    "<interactive>";
    "testbench.v";
    "./cache.v";
