#! /c/Source/iverilog-install/bin/vvp
:ivl_version "12.0 (devel)" "(s20150603-1110-g18392a46)";
:ivl_delay_selection "TYPICAL";
:vpi_time_precision + 0;
:vpi_module "C:\iverilog\lib\ivl\system.vpi";
:vpi_module "C:\iverilog\lib\ivl\vhdl_sys.vpi";
:vpi_module "C:\iverilog\lib\ivl\vhdl_textio.vpi";
:vpi_module "C:\iverilog\lib\ivl\v2005_math.vpi";
:vpi_module "C:\iverilog\lib\ivl\va_math.vpi";
S_0000011eec864450 .scope module, "top" "top" 2 35;
 .timescale 0 0;
v0000011eec9624b0_0 .var "A", 31 0;
v0000011eec962370_0 .var "B", 31 0;
RS_0000011eec8b9da8 .resolv tri, L_0000011eec96fb10, L_0000011eec96ed50, L_0000011eec96d310, L_0000011eec96e210, L_0000011eec96db30, L_0000011eec96def0, L_0000011eec96e710, L_0000011eec96e350;
v0000011eec9629b0_0 .net8 "Out", 31 0, RS_0000011eec8b9da8;  8 drivers
v0000011eec961790_0 .var "op", 2 0;
S_0000011eec867fc0 .scope module, "LU" "LogicUnit" 2 40, 2 1 0, S_0000011eec864450;
 .timescale 0 0;
    .port_info 0 /INPUT 3 "operation";
    .port_info 1 /INPUT 32 "A";
    .port_info 2 /INPUT 32 "B";
    .port_info 3 /OUTPUT 32 "Out";
L_0000011eec964fa0 .functor NOT 1, L_0000011eec970dd0, C4<0>, C4<0>, C4<0>;
L_0000011eec965010 .functor AND 32, v0000011eec9624b0_0, v0000011eec962370_0, C4<11111111111111111111111111111111>, C4<11111111111111111111111111111111>;
L_0000011eec965080 .functor NOT 1, L_0000011eec9700b0, C4<0>, C4<0>, C4<0>;
L_0000011eec9650f0 .functor AND 1, L_0000011eec96fc50, L_0000011eec965080, C4<1>, C4<1>;
L_0000011eec972000 .functor XOR 32, v0000011eec9624b0_0, v0000011eec962370_0, C4<00000000000000000000000000000000>, C4<00000000000000000000000000000000>;
L_0000011eec971510 .functor NOT 1, L_0000011eec96f7f0, C4<0>, C4<0>, C4<0>;
L_0000011eec9712e0 .functor AND 1, L_0000011eec96f390, L_0000011eec971510, C4<1>, C4<1>;
L_0000011eec971e40 .functor NOT 1, L_0000011eec96da90, C4<0>, C4<0>, C4<0>;
L_0000011eec971820 .functor AND 1, L_0000011eec9712e0, L_0000011eec971e40, C4<1>, C4<1>;
L_0000011eec971580 .functor AND 32, v0000011eec9624b0_0, v0000011eec962370_0, C4<11111111111111111111111111111111>, C4<11111111111111111111111111111111>;
L_0000011eec972150 .functor NOT 32, L_0000011eec971580, C4<00000000000000000000000000000000>, C4<00000000000000000000000000000000>, C4<00000000000000000000000000000000>;
L_0000011eec971890 .functor NOT 1, L_0000011eec96d450, C4<0>, C4<0>, C4<0>;
L_0000011eec971350 .functor AND 1, L_0000011eec971890, L_0000011eec96d4f0, C4<1>, C4<1>;
L_0000011eec9720e0 .functor OR 32, v0000011eec9624b0_0, v0000011eec962370_0, C4<00000000000000000000000000000000>, C4<00000000000000000000000000000000>;
L_0000011eec971b30 .functor NOT 1, L_0000011eec96d270, C4<0>, C4<0>, C4<0>;
L_0000011eec971eb0 .functor AND 1, L_0000011eec96d770, L_0000011eec971b30, C4<1>, C4<1>;
L_0000011eec971f90 .functor NOT 32, v0000011eec9624b0_0, C4<00000000000000000000000000000000>, C4<00000000000000000000000000000000>, C4<00000000000000000000000000000000>;
L_0000011eec971f20 .functor NOT 1, L_0000011eec96dc70, C4<0>, C4<0>, C4<0>;
L_0000011eec971660 .functor AND 1, L_0000011eec96f430, L_0000011eec971f20, C4<1>, C4<1>;
L_0000011eec971970 .functor AND 1, L_0000011eec971660, L_0000011eec96efd0, C4<1>, C4<1>;
L_0000011eec972070 .functor OR 32, v0000011eec9624b0_0, v0000011eec962370_0, C4<00000000000000000000000000000000>, C4<00000000000000000000000000000000>;
L_0000011eec971270 .functor NOT 32, L_0000011eec972070, C4<00000000000000000000000000000000>, C4<00000000000000000000000000000000>, C4<00000000000000000000000000000000>;
L_0000011eec9717b0 .functor NOT 1, L_0000011eec96d6d0, C4<0>, C4<0>, C4<0>;
L_0000011eec9713c0 .functor AND 1, L_0000011eec96d3b0, L_0000011eec9717b0, C4<1>, C4<1>;
L_0000011eec971430 .functor XOR 32, v0000011eec9624b0_0, v0000011eec962370_0, C4<00000000000000000000000000000000>, C4<00000000000000000000000000000000>;
L_0000011eec9714a0 .functor NOT 32, L_0000011eec971430, C4<00000000000000000000000000000000>, C4<00000000000000000000000000000000>, C4<00000000000000000000000000000000>;
v0000011eec91e710_0 .net "A", 31 0, v0000011eec9624b0_0;  1 drivers
v0000011eec91da90_0 .net "B", 31 0, v0000011eec962370_0;  1 drivers
v0000011eec91de50_0 .net8 "Out", 31 0, RS_0000011eec8b9da8;  alias, 8 drivers
v0000011eec91e530_0 .net *"_ivl_1", 0 0, L_0000011eec970dd0;  1 drivers
v0000011eec91d270_0 .net *"_ivl_101", 1 0, L_0000011eec96ddb0;  1 drivers
v0000011eec91d9f0_0 .net *"_ivl_103", 0 0, L_0000011eec96d3b0;  1 drivers
v0000011eec91e850_0 .net *"_ivl_105", 0 0, L_0000011eec96d6d0;  1 drivers
v0000011eec91e8f0_0 .net *"_ivl_106", 0 0, L_0000011eec9717b0;  1 drivers
v0000011eec91e350_0 .net *"_ivl_108", 0 0, L_0000011eec9713c0;  1 drivers
v0000011eec91e990_0 .net *"_ivl_11", 0 0, L_0000011eec96fc50;  1 drivers
o0000011eec8b9f28 .functor BUFZ 32, C4<zzzzzzzzzzzzzzzzzzzzzzzzzzzzzzzz>; HiZ drive
; Elide local net with no drivers, v0000011eec91def0_0 name=_ivl_110
v0000011eec91ea30_0 .net *"_ivl_115", 0 0, L_0000011eec96f930;  1 drivers
v0000011eec91d6d0_0 .net *"_ivl_116", 31 0, L_0000011eec971430;  1 drivers
v0000011eec91e030_0 .net *"_ivl_118", 31 0, L_0000011eec9714a0;  1 drivers
o0000011eec8b9fe8 .functor BUFZ 32, C4<zzzzzzzzzzzzzzzzzzzzzzzzzzzzzzzz>; HiZ drive
; Elide local net with no drivers, v0000011eec91d590_0 name=_ivl_120
v0000011eec91db30_0 .net *"_ivl_13", 1 0, L_0000011eec96fcf0;  1 drivers
v0000011eec91ead0_0 .net *"_ivl_15", 0 0, L_0000011eec9700b0;  1 drivers
v0000011eec91eb70_0 .net *"_ivl_16", 0 0, L_0000011eec965080;  1 drivers
v0000011eec91e3f0_0 .net *"_ivl_18", 0 0, L_0000011eec9650f0;  1 drivers
v0000011eec91ecb0_0 .net *"_ivl_2", 0 0, L_0000011eec964fa0;  1 drivers
v0000011eec91df90_0 .net *"_ivl_20", 31 0, L_0000011eec972000;  1 drivers
o0000011eec8ba138 .functor BUFZ 32, C4<zzzzzzzzzzzzzzzzzzzzzzzzzzzzzzzz>; HiZ drive
; Elide local net with no drivers, v0000011eec91e0d0_0 name=_ivl_22
v0000011eec91d130_0 .net *"_ivl_27", 0 0, L_0000011eec96f390;  1 drivers
v0000011eec91e170_0 .net *"_ivl_29", 0 0, L_0000011eec96f7f0;  1 drivers
v0000011eec91e210_0 .net *"_ivl_30", 0 0, L_0000011eec971510;  1 drivers
v0000011eec91e490_0 .net *"_ivl_32", 0 0, L_0000011eec9712e0;  1 drivers
v0000011eec91d770_0 .net *"_ivl_35", 0 0, L_0000011eec96da90;  1 drivers
v0000011eec91d3b0_0 .net *"_ivl_36", 0 0, L_0000011eec971e40;  1 drivers
v0000011eec91ed50_0 .net *"_ivl_38", 0 0, L_0000011eec971820;  1 drivers
v0000011eec91edf0_0 .net *"_ivl_4", 31 0, L_0000011eec965010;  1 drivers
v0000011eec91ee90_0 .net *"_ivl_40", 31 0, L_0000011eec971580;  1 drivers
v0000011eec91d810_0 .net *"_ivl_42", 31 0, L_0000011eec972150;  1 drivers
o0000011eec8ba348 .functor BUFZ 32, C4<zzzzzzzzzzzzzzzzzzzzzzzzzzzzzzzz>; HiZ drive
; Elide local net with no drivers, v0000011eec91cff0_0 name=_ivl_44
v0000011eec91d450_0 .net *"_ivl_49", 0 0, L_0000011eec96d450;  1 drivers
v0000011eec91d1d0_0 .net *"_ivl_50", 0 0, L_0000011eec971890;  1 drivers
v0000011eec91d4f0_0 .net *"_ivl_53", 1 0, L_0000011eec96d9f0;  1 drivers
v0000011eec91d8b0_0 .net *"_ivl_55", 0 0, L_0000011eec96d4f0;  1 drivers
v0000011eec962410_0 .net *"_ivl_56", 0 0, L_0000011eec971350;  1 drivers
v0000011eec960c50_0 .net *"_ivl_58", 31 0, L_0000011eec9720e0;  1 drivers
o0000011eec8ba498 .functor BUFZ 32, C4<zzzzzzzzzzzzzzzzzzzzzzzzzzzzzzzz>; HiZ drive
; Elide local net with no drivers, v0000011eec961d30_0 name=_ivl_6
o0000011eec8ba4c8 .functor BUFZ 32, C4<zzzzzzzzzzzzzzzzzzzzzzzzzzzzzzzz>; HiZ drive
; Elide local net with no drivers, v0000011eec961470_0 name=_ivl_60
v0000011eec962550_0 .net *"_ivl_65", 0 0, L_0000011eec96d770;  1 drivers
v0000011eec9606b0_0 .net *"_ivl_67", 1 0, L_0000011eec96dbd0;  1 drivers
v0000011eec9616f0_0 .net *"_ivl_69", 0 0, L_0000011eec96d270;  1 drivers
v0000011eec9607f0_0 .net *"_ivl_70", 0 0, L_0000011eec971b30;  1 drivers
v0000011eec960cf0_0 .net *"_ivl_72", 0 0, L_0000011eec971eb0;  1 drivers
v0000011eec9602f0_0 .net *"_ivl_74", 31 0, L_0000011eec971f90;  1 drivers
o0000011eec8ba618 .functor BUFZ 32, C4<zzzzzzzzzzzzzzzzzzzzzzzzzzzzzzzz>; HiZ drive
; Elide local net with no drivers, v0000011eec9625f0_0 name=_ivl_76
v0000011eec960bb0_0 .net *"_ivl_81", 0 0, L_0000011eec96f430;  1 drivers
v0000011eec962230_0 .net *"_ivl_83", 0 0, L_0000011eec96dc70;  1 drivers
v0000011eec962690_0 .net *"_ivl_84", 0 0, L_0000011eec971f20;  1 drivers
v0000011eec962730_0 .net *"_ivl_86", 0 0, L_0000011eec971660;  1 drivers
v0000011eec9620f0_0 .net *"_ivl_89", 0 0, L_0000011eec96efd0;  1 drivers
v0000011eec961830_0 .net *"_ivl_90", 0 0, L_0000011eec971970;  1 drivers
v0000011eec961f10_0 .net *"_ivl_92", 31 0, L_0000011eec972070;  1 drivers
v0000011eec961510_0 .net *"_ivl_94", 31 0, L_0000011eec971270;  1 drivers
o0000011eec8ba7c8 .functor BUFZ 32, C4<zzzzzzzzzzzzzzzzzzzzzzzzzzzzzzzz>; HiZ drive
; Elide local net with no drivers, v0000011eec9622d0_0 name=_ivl_96
v0000011eec962050_0 .net "cmp", 31 0, L_0000011eec970830;  1 drivers
v0000011eec962910_0 .net "operation", 2 0, v0000011eec961790_0;  1 drivers
L_0000011eec970dd0 .reduce/or v0000011eec961790_0;
L_0000011eec96fb10 .functor MUXZ 32, o0000011eec8ba498, L_0000011eec965010, L_0000011eec964fa0, C4<>;
L_0000011eec96fc50 .part v0000011eec961790_0, 0, 1;
L_0000011eec96fcf0 .part v0000011eec961790_0, 1, 2;
L_0000011eec9700b0 .reduce/or L_0000011eec96fcf0;
L_0000011eec96ed50 .functor MUXZ 32, o0000011eec8ba138, L_0000011eec972000, L_0000011eec9650f0, C4<>;
L_0000011eec96f390 .part v0000011eec961790_0, 1, 1;
L_0000011eec96f7f0 .part v0000011eec961790_0, 0, 1;
L_0000011eec96da90 .part v0000011eec961790_0, 2, 1;
L_0000011eec96d310 .functor MUXZ 32, o0000011eec8ba348, L_0000011eec972150, L_0000011eec971820, C4<>;
L_0000011eec96d450 .part v0000011eec961790_0, 2, 1;
L_0000011eec96d9f0 .part v0000011eec961790_0, 0, 2;
L_0000011eec96d4f0 .reduce/and L_0000011eec96d9f0;
L_0000011eec96e210 .functor MUXZ 32, o0000011eec8ba4c8, L_0000011eec9720e0, L_0000011eec971350, C4<>;
L_0000011eec96d770 .part v0000011eec961790_0, 2, 1;
L_0000011eec96dbd0 .part v0000011eec961790_0, 0, 2;
L_0000011eec96d270 .reduce/or L_0000011eec96dbd0;
L_0000011eec96db30 .functor MUXZ 32, o0000011eec8ba618, L_0000011eec971f90, L_0000011eec971eb0, C4<>;
L_0000011eec96f430 .part v0000011eec961790_0, 2, 1;
L_0000011eec96dc70 .part v0000011eec961790_0, 1, 1;
L_0000011eec96efd0 .part v0000011eec961790_0, 0, 1;
L_0000011eec96def0 .functor MUXZ 32, o0000011eec8ba7c8, L_0000011eec971270, L_0000011eec971970, C4<>;
L_0000011eec96ddb0 .part v0000011eec961790_0, 1, 2;
L_0000011eec96d3b0 .reduce/and L_0000011eec96ddb0;
L_0000011eec96d6d0 .part v0000011eec961790_0, 0, 1;
L_0000011eec96e710 .functor MUXZ 32, o0000011eec8b9f28, L_0000011eec970830, L_0000011eec9713c0, C4<>;
L_0000011eec96f930 .reduce/and v0000011eec961790_0;
L_0000011eec96e350 .functor MUXZ 32, o0000011eec8b9fe8, L_0000011eec9714a0, L_0000011eec96f930, C4<>;
S_0000011eec868150 .scope module, "tc" "twocmp" 2 7, 2 20 0, S_0000011eec867fc0;
 .timescale 0 0;
    .port_info 0 /INPUT 32 "A";
    .port_info 1 /OUTPUT 32 "B";
v0000011eec91e2b0_0 .net "A", 31 0, v0000011eec9624b0_0;  alias, 1 drivers
v0000011eec91e5d0_0 .net "B", 31 0, L_0000011eec970830;  alias, 1 drivers
L_0000011eec9627d0 .part v0000011eec9624b0_0, 0, 1;
L_0000011eec962870 .part v0000011eec9624b0_0, 0, 1;
L_0000011eec962a50 .part v0000011eec9624b0_0, 1, 1;
L_0000011eec961290 .part v0000011eec9624b0_0, 1, 1;
L_0000011eec962190 .part v0000011eec9624b0_0, 0, 2;
L_0000011eec960890 .part v0000011eec9624b0_0, 2, 1;
L_0000011eec960430 .part v0000011eec9624b0_0, 2, 1;
L_0000011eec961970 .part v0000011eec9624b0_0, 0, 3;
L_0000011eec960930 .part v0000011eec9624b0_0, 3, 1;
L_0000011eec9604d0 .part v0000011eec9624b0_0, 3, 1;
L_0000011eec961a10 .part v0000011eec9624b0_0, 0, 4;
L_0000011eec9609d0 .part v0000011eec9624b0_0, 4, 1;
L_0000011eec960610 .part v0000011eec9624b0_0, 4, 1;
L_0000011eec961650 .part v0000011eec9624b0_0, 0, 5;
L_0000011eec960d90 .part v0000011eec9624b0_0, 5, 1;
L_0000011eec960e30 .part v0000011eec9624b0_0, 5, 1;
L_0000011eec9613d0 .part v0000011eec9624b0_0, 0, 6;
L_0000011eec961c90 .part v0000011eec9624b0_0, 6, 1;
L_0000011eec960f70 .part v0000011eec9624b0_0, 6, 1;
L_0000011eec961010 .part v0000011eec9624b0_0, 0, 7;
L_0000011eec961150 .part v0000011eec9624b0_0, 7, 1;
L_0000011eec961ab0 .part v0000011eec9624b0_0, 7, 1;
L_0000011eec961dd0 .part v0000011eec9624b0_0, 0, 8;
L_0000011eec9636d0 .part v0000011eec9624b0_0, 8, 1;
L_0000011eec962af0 .part v0000011eec9624b0_0, 8, 1;
L_0000011eec963db0 .part v0000011eec9624b0_0, 0, 9;
L_0000011eec963a90 .part v0000011eec9624b0_0, 9, 1;
L_0000011eec962b90 .part v0000011eec9624b0_0, 9, 1;
L_0000011eec9638b0 .part v0000011eec9624b0_0, 0, 10;
L_0000011eec963c70 .part v0000011eec9624b0_0, 10, 1;
L_0000011eec963810 .part v0000011eec9624b0_0, 10, 1;
L_0000011eec963b30 .part v0000011eec9624b0_0, 0, 11;
L_0000011eec963630 .part v0000011eec9624b0_0, 11, 1;
L_0000011eec963e50 .part v0000011eec9624b0_0, 11, 1;
L_0000011eec963130 .part v0000011eec9624b0_0, 0, 12;
L_0000011eec963950 .part v0000011eec9624b0_0, 12, 1;
L_0000011eec963090 .part v0000011eec9624b0_0, 12, 1;
L_0000011eec962c30 .part v0000011eec9624b0_0, 0, 13;
L_0000011eec963270 .part v0000011eec9624b0_0, 13, 1;
L_0000011eec963310 .part v0000011eec9624b0_0, 13, 1;
L_0000011eec9639f0 .part v0000011eec9624b0_0, 0, 14;
L_0000011eec963bd0 .part v0000011eec9624b0_0, 14, 1;
L_0000011eec963f90 .part v0000011eec9624b0_0, 14, 1;
L_0000011eec962e10 .part v0000011eec9624b0_0, 0, 15;
L_0000011eec962f50 .part v0000011eec9624b0_0, 15, 1;
L_0000011eec9631d0 .part v0000011eec9624b0_0, 15, 1;
L_0000011eec96a880 .part v0000011eec9624b0_0, 0, 16;
L_0000011eec96ac40 .part v0000011eec9624b0_0, 16, 1;
L_0000011eec96b000 .part v0000011eec9624b0_0, 16, 1;
L_0000011eec969e80 .part v0000011eec9624b0_0, 0, 17;
L_0000011eec96aba0 .part v0000011eec9624b0_0, 17, 1;
L_0000011eec96a560 .part v0000011eec9624b0_0, 17, 1;
L_0000011eec969b60 .part v0000011eec9624b0_0, 0, 18;
L_0000011eec96a380 .part v0000011eec9624b0_0, 18, 1;
L_0000011eec96a920 .part v0000011eec9624b0_0, 18, 1;
L_0000011eec96a1a0 .part v0000011eec9624b0_0, 0, 19;
L_0000011eec96a100 .part v0000011eec9624b0_0, 19, 1;
L_0000011eec96ab00 .part v0000011eec9624b0_0, 19, 1;
L_0000011eec9697a0 .part v0000011eec9624b0_0, 0, 20;
L_0000011eec9695c0 .part v0000011eec9624b0_0, 20, 1;
L_0000011eec96a2e0 .part v0000011eec9624b0_0, 20, 1;
L_0000011eec96b280 .part v0000011eec9624b0_0, 0, 21;
L_0000011eec969840 .part v0000011eec9624b0_0, 21, 1;
L_0000011eec96a4c0 .part v0000011eec9624b0_0, 21, 1;
L_0000011eec9698e0 .part v0000011eec9624b0_0, 0, 22;
L_0000011eec96ad80 .part v0000011eec9624b0_0, 22, 1;
L_0000011eec96ace0 .part v0000011eec9624b0_0, 22, 1;
L_0000011eec96af60 .part v0000011eec9624b0_0, 0, 23;
L_0000011eec96a740 .part v0000011eec9624b0_0, 23, 1;
L_0000011eec96aa60 .part v0000011eec9624b0_0, 23, 1;
L_0000011eec96b320 .part v0000011eec9624b0_0, 0, 24;
L_0000011eec96b0a0 .part v0000011eec9624b0_0, 24, 1;
L_0000011eec96b140 .part v0000011eec9624b0_0, 24, 1;
L_0000011eec969a20 .part v0000011eec9624b0_0, 0, 25;
L_0000011eec969520 .part v0000011eec9624b0_0, 25, 1;
L_0000011eec969ac0 .part v0000011eec9624b0_0, 25, 1;
L_0000011eec970790 .part v0000011eec9624b0_0, 0, 26;
L_0000011eec96fe30 .part v0000011eec9624b0_0, 26, 1;
L_0000011eec970330 .part v0000011eec9624b0_0, 26, 1;
L_0000011eec970290 .part v0000011eec9624b0_0, 0, 27;
L_0000011eec970650 .part v0000011eec9624b0_0, 27, 1;
L_0000011eec9705b0 .part v0000011eec9624b0_0, 27, 1;
L_0000011eec96ff70 .part v0000011eec9624b0_0, 0, 28;
L_0000011eec970150 .part v0000011eec9624b0_0, 28, 1;
L_0000011eec9701f0 .part v0000011eec9624b0_0, 28, 1;
L_0000011eec96fa70 .part v0000011eec9624b0_0, 0, 29;
L_0000011eec96fd90 .part v0000011eec9624b0_0, 29, 1;
L_0000011eec970970 .part v0000011eec9624b0_0, 29, 1;
L_0000011eec9703d0 .part v0000011eec9624b0_0, 0, 30;
L_0000011eec9706f0 .part v0000011eec9624b0_0, 30, 1;
L_0000011eec970010 .part v0000011eec9624b0_0, 30, 1;
LS_0000011eec970830_0_0 .concat8 [ 1 1 1 1], L_0000011eec9627d0, L_0000011eec960750, L_0000011eec9618d0, L_0000011eec960570;
LS_0000011eec970830_0_4 .concat8 [ 1 1 1 1], L_0000011eec9615b0, L_0000011eec961330, L_0000011eec961bf0, L_0000011eec9611f0;
LS_0000011eec970830_0_8 .concat8 [ 1 1 1 1], L_0000011eec962ff0, L_0000011eec963590, L_0000011eec962cd0, L_0000011eec964170;
LS_0000011eec970830_0_12 .concat8 [ 1 1 1 1], L_0000011eec963450, L_0000011eec962d70, L_0000011eec964030, L_0000011eec969de0;
LS_0000011eec970830_0_16 .concat8 [ 1 1 1 1], L_0000011eec969660, L_0000011eec969fc0, L_0000011eec969c00, L_0000011eec969ca0;
LS_0000011eec970830_0_20 .concat8 [ 1 1 1 1], L_0000011eec96a7e0, L_0000011eec96a600, L_0000011eec96a9c0, L_0000011eec96ae20;
LS_0000011eec970830_0_24 .concat8 [ 1 1 1 1], L_0000011eec96b1e0, L_0000011eec970510, L_0000011eec96fed0, L_0000011eec970b50;
LS_0000011eec970830_0_28 .concat8 [ 1 1 1 1], L_0000011eec970f10, L_0000011eec970fb0, L_0000011eec970e70, L_0000011eec970d30;
LS_0000011eec970830_1_0 .concat8 [ 4 4 4 4], LS_0000011eec970830_0_0, LS_0000011eec970830_0_4, LS_0000011eec970830_0_8, LS_0000011eec970830_0_12;
LS_0000011eec970830_1_4 .concat8 [ 4 4 4 4], LS_0000011eec970830_0_16, LS_0000011eec970830_0_20, LS_0000011eec970830_0_24, LS_0000011eec970830_0_28;
L_0000011eec970830 .concat8 [ 16 16 0 0], LS_0000011eec970830_1_0, LS_0000011eec970830_1_4;
L_0000011eec970a10 .part v0000011eec9624b0_0, 0, 31;
L_0000011eec970c90 .part v0000011eec9624b0_0, 31, 1;
L_0000011eec970bf0 .part v0000011eec9624b0_0, 31, 1;
S_0000011eec8682e0 .scope generate, "genblk1[0]" "genblk1[0]" 2 24, 2 24 0, S_0000011eec868150;
 .timescale 0 0;
P_0000011eec8a8ef0 .param/l "i" 0 2 24, +C4<00>;
S_0000011eec86b8b0 .scope generate, "genblk2" "genblk2" 2 26, 2 26 0, S_0000011eec8682e0;
 .timescale 0 0;
v0000011eec8ad5a0_0 .net *"_ivl_0", 0 0, L_0000011eec9627d0;  1 drivers
S_0000011eec86ba40 .scope generate, "genblk1[1]" "genblk1[1]" 2 24, 2 24 0, S_0000011eec868150;
 .timescale 0 0;
P_0000011eec8a88f0 .param/l "i" 0 2 24, +C4<01>;
S_0000011eec86bbd0 .scope generate, "genblk3" "genblk3" 2 26, 2 26 0, S_0000011eec86ba40;
 .timescale 0 0;
L_0000011eec965160 .functor NOT 1, L_0000011eec962a50, C4<0>, C4<0>, C4<0>;
v0000011eec8ad3c0_0 .net *"_ivl_0", 0 0, L_0000011eec962870;  1 drivers
v0000011eec8acec0_0 .net *"_ivl_2", 0 0, L_0000011eec960a70;  1 drivers
v0000011eec8ae180_0 .net *"_ivl_3", 0 0, L_0000011eec962a50;  1 drivers
v0000011eec8adbe0_0 .net *"_ivl_4", 0 0, L_0000011eec965160;  1 drivers
v0000011eec8adc80_0 .net *"_ivl_6", 0 0, L_0000011eec961290;  1 drivers
v0000011eec8acf60_0 .net *"_ivl_7", 0 0, L_0000011eec960750;  1 drivers
L_0000011eec960a70 .reduce/or L_0000011eec962870;
L_0000011eec960750 .functor MUXZ 1, L_0000011eec961290, L_0000011eec965160, L_0000011eec960a70, C4<>;
S_0000011eec8b6f40 .scope generate, "genblk1[2]" "genblk1[2]" 2 24, 2 24 0, S_0000011eec868150;
 .timescale 0 0;
P_0000011eec8a8a70 .param/l "i" 0 2 24, +C4<010>;
S_0000011eec8b70d0 .scope generate, "genblk3" "genblk3" 2 26, 2 26 0, S_0000011eec8b6f40;
 .timescale 0 0;
L_0000011eec964e50 .functor NOT 1, L_0000011eec960890, C4<0>, C4<0>, C4<0>;
v0000011eec8ad960_0 .net *"_ivl_0", 1 0, L_0000011eec962190;  1 drivers
v0000011eec8add20_0 .net *"_ivl_2", 0 0, L_0000011eec960390;  1 drivers
v0000011eec8ada00_0 .net *"_ivl_3", 0 0, L_0000011eec960890;  1 drivers
v0000011eec8ad320_0 .net *"_ivl_4", 0 0, L_0000011eec964e50;  1 drivers
v0000011eec8ae5e0_0 .net *"_ivl_6", 0 0, L_0000011eec960430;  1 drivers
v0000011eec8ad0a0_0 .net *"_ivl_7", 0 0, L_0000011eec9618d0;  1 drivers
L_0000011eec960390 .reduce/or L_0000011eec962190;
L_0000011eec9618d0 .functor MUXZ 1, L_0000011eec960430, L_0000011eec964e50, L_0000011eec960390, C4<>;
S_0000011eec8b7260 .scope generate, "genblk1[3]" "genblk1[3]" 2 24, 2 24 0, S_0000011eec868150;
 .timescale 0 0;
P_0000011eec8a89b0 .param/l "i" 0 2 24, +C4<011>;
S_0000011eec90e030 .scope generate, "genblk3" "genblk3" 2 26, 2 26 0, S_0000011eec8b7260;
 .timescale 0 0;
L_0000011eec964440 .functor NOT 1, L_0000011eec960930, C4<0>, C4<0>, C4<0>;
v0000011eec8addc0_0 .net *"_ivl_0", 2 0, L_0000011eec961970;  1 drivers
v0000011eec8ad140_0 .net *"_ivl_2", 0 0, L_0000011eec961b50;  1 drivers
v0000011eec8adf00_0 .net *"_ivl_3", 0 0, L_0000011eec960930;  1 drivers
v0000011eec8ae220_0 .net *"_ivl_4", 0 0, L_0000011eec964440;  1 drivers
v0000011eec8ac740_0 .net *"_ivl_6", 0 0, L_0000011eec9604d0;  1 drivers
v0000011eec8ad280_0 .net *"_ivl_7", 0 0, L_0000011eec960570;  1 drivers
L_0000011eec961b50 .reduce/or L_0000011eec961970;
L_0000011eec960570 .functor MUXZ 1, L_0000011eec9604d0, L_0000011eec964440, L_0000011eec961b50, C4<>;
S_0000011eec90e1c0 .scope generate, "genblk1[4]" "genblk1[4]" 2 24, 2 24 0, S_0000011eec868150;
 .timescale 0 0;
P_0000011eec8aa0f0 .param/l "i" 0 2 24, +C4<0100>;
S_0000011eec90e350 .scope generate, "genblk3" "genblk3" 2 26, 2 26 0, S_0000011eec90e1c0;
 .timescale 0 0;
L_0000011eec964ad0 .functor NOT 1, L_0000011eec9609d0, C4<0>, C4<0>, C4<0>;
v0000011eec8ae360_0 .net *"_ivl_0", 3 0, L_0000011eec961a10;  1 drivers
v0000011eec8ae400_0 .net *"_ivl_2", 0 0, L_0000011eec961fb0;  1 drivers
v0000011eec8ae4a0_0 .net *"_ivl_3", 0 0, L_0000011eec9609d0;  1 drivers
v0000011eec8ae540_0 .net *"_ivl_4", 0 0, L_0000011eec964ad0;  1 drivers
v0000011eec87aa40_0 .net *"_ivl_6", 0 0, L_0000011eec960610;  1 drivers
v0000011eec889340_0 .net *"_ivl_7", 0 0, L_0000011eec9615b0;  1 drivers
L_0000011eec961fb0 .reduce/or L_0000011eec961a10;
L_0000011eec9615b0 .functor MUXZ 1, L_0000011eec960610, L_0000011eec964ad0, L_0000011eec961fb0, C4<>;
S_0000011eec90e4e0 .scope generate, "genblk1[5]" "genblk1[5]" 2 24, 2 24 0, S_0000011eec868150;
 .timescale 0 0;
P_0000011eec8a9ef0 .param/l "i" 0 2 24, +C4<0101>;
S_0000011eec90e670 .scope generate, "genblk3" "genblk3" 2 26, 2 26 0, S_0000011eec90e4e0;
 .timescale 0 0;
L_0000011eec9651d0 .functor NOT 1, L_0000011eec960d90, C4<0>, C4<0>, C4<0>;
v0000011eec872670_0 .net *"_ivl_0", 4 0, L_0000011eec961650;  1 drivers
v0000011eec9103d0_0 .net *"_ivl_2", 0 0, L_0000011eec960b10;  1 drivers
v0000011eec90ef30_0 .net *"_ivl_3", 0 0, L_0000011eec960d90;  1 drivers
v0000011eec90f250_0 .net *"_ivl_4", 0 0, L_0000011eec9651d0;  1 drivers
v0000011eec90ee90_0 .net *"_ivl_6", 0 0, L_0000011eec960e30;  1 drivers
v0000011eec90fb10_0 .net *"_ivl_7", 0 0, L_0000011eec961330;  1 drivers
L_0000011eec960b10 .reduce/or L_0000011eec961650;
L_0000011eec961330 .functor MUXZ 1, L_0000011eec960e30, L_0000011eec9651d0, L_0000011eec960b10, C4<>;
S_0000011eec910810 .scope generate, "genblk1[6]" "genblk1[6]" 2 24, 2 24 0, S_0000011eec868150;
 .timescale 0 0;
P_0000011eec8a9cb0 .param/l "i" 0 2 24, +C4<0110>;
S_0000011eec9109a0 .scope generate, "genblk3" "genblk3" 2 26, 2 26 0, S_0000011eec910810;
 .timescale 0 0;
L_0000011eec964600 .functor NOT 1, L_0000011eec961c90, C4<0>, C4<0>, C4<0>;
v0000011eec90f110_0 .net *"_ivl_0", 5 0, L_0000011eec9613d0;  1 drivers
v0000011eec90f430_0 .net *"_ivl_2", 0 0, L_0000011eec960ed0;  1 drivers
v0000011eec90f070_0 .net *"_ivl_3", 0 0, L_0000011eec961c90;  1 drivers
v0000011eec90ff70_0 .net *"_ivl_4", 0 0, L_0000011eec964600;  1 drivers
v0000011eec9101f0_0 .net *"_ivl_6", 0 0, L_0000011eec960f70;  1 drivers
v0000011eec910150_0 .net *"_ivl_7", 0 0, L_0000011eec961bf0;  1 drivers
L_0000011eec960ed0 .reduce/or L_0000011eec9613d0;
L_0000011eec961bf0 .functor MUXZ 1, L_0000011eec960f70, L_0000011eec964600, L_0000011eec960ed0, C4<>;
S_0000011eec910d10 .scope generate, "genblk1[7]" "genblk1[7]" 2 24, 2 24 0, S_0000011eec868150;
 .timescale 0 0;
P_0000011eec8aa070 .param/l "i" 0 2 24, +C4<0111>;
S_0000011eec911800 .scope generate, "genblk3" "genblk3" 2 26, 2 26 0, S_0000011eec910d10;
 .timescale 0 0;
L_0000011eec964360 .functor NOT 1, L_0000011eec961150, C4<0>, C4<0>, C4<0>;
v0000011eec90f570_0 .net *"_ivl_0", 6 0, L_0000011eec961010;  1 drivers
v0000011eec90f390_0 .net *"_ivl_2", 0 0, L_0000011eec9610b0;  1 drivers
v0000011eec90f4d0_0 .net *"_ivl_3", 0 0, L_0000011eec961150;  1 drivers
v0000011eec90f6b0_0 .net *"_ivl_4", 0 0, L_0000011eec964360;  1 drivers
v0000011eec910290_0 .net *"_ivl_6", 0 0, L_0000011eec961ab0;  1 drivers
v0000011eec90fbb0_0 .net *"_ivl_7", 0 0, L_0000011eec9611f0;  1 drivers
L_0000011eec9610b0 .reduce/or L_0000011eec961010;
L_0000011eec9611f0 .functor MUXZ 1, L_0000011eec961ab0, L_0000011eec964360, L_0000011eec9610b0, C4<>;
S_0000011eec910b80 .scope generate, "genblk1[8]" "genblk1[8]" 2 24, 2 24 0, S_0000011eec868150;
 .timescale 0 0;
P_0000011eec8aa530 .param/l "i" 0 2 24, +C4<01000>;
S_0000011eec911990 .scope generate, "genblk3" "genblk3" 2 26, 2 26 0, S_0000011eec910b80;
 .timescale 0 0;
L_0000011eec9647c0 .functor NOT 1, L_0000011eec9636d0, C4<0>, C4<0>, C4<0>;
v0000011eec90e8f0_0 .net *"_ivl_0", 7 0, L_0000011eec961dd0;  1 drivers
v0000011eec90eb70_0 .net *"_ivl_2", 0 0, L_0000011eec961e70;  1 drivers
v0000011eec90f610_0 .net *"_ivl_3", 0 0, L_0000011eec9636d0;  1 drivers
v0000011eec910330_0 .net *"_ivl_4", 0 0, L_0000011eec9647c0;  1 drivers
v0000011eec90f2f0_0 .net *"_ivl_6", 0 0, L_0000011eec962af0;  1 drivers
v0000011eec910470_0 .net *"_ivl_7", 0 0, L_0000011eec962ff0;  1 drivers
L_0000011eec961e70 .reduce/or L_0000011eec961dd0;
L_0000011eec962ff0 .functor MUXZ 1, L_0000011eec962af0, L_0000011eec9647c0, L_0000011eec961e70, C4<>;
S_0000011eec911350 .scope generate, "genblk1[9]" "genblk1[9]" 2 24, 2 24 0, S_0000011eec868150;
 .timescale 0 0;
P_0000011eec8a9cf0 .param/l "i" 0 2 24, +C4<01001>;
S_0000011eec911670 .scope generate, "genblk3" "genblk3" 2 26, 2 26 0, S_0000011eec911350;
 .timescale 0 0;
L_0000011eec964670 .functor NOT 1, L_0000011eec963a90, C4<0>, C4<0>, C4<0>;
v0000011eec90f750_0 .net *"_ivl_0", 8 0, L_0000011eec963db0;  1 drivers
v0000011eec90efd0_0 .net *"_ivl_2", 0 0, L_0000011eec9640d0;  1 drivers
v0000011eec90fe30_0 .net *"_ivl_3", 0 0, L_0000011eec963a90;  1 drivers
v0000011eec90f1b0_0 .net *"_ivl_4", 0 0, L_0000011eec964670;  1 drivers
v0000011eec90ecb0_0 .net *"_ivl_6", 0 0, L_0000011eec962b90;  1 drivers
v0000011eec910510_0 .net *"_ivl_7", 0 0, L_0000011eec963590;  1 drivers
L_0000011eec9640d0 .reduce/or L_0000011eec963db0;
L_0000011eec963590 .functor MUXZ 1, L_0000011eec962b90, L_0000011eec964670, L_0000011eec9640d0, C4<>;
S_0000011eec910ea0 .scope generate, "genblk1[10]" "genblk1[10]" 2 24, 2 24 0, S_0000011eec868150;
 .timescale 0 0;
P_0000011eec8aa1f0 .param/l "i" 0 2 24, +C4<01010>;
S_0000011eec911030 .scope generate, "genblk3" "genblk3" 2 26, 2 26 0, S_0000011eec910ea0;
 .timescale 0 0;
L_0000011eec9646e0 .functor NOT 1, L_0000011eec963c70, C4<0>, C4<0>, C4<0>;
v0000011eec90ec10_0 .net *"_ivl_0", 9 0, L_0000011eec9638b0;  1 drivers
v0000011eec9100b0_0 .net *"_ivl_2", 0 0, L_0000011eec963770;  1 drivers
v0000011eec90fc50_0 .net *"_ivl_3", 0 0, L_0000011eec963c70;  1 drivers
v0000011eec910010_0 .net *"_ivl_4", 0 0, L_0000011eec9646e0;  1 drivers
v0000011eec90f7f0_0 .net *"_ivl_6", 0 0, L_0000011eec963810;  1 drivers
v0000011eec9105b0_0 .net *"_ivl_7", 0 0, L_0000011eec962cd0;  1 drivers
L_0000011eec963770 .reduce/or L_0000011eec9638b0;
L_0000011eec962cd0 .functor MUXZ 1, L_0000011eec963810, L_0000011eec9646e0, L_0000011eec963770, C4<>;
S_0000011eec9111c0 .scope generate, "genblk1[11]" "genblk1[11]" 2 24, 2 24 0, S_0000011eec868150;
 .timescale 0 0;
P_0000011eec8aa2f0 .param/l "i" 0 2 24, +C4<01011>;
S_0000011eec9114e0 .scope generate, "genblk3" "genblk3" 2 26, 2 26 0, S_0000011eec9111c0;
 .timescale 0 0;
L_0000011eec964c20 .functor NOT 1, L_0000011eec963630, C4<0>, C4<0>, C4<0>;
v0000011eec910650_0 .net *"_ivl_0", 10 0, L_0000011eec963b30;  1 drivers
v0000011eec9106f0_0 .net *"_ivl_2", 0 0, L_0000011eec963d10;  1 drivers
v0000011eec90f890_0 .net *"_ivl_3", 0 0, L_0000011eec963630;  1 drivers
v0000011eec90e850_0 .net *"_ivl_4", 0 0, L_0000011eec964c20;  1 drivers
v0000011eec90e990_0 .net *"_ivl_6", 0 0, L_0000011eec963e50;  1 drivers
v0000011eec90fcf0_0 .net *"_ivl_7", 0 0, L_0000011eec964170;  1 drivers
L_0000011eec963d10 .reduce/or L_0000011eec963b30;
L_0000011eec964170 .functor MUXZ 1, L_0000011eec963e50, L_0000011eec964c20, L_0000011eec963d10, C4<>;
S_0000011eec9151f0 .scope generate, "genblk1[12]" "genblk1[12]" 2 24, 2 24 0, S_0000011eec868150;
 .timescale 0 0;
P_0000011eec8a99b0 .param/l "i" 0 2 24, +C4<01100>;
S_0000011eec915e70 .scope generate, "genblk3" "genblk3" 2 26, 2 26 0, S_0000011eec9151f0;
 .timescale 0 0;
L_0000011eec964750 .functor NOT 1, L_0000011eec963950, C4<0>, C4<0>, C4<0>;
v0000011eec90ea30_0 .net *"_ivl_0", 11 0, L_0000011eec963130;  1 drivers
v0000011eec90f930_0 .net *"_ivl_2", 0 0, L_0000011eec9633b0;  1 drivers
v0000011eec90fed0_0 .net *"_ivl_3", 0 0, L_0000011eec963950;  1 drivers
v0000011eec90f9d0_0 .net *"_ivl_4", 0 0, L_0000011eec964750;  1 drivers
v0000011eec90fa70_0 .net *"_ivl_6", 0 0, L_0000011eec963090;  1 drivers
v0000011eec90ead0_0 .net *"_ivl_7", 0 0, L_0000011eec963450;  1 drivers
L_0000011eec9633b0 .reduce/or L_0000011eec963130;
L_0000011eec963450 .functor MUXZ 1, L_0000011eec963090, L_0000011eec964750, L_0000011eec9633b0, C4<>;
S_0000011eec9159c0 .scope generate, "genblk1[13]" "genblk1[13]" 2 24, 2 24 0, S_0000011eec868150;
 .timescale 0 0;
P_0000011eec8aa330 .param/l "i" 0 2 24, +C4<01101>;
S_0000011eec916000 .scope generate, "genblk3" "genblk3" 2 26, 2 26 0, S_0000011eec9159c0;
 .timescale 0 0;
L_0000011eec9649f0 .functor NOT 1, L_0000011eec963270, C4<0>, C4<0>, C4<0>;
v0000011eec90ed50_0 .net *"_ivl_0", 12 0, L_0000011eec962c30;  1 drivers
v0000011eec90fd90_0 .net *"_ivl_2", 0 0, L_0000011eec9634f0;  1 drivers
v0000011eec90edf0_0 .net *"_ivl_3", 0 0, L_0000011eec963270;  1 drivers
v0000011eec9184c0_0 .net *"_ivl_4", 0 0, L_0000011eec9649f0;  1 drivers
v0000011eec917660_0 .net *"_ivl_6", 0 0, L_0000011eec963310;  1 drivers
v0000011eec9175c0_0 .net *"_ivl_7", 0 0, L_0000011eec962d70;  1 drivers
L_0000011eec9634f0 .reduce/or L_0000011eec962c30;
L_0000011eec962d70 .functor MUXZ 1, L_0000011eec963310, L_0000011eec9649f0, L_0000011eec9634f0, C4<>;
S_0000011eec915b50 .scope generate, "genblk1[14]" "genblk1[14]" 2 24, 2 24 0, S_0000011eec868150;
 .timescale 0 0;
P_0000011eec8aa3b0 .param/l "i" 0 2 24, +C4<01110>;
S_0000011eec915510 .scope generate, "genblk3" "genblk3" 2 26, 2 26 0, S_0000011eec915b50;
 .timescale 0 0;
L_0000011eec964f30 .functor NOT 1, L_0000011eec963bd0, C4<0>, C4<0>, C4<0>;
v0000011eec918560_0 .net *"_ivl_0", 13 0, L_0000011eec9639f0;  1 drivers
v0000011eec917840_0 .net *"_ivl_2", 0 0, L_0000011eec963ef0;  1 drivers
v0000011eec917ac0_0 .net *"_ivl_3", 0 0, L_0000011eec963bd0;  1 drivers
v0000011eec916d00_0 .net *"_ivl_4", 0 0, L_0000011eec964f30;  1 drivers
v0000011eec918420_0 .net *"_ivl_6", 0 0, L_0000011eec963f90;  1 drivers
v0000011eec917520_0 .net *"_ivl_7", 0 0, L_0000011eec964030;  1 drivers
L_0000011eec963ef0 .reduce/or L_0000011eec9639f0;
L_0000011eec964030 .functor MUXZ 1, L_0000011eec963f90, L_0000011eec964f30, L_0000011eec963ef0, C4<>;
S_0000011eec915ce0 .scope generate, "genblk1[15]" "genblk1[15]" 2 24, 2 24 0, S_0000011eec868150;
 .timescale 0 0;
P_0000011eec8aa5b0 .param/l "i" 0 2 24, +C4<01111>;
S_0000011eec914ed0 .scope generate, "genblk3" "genblk3" 2 26, 2 26 0, S_0000011eec915ce0;
 .timescale 0 0;
L_0000011eec9642f0 .functor NOT 1, L_0000011eec962f50, C4<0>, C4<0>, C4<0>;
v0000011eec917c00_0 .net *"_ivl_0", 14 0, L_0000011eec962e10;  1 drivers
v0000011eec917fc0_0 .net *"_ivl_2", 0 0, L_0000011eec962eb0;  1 drivers
v0000011eec916bc0_0 .net *"_ivl_3", 0 0, L_0000011eec962f50;  1 drivers
v0000011eec917700_0 .net *"_ivl_4", 0 0, L_0000011eec9642f0;  1 drivers
v0000011eec916e40_0 .net *"_ivl_6", 0 0, L_0000011eec9631d0;  1 drivers
v0000011eec918920_0 .net *"_ivl_7", 0 0, L_0000011eec969de0;  1 drivers
L_0000011eec962eb0 .reduce/or L_0000011eec962e10;
L_0000011eec969de0 .functor MUXZ 1, L_0000011eec9631d0, L_0000011eec9642f0, L_0000011eec962eb0, C4<>;
S_0000011eec916190 .scope generate, "genblk1[16]" "genblk1[16]" 2 24, 2 24 0, S_0000011eec868150;
 .timescale 0 0;
P_0000011eec8a9d30 .param/l "i" 0 2 24, +C4<010000>;
S_0000011eec916960 .scope generate, "genblk3" "genblk3" 2 26, 2 26 0, S_0000011eec916190;
 .timescale 0 0;
L_0000011eec964a60 .functor NOT 1, L_0000011eec96ac40, C4<0>, C4<0>, C4<0>;
v0000011eec9177a0_0 .net *"_ivl_0", 15 0, L_0000011eec96a880;  1 drivers
v0000011eec916c60_0 .net *"_ivl_2", 0 0, L_0000011eec969f20;  1 drivers
v0000011eec917ca0_0 .net *"_ivl_3", 0 0, L_0000011eec96ac40;  1 drivers
v0000011eec9178e0_0 .net *"_ivl_4", 0 0, L_0000011eec964a60;  1 drivers
v0000011eec917980_0 .net *"_ivl_6", 0 0, L_0000011eec96b000;  1 drivers
v0000011eec917340_0 .net *"_ivl_7", 0 0, L_0000011eec969660;  1 drivers
L_0000011eec969f20 .reduce/or L_0000011eec96a880;
L_0000011eec969660 .functor MUXZ 1, L_0000011eec96b000, L_0000011eec964a60, L_0000011eec969f20, C4<>;
S_0000011eec914bb0 .scope generate, "genblk1[17]" "genblk1[17]" 2 24, 2 24 0, S_0000011eec868150;
 .timescale 0 0;
P_0000011eec8a9770 .param/l "i" 0 2 24, +C4<010001>;
S_0000011eec916320 .scope generate, "genblk3" "genblk3" 2 26, 2 26 0, S_0000011eec914bb0;
 .timescale 0 0;
L_0000011eec9643d0 .functor NOT 1, L_0000011eec96aba0, C4<0>, C4<0>, C4<0>;
v0000011eec9189c0_0 .net *"_ivl_0", 16 0, L_0000011eec969e80;  1 drivers
v0000011eec917020_0 .net *"_ivl_2", 0 0, L_0000011eec969700;  1 drivers
v0000011eec917a20_0 .net *"_ivl_3", 0 0, L_0000011eec96aba0;  1 drivers
v0000011eec917de0_0 .net *"_ivl_4", 0 0, L_0000011eec9643d0;  1 drivers
v0000011eec916ee0_0 .net *"_ivl_6", 0 0, L_0000011eec96a560;  1 drivers
v0000011eec916da0_0 .net *"_ivl_7", 0 0, L_0000011eec969fc0;  1 drivers
L_0000011eec969700 .reduce/or L_0000011eec969e80;
L_0000011eec969fc0 .functor MUXZ 1, L_0000011eec96a560, L_0000011eec9643d0, L_0000011eec969700, C4<>;
S_0000011eec915830 .scope generate, "genblk1[18]" "genblk1[18]" 2 24, 2 24 0, S_0000011eec868150;
 .timescale 0 0;
P_0000011eec8aa5f0 .param/l "i" 0 2 24, +C4<010010>;
S_0000011eec9164b0 .scope generate, "genblk3" "genblk3" 2 26, 2 26 0, S_0000011eec915830;
 .timescale 0 0;
L_0000011eec964b40 .functor NOT 1, L_0000011eec96a380, C4<0>, C4<0>, C4<0>;
v0000011eec918a60_0 .net *"_ivl_0", 17 0, L_0000011eec969b60;  1 drivers
v0000011eec917b60_0 .net *"_ivl_2", 0 0, L_0000011eec96a060;  1 drivers
v0000011eec917d40_0 .net *"_ivl_3", 0 0, L_0000011eec96a380;  1 drivers
v0000011eec917e80_0 .net *"_ivl_4", 0 0, L_0000011eec964b40;  1 drivers
v0000011eec9170c0_0 .net *"_ivl_6", 0 0, L_0000011eec96a920;  1 drivers
v0000011eec918100_0 .net *"_ivl_7", 0 0, L_0000011eec969c00;  1 drivers
L_0000011eec96a060 .reduce/or L_0000011eec969b60;
L_0000011eec969c00 .functor MUXZ 1, L_0000011eec96a920, L_0000011eec964b40, L_0000011eec96a060, C4<>;
S_0000011eec914d40 .scope generate, "genblk1[19]" "genblk1[19]" 2 24, 2 24 0, S_0000011eec868150;
 .timescale 0 0;
P_0000011eec8aa630 .param/l "i" 0 2 24, +C4<010011>;
S_0000011eec916640 .scope generate, "genblk3" "genblk3" 2 26, 2 26 0, S_0000011eec914d40;
 .timescale 0 0;
L_0000011eec964bb0 .functor NOT 1, L_0000011eec96a100, C4<0>, C4<0>, C4<0>;
v0000011eec917f20_0 .net *"_ivl_0", 18 0, L_0000011eec96a1a0;  1 drivers
v0000011eec918060_0 .net *"_ivl_2", 0 0, L_0000011eec969d40;  1 drivers
v0000011eec916f80_0 .net *"_ivl_3", 0 0, L_0000011eec96a100;  1 drivers
v0000011eec9187e0_0 .net *"_ivl_4", 0 0, L_0000011eec964bb0;  1 drivers
v0000011eec9181a0_0 .net *"_ivl_6", 0 0, L_0000011eec96ab00;  1 drivers
v0000011eec918600_0 .net *"_ivl_7", 0 0, L_0000011eec969ca0;  1 drivers
L_0000011eec969d40 .reduce/or L_0000011eec96a1a0;
L_0000011eec969ca0 .functor MUXZ 1, L_0000011eec96ab00, L_0000011eec964bb0, L_0000011eec969d40, C4<>;
S_0000011eec915060 .scope generate, "genblk1[20]" "genblk1[20]" 2 24, 2 24 0, S_0000011eec868150;
 .timescale 0 0;
P_0000011eec8a9b70 .param/l "i" 0 2 24, +C4<010100>;
S_0000011eec915380 .scope generate, "genblk3" "genblk3" 2 26, 2 26 0, S_0000011eec915060;
 .timescale 0 0;
L_0000011eec964830 .functor NOT 1, L_0000011eec9695c0, C4<0>, C4<0>, C4<0>;
v0000011eec918240_0 .net *"_ivl_0", 19 0, L_0000011eec9697a0;  1 drivers
v0000011eec917160_0 .net *"_ivl_2", 0 0, L_0000011eec96a240;  1 drivers
v0000011eec918740_0 .net *"_ivl_3", 0 0, L_0000011eec9695c0;  1 drivers
v0000011eec9186a0_0 .net *"_ivl_4", 0 0, L_0000011eec964830;  1 drivers
v0000011eec917200_0 .net *"_ivl_6", 0 0, L_0000011eec96a2e0;  1 drivers
v0000011eec9172a0_0 .net *"_ivl_7", 0 0, L_0000011eec96a7e0;  1 drivers
L_0000011eec96a240 .reduce/or L_0000011eec9697a0;
L_0000011eec96a7e0 .functor MUXZ 1, L_0000011eec96a2e0, L_0000011eec964830, L_0000011eec96a240, C4<>;
S_0000011eec9156a0 .scope generate, "genblk1[21]" "genblk1[21]" 2 24, 2 24 0, S_0000011eec868150;
 .timescale 0 0;
P_0000011eec8aa130 .param/l "i" 0 2 24, +C4<010101>;
S_0000011eec9167d0 .scope generate, "genblk3" "genblk3" 2 26, 2 26 0, S_0000011eec9156a0;
 .timescale 0 0;
L_0000011eec964d70 .functor NOT 1, L_0000011eec969840, C4<0>, C4<0>, C4<0>;
v0000011eec9182e0_0 .net *"_ivl_0", 20 0, L_0000011eec96b280;  1 drivers
v0000011eec9173e0_0 .net *"_ivl_2", 0 0, L_0000011eec96a420;  1 drivers
v0000011eec917480_0 .net *"_ivl_3", 0 0, L_0000011eec969840;  1 drivers
v0000011eec918380_0 .net *"_ivl_4", 0 0, L_0000011eec964d70;  1 drivers
v0000011eec918880_0 .net *"_ivl_6", 0 0, L_0000011eec96a4c0;  1 drivers
v0000011eec919fd0_0 .net *"_ivl_7", 0 0, L_0000011eec96a600;  1 drivers
L_0000011eec96a420 .reduce/or L_0000011eec96b280;
L_0000011eec96a600 .functor MUXZ 1, L_0000011eec96a4c0, L_0000011eec964d70, L_0000011eec96a420, C4<>;
S_0000011eec91bd10 .scope generate, "genblk1[22]" "genblk1[22]" 2 24, 2 24 0, S_0000011eec868150;
 .timescale 0 0;
P_0000011eec8aa670 .param/l "i" 0 2 24, +C4<010110>;
S_0000011eec91b220 .scope generate, "genblk3" "genblk3" 2 26, 2 26 0, S_0000011eec91bd10;
 .timescale 0 0;
L_0000011eec9644b0 .functor NOT 1, L_0000011eec96ad80, C4<0>, C4<0>, C4<0>;
v0000011eec91a250_0 .net *"_ivl_0", 21 0, L_0000011eec9698e0;  1 drivers
v0000011eec918d10_0 .net *"_ivl_2", 0 0, L_0000011eec969980;  1 drivers
v0000011eec91a430_0 .net *"_ivl_3", 0 0, L_0000011eec96ad80;  1 drivers
v0000011eec91a930_0 .net *"_ivl_4", 0 0, L_0000011eec9644b0;  1 drivers
v0000011eec9195d0_0 .net *"_ivl_6", 0 0, L_0000011eec96ace0;  1 drivers
v0000011eec91a7f0_0 .net *"_ivl_7", 0 0, L_0000011eec96a9c0;  1 drivers
L_0000011eec969980 .reduce/or L_0000011eec9698e0;
L_0000011eec96a9c0 .functor MUXZ 1, L_0000011eec96ace0, L_0000011eec9644b0, L_0000011eec969980, C4<>;
S_0000011eec91c800 .scope generate, "genblk1[23]" "genblk1[23]" 2 24, 2 24 0, S_0000011eec868150;
 .timescale 0 0;
P_0000011eec8a9db0 .param/l "i" 0 2 24, +C4<010111>;
S_0000011eec91b540 .scope generate, "genblk3" "genblk3" 2 26, 2 26 0, S_0000011eec91c800;
 .timescale 0 0;
L_0000011eec964c90 .functor NOT 1, L_0000011eec96a740, C4<0>, C4<0>, C4<0>;
v0000011eec919a30_0 .net *"_ivl_0", 22 0, L_0000011eec96af60;  1 drivers
v0000011eec919990_0 .net *"_ivl_2", 0 0, L_0000011eec96a6a0;  1 drivers
v0000011eec919f30_0 .net *"_ivl_3", 0 0, L_0000011eec96a740;  1 drivers
v0000011eec91a890_0 .net *"_ivl_4", 0 0, L_0000011eec964c90;  1 drivers
v0000011eec91a6b0_0 .net *"_ivl_6", 0 0, L_0000011eec96aa60;  1 drivers
v0000011eec91a2f0_0 .net *"_ivl_7", 0 0, L_0000011eec96ae20;  1 drivers
L_0000011eec96a6a0 .reduce/or L_0000011eec96af60;
L_0000011eec96ae20 .functor MUXZ 1, L_0000011eec96aa60, L_0000011eec964c90, L_0000011eec96a6a0, C4<>;
S_0000011eec91abe0 .scope generate, "genblk1[24]" "genblk1[24]" 2 24, 2 24 0, S_0000011eec868150;
 .timescale 0 0;
P_0000011eec8a99f0 .param/l "i" 0 2 24, +C4<011000>;
S_0000011eec91c670 .scope generate, "genblk3" "genblk3" 2 26, 2 26 0, S_0000011eec91abe0;
 .timescale 0 0;
L_0000011eec964520 .functor NOT 1, L_0000011eec96b0a0, C4<0>, C4<0>, C4<0>;
v0000011eec919670_0 .net *"_ivl_0", 23 0, L_0000011eec96b320;  1 drivers
v0000011eec919710_0 .net *"_ivl_2", 0 0, L_0000011eec96aec0;  1 drivers
v0000011eec919ad0_0 .net *"_ivl_3", 0 0, L_0000011eec96b0a0;  1 drivers
v0000011eec9197b0_0 .net *"_ivl_4", 0 0, L_0000011eec964520;  1 drivers
v0000011eec919850_0 .net *"_ivl_6", 0 0, L_0000011eec96b140;  1 drivers
v0000011eec919d50_0 .net *"_ivl_7", 0 0, L_0000011eec96b1e0;  1 drivers
L_0000011eec96aec0 .reduce/or L_0000011eec96b320;
L_0000011eec96b1e0 .functor MUXZ 1, L_0000011eec96b140, L_0000011eec964520, L_0000011eec96aec0, C4<>;
S_0000011eec91b9f0 .scope generate, "genblk1[25]" "genblk1[25]" 2 24, 2 24 0, S_0000011eec868150;
 .timescale 0 0;
P_0000011eec8a9f30 .param/l "i" 0 2 24, +C4<011001>;
S_0000011eec91af00 .scope generate, "genblk3" "genblk3" 2 26, 2 26 0, S_0000011eec91b9f0;
 .timescale 0 0;
L_0000011eec9648a0 .functor NOT 1, L_0000011eec969520, C4<0>, C4<0>, C4<0>;
v0000011eec91a4d0_0 .net *"_ivl_0", 24 0, L_0000011eec969a20;  1 drivers
v0000011eec919530_0 .net *"_ivl_2", 0 0, L_0000011eec96b3c0;  1 drivers
v0000011eec919df0_0 .net *"_ivl_3", 0 0, L_0000011eec969520;  1 drivers
v0000011eec919170_0 .net *"_ivl_4", 0 0, L_0000011eec9648a0;  1 drivers
v0000011eec918ef0_0 .net *"_ivl_6", 0 0, L_0000011eec969ac0;  1 drivers
v0000011eec91a570_0 .net *"_ivl_7", 0 0, L_0000011eec970510;  1 drivers
L_0000011eec96b3c0 .reduce/or L_0000011eec969a20;
L_0000011eec970510 .functor MUXZ 1, L_0000011eec969ac0, L_0000011eec9648a0, L_0000011eec96b3c0, C4<>;
S_0000011eec91c350 .scope generate, "genblk1[26]" "genblk1[26]" 2 24, 2 24 0, S_0000011eec868150;
 .timescale 0 0;
P_0000011eec8a9730 .param/l "i" 0 2 24, +C4<011010>;
S_0000011eec91c030 .scope generate, "genblk3" "genblk3" 2 26, 2 26 0, S_0000011eec91c350;
 .timescale 0 0;
L_0000011eec964d00 .functor NOT 1, L_0000011eec96fe30, C4<0>, C4<0>, C4<0>;
v0000011eec919b70_0 .net *"_ivl_0", 25 0, L_0000011eec970790;  1 drivers
v0000011eec919350_0 .net *"_ivl_2", 0 0, L_0000011eec9710f0;  1 drivers
v0000011eec9190d0_0 .net *"_ivl_3", 0 0, L_0000011eec96fe30;  1 drivers
v0000011eec919e90_0 .net *"_ivl_4", 0 0, L_0000011eec964d00;  1 drivers
v0000011eec91a1b0_0 .net *"_ivl_6", 0 0, L_0000011eec970330;  1 drivers
v0000011eec9198f0_0 .net *"_ivl_7", 0 0, L_0000011eec96fed0;  1 drivers
L_0000011eec9710f0 .reduce/or L_0000011eec970790;
L_0000011eec96fed0 .functor MUXZ 1, L_0000011eec970330, L_0000011eec964d00, L_0000011eec9710f0, C4<>;
S_0000011eec91c1c0 .scope generate, "genblk1[27]" "genblk1[27]" 2 24, 2 24 0, S_0000011eec868150;
 .timescale 0 0;
P_0000011eec8a9830 .param/l "i" 0 2 24, +C4<011011>;
S_0000011eec91bb80 .scope generate, "genblk3" "genblk3" 2 26, 2 26 0, S_0000011eec91c1c0;
 .timescale 0 0;
L_0000011eec964590 .functor NOT 1, L_0000011eec970650, C4<0>, C4<0>, C4<0>;
v0000011eec91a9d0_0 .net *"_ivl_0", 26 0, L_0000011eec970290;  1 drivers
v0000011eec919c10_0 .net *"_ivl_2", 0 0, L_0000011eec9708d0;  1 drivers
v0000011eec91a610_0 .net *"_ivl_3", 0 0, L_0000011eec970650;  1 drivers
v0000011eec91a070_0 .net *"_ivl_4", 0 0, L_0000011eec964590;  1 drivers
v0000011eec91a750_0 .net *"_ivl_6", 0 0, L_0000011eec9705b0;  1 drivers
v0000011eec919cb0_0 .net *"_ivl_7", 0 0, L_0000011eec970b50;  1 drivers
L_0000011eec9708d0 .reduce/or L_0000011eec970290;
L_0000011eec970b50 .functor MUXZ 1, L_0000011eec9705b0, L_0000011eec964590, L_0000011eec9708d0, C4<>;
S_0000011eec91c4e0 .scope generate, "genblk1[28]" "genblk1[28]" 2 24, 2 24 0, S_0000011eec868150;
 .timescale 0 0;
P_0000011eec8a9fb0 .param/l "i" 0 2 24, +C4<011100>;
S_0000011eec91c990 .scope generate, "genblk3" "genblk3" 2 26, 2 26 0, S_0000011eec91c4e0;
 .timescale 0 0;
L_0000011eec964910 .functor NOT 1, L_0000011eec970150, C4<0>, C4<0>, C4<0>;
v0000011eec91a110_0 .net *"_ivl_0", 27 0, L_0000011eec96ff70;  1 drivers
v0000011eec91a390_0 .net *"_ivl_2", 0 0, L_0000011eec970ab0;  1 drivers
v0000011eec91aa70_0 .net *"_ivl_3", 0 0, L_0000011eec970150;  1 drivers
v0000011eec918bd0_0 .net *"_ivl_4", 0 0, L_0000011eec964910;  1 drivers
v0000011eec918c70_0 .net *"_ivl_6", 0 0, L_0000011eec9701f0;  1 drivers
v0000011eec919210_0 .net *"_ivl_7", 0 0, L_0000011eec970f10;  1 drivers
L_0000011eec970ab0 .reduce/or L_0000011eec96ff70;
L_0000011eec970f10 .functor MUXZ 1, L_0000011eec9701f0, L_0000011eec964910, L_0000011eec970ab0, C4<>;
S_0000011eec91b090 .scope generate, "genblk1[29]" "genblk1[29]" 2 24, 2 24 0, S_0000011eec868150;
 .timescale 0 0;
P_0000011eec8a9870 .param/l "i" 0 2 24, +C4<011101>;
S_0000011eec91b860 .scope generate, "genblk3" "genblk3" 2 26, 2 26 0, S_0000011eec91b090;
 .timescale 0 0;
L_0000011eec964980 .functor NOT 1, L_0000011eec96fd90, C4<0>, C4<0>, C4<0>;
v0000011eec918db0_0 .net *"_ivl_0", 28 0, L_0000011eec96fa70;  1 drivers
v0000011eec918f90_0 .net *"_ivl_2", 0 0, L_0000011eec96fbb0;  1 drivers
v0000011eec918e50_0 .net *"_ivl_3", 0 0, L_0000011eec96fd90;  1 drivers
v0000011eec919030_0 .net *"_ivl_4", 0 0, L_0000011eec964980;  1 drivers
v0000011eec9192b0_0 .net *"_ivl_6", 0 0, L_0000011eec970970;  1 drivers
v0000011eec919490_0 .net *"_ivl_7", 0 0, L_0000011eec970fb0;  1 drivers
L_0000011eec96fbb0 .reduce/or L_0000011eec96fa70;
L_0000011eec970fb0 .functor MUXZ 1, L_0000011eec970970, L_0000011eec964980, L_0000011eec96fbb0, C4<>;
S_0000011eec91bea0 .scope generate, "genblk1[30]" "genblk1[30]" 2 24, 2 24 0, S_0000011eec868150;
 .timescale 0 0;
P_0000011eec8a9df0 .param/l "i" 0 2 24, +C4<011110>;
S_0000011eec91ad70 .scope generate, "genblk3" "genblk3" 2 26, 2 26 0, S_0000011eec91bea0;
 .timescale 0 0;
L_0000011eec964de0 .functor NOT 1, L_0000011eec9706f0, C4<0>, C4<0>, C4<0>;
v0000011eec9193f0_0 .net *"_ivl_0", 29 0, L_0000011eec9703d0;  1 drivers
v0000011eec91e7b0_0 .net *"_ivl_2", 0 0, L_0000011eec971050;  1 drivers
v0000011eec91d630_0 .net *"_ivl_3", 0 0, L_0000011eec9706f0;  1 drivers
v0000011eec91dc70_0 .net *"_ivl_4", 0 0, L_0000011eec964de0;  1 drivers
v0000011eec91dd10_0 .net *"_ivl_6", 0 0, L_0000011eec970010;  1 drivers
v0000011eec91d310_0 .net *"_ivl_7", 0 0, L_0000011eec970e70;  1 drivers
L_0000011eec971050 .reduce/or L_0000011eec9703d0;
L_0000011eec970e70 .functor MUXZ 1, L_0000011eec970010, L_0000011eec964de0, L_0000011eec971050, C4<>;
S_0000011eec91b3b0 .scope generate, "genblk1[31]" "genblk1[31]" 2 24, 2 24 0, S_0000011eec868150;
 .timescale 0 0;
P_0000011eec8a9a30 .param/l "i" 0 2 24, +C4<011111>;
S_0000011eec91b6d0 .scope generate, "genblk3" "genblk3" 2 26, 2 26 0, S_0000011eec91b3b0;
 .timescale 0 0;
L_0000011eec964ec0 .functor NOT 1, L_0000011eec970c90, C4<0>, C4<0>, C4<0>;
v0000011eec91d950_0 .net *"_ivl_0", 30 0, L_0000011eec970a10;  1 drivers
v0000011eec91ec10_0 .net *"_ivl_2", 0 0, L_0000011eec970470;  1 drivers
v0000011eec91dbd0_0 .net *"_ivl_3", 0 0, L_0000011eec970c90;  1 drivers
v0000011eec91d090_0 .net *"_ivl_4", 0 0, L_0000011eec964ec0;  1 drivers
v0000011eec91e670_0 .net *"_ivl_6", 0 0, L_0000011eec970bf0;  1 drivers
v0000011eec91ddb0_0 .net *"_ivl_7", 0 0, L_0000011eec970d30;  1 drivers
L_0000011eec970470 .reduce/or L_0000011eec970a10;
L_0000011eec970d30 .functor MUXZ 1, L_0000011eec970bf0, L_0000011eec964ec0, L_0000011eec970470, C4<>;
    .scope S_0000011eec864450;
T_0 ;
    %delay 0, 0;
    %pushi/vec4 49371, 0, 32;
    %store/vec4 v0000011eec9624b0_0, 0, 32;
    %pushi/vec4 6332, 0, 32;
    %store/vec4 v0000011eec962370_0, 0, 32;
    %pushi/vec4 0, 0, 3;
    %store/vec4 v0000011eec961790_0, 0, 3;
    %delay 10, 0;
    %pushi/vec4 1, 0, 3;
    %store/vec4 v0000011eec961790_0, 0, 3;
    %delay 10, 0;
    %pushi/vec4 2, 0, 3;
    %store/vec4 v0000011eec961790_0, 0, 3;
    %delay 10, 0;
    %pushi/vec4 3, 0, 3;
    %store/vec4 v0000011eec961790_0, 0, 3;
    %delay 10, 0;
    %pushi/vec4 4, 0, 3;
    %store/vec4 v0000011eec961790_0, 0, 3;
    %delay 10, 0;
    %pushi/vec4 5, 0, 3;
    %store/vec4 v0000011eec961790_0, 0, 3;
    %delay 10, 0;
    %pushi/vec4 6, 0, 3;
    %store/vec4 v0000011eec961790_0, 0, 3;
    %delay 10, 0;
    %pushi/vec4 7, 0, 3;
    %store/vec4 v0000011eec961790_0, 0, 3;
    %end;
    .thread T_0;
    .scope S_0000011eec864450;
T_1 ;
    %vpi_call 2 56 "$monitor", $time, "\011A: %b\011Operation: %b\012\011\011\011B: %b\011Output: %b\012", v0000011eec9624b0_0, v0000011eec961790_0, v0000011eec962370_0, v0000011eec9629b0_0 {0 0 0};
    %end;
    .thread T_1;
# The file index is used to find the file name in the following table.
:file_names 3;
    "N/A";
    "<interactive>";
    ".\LogicUnit.v";
