#! /usr/bin/vvp
:ivl_version "10.3 (stable)";
:ivl_delay_selection "TYPICAL";
:vpi_time_precision + 0;
:vpi_module "system";
:vpi_module "vhdl_sys";
:vpi_module "v2005_math";
:vpi_module "va_math";
S_0x559f691b1430 .scope module, "top" "top" 2 41;
 .timescale 0 0;
v0x559f69200da0_0 .var/s "ai", 31 0;
v0x559f69200ed0_0 .var/s "bi", 31 0;
v0x559f69200fe0_0 .var "clk", 0 0;
v0x559f69201080_0 .var/i "i", 31 0;
v0x559f69201140_0 .var "rst", 0 0;
v0x559f69201230_0 .net/s "si", 31 0, v0x559f69200880_0;  1 drivers
v0x559f692012f0_0 .var "xin", 7 0;
o0x7f8c6a186068 .functor BUFZ 8, C4<zzzzzzzz>; HiZ drive
v0x559f69201390_0 .net "xout", 7 0, o0x7f8c6a186068;  0 drivers
S_0x559f691b01f0 .scope module, "ad_0" "adder" 2 47, 2 5 0, S_0x559f691b1430;
 .timescale 0 0;
    .port_info 0 /OUTPUT 32 "si"
    .port_info 1 /OUTPUT 8 "xout"
    .port_info 2 /INPUT 32 "a"
    .port_info 3 /INPUT 32 "b"
    .port_info 4 /INPUT 8 "xin"
    .port_info 5 /INPUT 1 "clk"
    .port_info 6 /INPUT 1 "rst"
L_0x559f69205e30 .functor BUFZ 8, v0x559f692012f0_0, C4<00000000>, C4<00000000>, C4<00000000>;
v0x559f691fff90_0 .net *"_s28", 7 0, L_0x559f69205e30;  1 drivers
v0x559f69200090_0 .net "a", 31 0, v0x559f69200da0_0;  1 drivers
v0x559f69200150_0 .net "b", 31 0, v0x559f69200ed0_0;  1 drivers
v0x559f692001f0_0 .net "c", 31 0, v0x559f691f7430_0;  1 drivers
v0x559f69200290_0 .net "clk", 0 0, v0x559f69200fe0_0;  1 drivers
v0x559f69200330_0 .net "d", 31 0, v0x559f691f75b0_0;  1 drivers
v0x559f692003d0_0 .net "e", 31 0, v0x559f691fb9c0_0;  1 drivers
v0x559f692004e0_0 .net "f", 31 0, v0x559f691fbaa0_0;  1 drivers
v0x559f692005f0_0 .var/i "i", 31 0;
v0x559f692006d0_0 .net "rst", 0 0, v0x559f69201140_0;  1 drivers
v0x559f69200880_0 .var "si", 31 0;
v0x559f69200960_0 .net "x", 263 0, L_0x559f692068f0;  1 drivers
v0x559f69200a20_0 .net "xin", 7 0, v0x559f692012f0_0;  1 drivers
v0x559f69200b00_0 .net "xout", 7 0, o0x7f8c6a186068;  alias, 0 drivers
v0x559f69200be0_0 .net "y", 255 0, v0x559f691fb830_0;  1 drivers
L_0x559f692027c0 .part v0x559f691f7430_0, 0, 8;
L_0x559f69202860 .part v0x559f691f75b0_0, 0, 8;
L_0x559f69203da0 .part v0x559f691f7430_0, 8, 8;
L_0x559f69203e40 .part v0x559f691f75b0_0, 8, 8;
L_0x559f69205290 .part v0x559f691f7430_0, 16, 8;
L_0x559f69205330 .part v0x559f691f75b0_0, 16, 8;
L_0x559f69206760 .part v0x559f691f7430_0, 24, 8;
L_0x559f69206800 .part v0x559f691f75b0_0, 24, 8;
LS_0x559f692068f0_0_0 .concat8 [ 8 64 64 64], L_0x559f69205e30, L_0x559f69202120, L_0x559f69203700, L_0x559f69204bf0;
LS_0x559f692068f0_0_4 .concat8 [ 64 0 0 0], L_0x559f692060c0;
L_0x559f692068f0 .concat8 [ 200 64 0 0], LS_0x559f692068f0_0_0, LS_0x559f692068f0_0_4;
L_0x559f69206a90 .part L_0x559f692068f0, 0, 256;
S_0x559f691b9ac0 .scope module, "kpg_0" "kpg2" 2 17, 3 17 0, S_0x559f691b01f0;
 .timescale 0 0;
    .port_info 0 /OUTPUT 64 "x"
    .port_info 1 /INPUT 8 "ai"
    .port_info 2 /INPUT 8 "bi"
v0x559f691ed1b0_0 .net "ai", 7 0, L_0x559f692027c0;  1 drivers
v0x559f691ed290_0 .net "bi", 7 0, L_0x559f69202860;  1 drivers
v0x559f691ed370_0 .net "x", 63 0, L_0x559f69202120;  1 drivers
L_0x559f69201430 .part L_0x559f692027c0, 0, 1;
L_0x559f692014d0 .part L_0x559f69202860, 0, 1;
L_0x559f69201570 .part L_0x559f692027c0, 1, 1;
L_0x559f69201660 .part L_0x559f69202860, 1, 1;
L_0x559f69201780 .part L_0x559f692027c0, 2, 1;
L_0x559f69201820 .part L_0x559f69202860, 2, 1;
L_0x559f69201930 .part L_0x559f692027c0, 3, 1;
L_0x559f692019d0 .part L_0x559f69202860, 3, 1;
L_0x559f69201af0 .part L_0x559f692027c0, 4, 1;
L_0x559f69201bc0 .part L_0x559f69202860, 4, 1;
L_0x559f69201cf0 .part L_0x559f692027c0, 5, 1;
L_0x559f69201dc0 .part L_0x559f69202860, 5, 1;
L_0x559f69201f00 .part L_0x559f692027c0, 6, 1;
L_0x559f69201fd0 .part L_0x559f69202860, 6, 1;
LS_0x559f69202120_0_0 .concat8 [ 8 8 8 8], v0x559f691cfae0_0, v0x559f691c08a0_0, v0x559f691eb490_0, v0x559f691eb9d0_0;
LS_0x559f69202120_0_4 .concat8 [ 8 8 8 8], v0x559f691ebf60_0, v0x559f691ec4e0_0, v0x559f691eca90_0, v0x559f691ed040_0;
L_0x559f69202120 .concat8 [ 32 32 0 0], LS_0x559f69202120_0_0, LS_0x559f69202120_0_4;
L_0x559f69202370 .part L_0x559f692027c0, 7, 1;
L_0x559f692025e0 .part L_0x559f69202860, 7, 1;
S_0x559f691b97c0 .scope module, "kpg_0" "kpg" 3 20, 3 1 0, S_0x559f691b9ac0;
 .timescale 0 0;
    .port_info 0 /OUTPUT 8 "x"
    .port_info 1 /INPUT 1 "ai"
    .port_info 2 /INPUT 1 "bi"
v0x559f691d5480_0 .net "ai", 0 0, L_0x559f69201430;  1 drivers
v0x559f691d4ba0_0 .net "bi", 0 0, L_0x559f692014d0;  1 drivers
v0x559f691cfae0_0 .var "x", 7 0;
E_0x559f6916dc30 .event edge, v0x559f691d4ba0_0, v0x559f691d5480_0;
S_0x559f691eadf0 .scope module, "kpg_1" "kpg" 3 21, 3 1 0, S_0x559f691b9ac0;
 .timescale 0 0;
    .port_info 0 /OUTPUT 8 "x"
    .port_info 1 /INPUT 1 "ai"
    .port_info 2 /INPUT 1 "bi"
v0x559f691caa20_0 .net "ai", 0 0, L_0x559f69201570;  1 drivers
v0x559f691c5960_0 .net "bi", 0 0, L_0x559f69201660;  1 drivers
v0x559f691c08a0_0 .var "x", 7 0;
E_0x559f6916df70 .event edge, v0x559f691c5960_0, v0x559f691caa20_0;
S_0x559f691eb150 .scope module, "kpg_2" "kpg" 3 22, 3 1 0, S_0x559f691b9ac0;
 .timescale 0 0;
    .port_info 0 /OUTPUT 8 "x"
    .port_info 1 /INPUT 1 "ai"
    .port_info 2 /INPUT 1 "bi"
v0x559f691b5250_0 .net "ai", 0 0, L_0x559f69201780;  1 drivers
v0x559f691eb3d0_0 .net "bi", 0 0, L_0x559f69201820;  1 drivers
v0x559f691eb490_0 .var "x", 7 0;
E_0x559f6916cdf0 .event edge, v0x559f691eb3d0_0, v0x559f691b5250_0;
S_0x559f691eb5d0 .scope module, "kpg_3" "kpg" 3 23, 3 1 0, S_0x559f691b9ac0;
 .timescale 0 0;
    .port_info 0 /OUTPUT 8 "x"
    .port_info 1 /INPUT 1 "ai"
    .port_info 2 /INPUT 1 "bi"
v0x559f691eb830_0 .net "ai", 0 0, L_0x559f69201930;  1 drivers
v0x559f691eb910_0 .net "bi", 0 0, L_0x559f692019d0;  1 drivers
v0x559f691eb9d0_0 .var "x", 7 0;
E_0x559f691d8ae0 .event edge, v0x559f691eb910_0, v0x559f691eb830_0;
S_0x559f691ebb10 .scope module, "kpg_4" "kpg" 3 24, 3 1 0, S_0x559f691b9ac0;
 .timescale 0 0;
    .port_info 0 /OUTPUT 8 "x"
    .port_info 1 /INPUT 1 "ai"
    .port_info 2 /INPUT 1 "bi"
v0x559f691ebdc0_0 .net "ai", 0 0, L_0x559f69201af0;  1 drivers
v0x559f691ebea0_0 .net "bi", 0 0, L_0x559f69201bc0;  1 drivers
v0x559f691ebf60_0 .var "x", 7 0;
E_0x559f691d8b20 .event edge, v0x559f691ebea0_0, v0x559f691ebdc0_0;
S_0x559f691ec0a0 .scope module, "kpg_5" "kpg" 3 25, 3 1 0, S_0x559f691b9ac0;
 .timescale 0 0;
    .port_info 0 /OUTPUT 8 "x"
    .port_info 1 /INPUT 1 "ai"
    .port_info 2 /INPUT 1 "bi"
v0x559f691ec340_0 .net "ai", 0 0, L_0x559f69201cf0;  1 drivers
v0x559f691ec420_0 .net "bi", 0 0, L_0x559f69201dc0;  1 drivers
v0x559f691ec4e0_0 .var "x", 7 0;
E_0x559f691ec2c0 .event edge, v0x559f691ec420_0, v0x559f691ec340_0;
S_0x559f691ec650 .scope module, "kpg_6" "kpg" 3 26, 3 1 0, S_0x559f691b9ac0;
 .timescale 0 0;
    .port_info 0 /OUTPUT 8 "x"
    .port_info 1 /INPUT 1 "ai"
    .port_info 2 /INPUT 1 "bi"
v0x559f691ec8f0_0 .net "ai", 0 0, L_0x559f69201f00;  1 drivers
v0x559f691ec9d0_0 .net "bi", 0 0, L_0x559f69201fd0;  1 drivers
v0x559f691eca90_0 .var "x", 7 0;
E_0x559f691ec870 .event edge, v0x559f691ec9d0_0, v0x559f691ec8f0_0;
S_0x559f691ecc00 .scope module, "kpg_7" "kpg" 3 27, 3 1 0, S_0x559f691b9ac0;
 .timescale 0 0;
    .port_info 0 /OUTPUT 8 "x"
    .port_info 1 /INPUT 1 "ai"
    .port_info 2 /INPUT 1 "bi"
v0x559f691ecea0_0 .net "ai", 0 0, L_0x559f69202370;  1 drivers
v0x559f691ecf80_0 .net "bi", 0 0, L_0x559f692025e0;  1 drivers
v0x559f691ed040_0 .var "x", 7 0;
E_0x559f691ece20 .event edge, v0x559f691ecf80_0, v0x559f691ecea0_0;
S_0x559f691ed4f0 .scope module, "kpg_1" "kpg2" 2 18, 3 17 0, S_0x559f691b01f0;
 .timescale 0 0;
    .port_info 0 /OUTPUT 64 "x"
    .port_info 1 /INPUT 8 "ai"
    .port_info 2 /INPUT 8 "bi"
v0x559f691f0500_0 .net "ai", 7 0, L_0x559f69203da0;  1 drivers
v0x559f691f05e0_0 .net "bi", 7 0, L_0x559f69203e40;  1 drivers
v0x559f691f06c0_0 .net "x", 63 0, L_0x559f69203700;  1 drivers
L_0x559f69202900 .part L_0x559f69203da0, 0, 1;
L_0x559f69202a00 .part L_0x559f69203e40, 0, 1;
L_0x559f69202b00 .part L_0x559f69203da0, 1, 1;
L_0x559f69202bd0 .part L_0x559f69203e40, 1, 1;
L_0x559f69202ca0 .part L_0x559f69203da0, 2, 1;
L_0x559f69202d40 .part L_0x559f69203e40, 2, 1;
L_0x559f69202e50 .part L_0x559f69203da0, 3, 1;
L_0x559f69202f80 .part L_0x559f69203e40, 3, 1;
L_0x559f69203130 .part L_0x559f69203da0, 4, 1;
L_0x559f69203200 .part L_0x559f69203e40, 4, 1;
L_0x559f692032d0 .part L_0x559f69203da0, 5, 1;
L_0x559f692033a0 .part L_0x559f69203e40, 5, 1;
L_0x559f692034e0 .part L_0x559f69203da0, 6, 1;
L_0x559f692035b0 .part L_0x559f69203e40, 6, 1;
LS_0x559f69203700_0_0 .concat8 [ 8 8 8 8], v0x559f691edb90_0, v0x559f691ee140_0, v0x559f691ee700_0, v0x559f691eecb0_0;
LS_0x559f69203700_0_4 .concat8 [ 8 8 8 8], v0x559f691ef2b0_0, v0x559f691ef830_0, v0x559f691efde0_0, v0x559f691f0390_0;
L_0x559f69203700 .concat8 [ 32 32 0 0], LS_0x559f69203700_0_0, LS_0x559f69203700_0_4;
L_0x559f69203950 .part L_0x559f69203da0, 7, 1;
L_0x559f69203bc0 .part L_0x559f69203e40, 7, 1;
S_0x559f691ed710 .scope module, "kpg_0" "kpg" 3 20, 3 1 0, S_0x559f691ed4f0;
 .timescale 0 0;
    .port_info 0 /OUTPUT 8 "x"
    .port_info 1 /INPUT 1 "ai"
    .port_info 2 /INPUT 1 "bi"
v0x559f691ed9f0_0 .net "ai", 0 0, L_0x559f69202900;  1 drivers
v0x559f691edad0_0 .net "bi", 0 0, L_0x559f69202a00;  1 drivers
v0x559f691edb90_0 .var "x", 7 0;
E_0x559f691ed970 .event edge, v0x559f691edad0_0, v0x559f691ed9f0_0;
S_0x559f691edd00 .scope module, "kpg_1" "kpg" 3 21, 3 1 0, S_0x559f691ed4f0;
 .timescale 0 0;
    .port_info 0 /OUTPUT 8 "x"
    .port_info 1 /INPUT 1 "ai"
    .port_info 2 /INPUT 1 "bi"
v0x559f691edfa0_0 .net "ai", 0 0, L_0x559f69202b00;  1 drivers
v0x559f691ee080_0 .net "bi", 0 0, L_0x559f69202bd0;  1 drivers
v0x559f691ee140_0 .var "x", 7 0;
E_0x559f691edf20 .event edge, v0x559f691ee080_0, v0x559f691edfa0_0;
S_0x559f691ee2b0 .scope module, "kpg_2" "kpg" 3 22, 3 1 0, S_0x559f691ed4f0;
 .timescale 0 0;
    .port_info 0 /OUTPUT 8 "x"
    .port_info 1 /INPUT 1 "ai"
    .port_info 2 /INPUT 1 "bi"
v0x559f691ee560_0 .net "ai", 0 0, L_0x559f69202ca0;  1 drivers
v0x559f691ee640_0 .net "bi", 0 0, L_0x559f69202d40;  1 drivers
v0x559f691ee700_0 .var "x", 7 0;
E_0x559f691ee500 .event edge, v0x559f691ee640_0, v0x559f691ee560_0;
S_0x559f691ee870 .scope module, "kpg_3" "kpg" 3 23, 3 1 0, S_0x559f691ed4f0;
 .timescale 0 0;
    .port_info 0 /OUTPUT 8 "x"
    .port_info 1 /INPUT 1 "ai"
    .port_info 2 /INPUT 1 "bi"
v0x559f691eeb10_0 .net "ai", 0 0, L_0x559f69202e50;  1 drivers
v0x559f691eebf0_0 .net "bi", 0 0, L_0x559f69202f80;  1 drivers
v0x559f691eecb0_0 .var "x", 7 0;
E_0x559f691eea90 .event edge, v0x559f691eebf0_0, v0x559f691eeb10_0;
S_0x559f691eee20 .scope module, "kpg_4" "kpg" 3 24, 3 1 0, S_0x559f691ed4f0;
 .timescale 0 0;
    .port_info 0 /OUTPUT 8 "x"
    .port_info 1 /INPUT 1 "ai"
    .port_info 2 /INPUT 1 "bi"
v0x559f691ef110_0 .net "ai", 0 0, L_0x559f69203130;  1 drivers
v0x559f691ef1f0_0 .net "bi", 0 0, L_0x559f69203200;  1 drivers
v0x559f691ef2b0_0 .var "x", 7 0;
E_0x559f691ef090 .event edge, v0x559f691ef1f0_0, v0x559f691ef110_0;
S_0x559f691ef3f0 .scope module, "kpg_5" "kpg" 3 25, 3 1 0, S_0x559f691ed4f0;
 .timescale 0 0;
    .port_info 0 /OUTPUT 8 "x"
    .port_info 1 /INPUT 1 "ai"
    .port_info 2 /INPUT 1 "bi"
v0x559f691ef690_0 .net "ai", 0 0, L_0x559f692032d0;  1 drivers
v0x559f691ef770_0 .net "bi", 0 0, L_0x559f692033a0;  1 drivers
v0x559f691ef830_0 .var "x", 7 0;
E_0x559f691ef610 .event edge, v0x559f691ef770_0, v0x559f691ef690_0;
S_0x559f691ef9a0 .scope module, "kpg_6" "kpg" 3 26, 3 1 0, S_0x559f691ed4f0;
 .timescale 0 0;
    .port_info 0 /OUTPUT 8 "x"
    .port_info 1 /INPUT 1 "ai"
    .port_info 2 /INPUT 1 "bi"
v0x559f691efc40_0 .net "ai", 0 0, L_0x559f692034e0;  1 drivers
v0x559f691efd20_0 .net "bi", 0 0, L_0x559f692035b0;  1 drivers
v0x559f691efde0_0 .var "x", 7 0;
E_0x559f691efbc0 .event edge, v0x559f691efd20_0, v0x559f691efc40_0;
S_0x559f691eff50 .scope module, "kpg_7" "kpg" 3 27, 3 1 0, S_0x559f691ed4f0;
 .timescale 0 0;
    .port_info 0 /OUTPUT 8 "x"
    .port_info 1 /INPUT 1 "ai"
    .port_info 2 /INPUT 1 "bi"
v0x559f691f01f0_0 .net "ai", 0 0, L_0x559f69203950;  1 drivers
v0x559f691f02d0_0 .net "bi", 0 0, L_0x559f69203bc0;  1 drivers
v0x559f691f0390_0 .var "x", 7 0;
E_0x559f691f0170 .event edge, v0x559f691f02d0_0, v0x559f691f01f0_0;
S_0x559f691f0840 .scope module, "kpg_2" "kpg2" 2 19, 3 17 0, S_0x559f691b01f0;
 .timescale 0 0;
    .port_info 0 /OUTPUT 64 "x"
    .port_info 1 /INPUT 8 "ai"
    .port_info 2 /INPUT 8 "bi"
v0x559f691f3860_0 .net "ai", 7 0, L_0x559f69205290;  1 drivers
v0x559f691f3940_0 .net "bi", 7 0, L_0x559f69205330;  1 drivers
v0x559f691f3a20_0 .net "x", 63 0, L_0x559f69204bf0;  1 drivers
L_0x559f69203f10 .part L_0x559f69205290, 0, 1;
L_0x559f69204010 .part L_0x559f69205330, 0, 1;
L_0x559f69204110 .part L_0x559f69205290, 1, 1;
L_0x559f692041e0 .part L_0x559f69205330, 1, 1;
L_0x559f692042b0 .part L_0x559f69205290, 2, 1;
L_0x559f69204350 .part L_0x559f69205330, 2, 1;
L_0x559f69204460 .part L_0x559f69205290, 3, 1;
L_0x559f69204500 .part L_0x559f69205330, 3, 1;
L_0x559f69204620 .part L_0x559f69205290, 4, 1;
L_0x559f692046f0 .part L_0x559f69205330, 4, 1;
L_0x559f692047c0 .part L_0x559f69205290, 5, 1;
L_0x559f69204890 .part L_0x559f69205330, 5, 1;
L_0x559f692049d0 .part L_0x559f69205290, 6, 1;
L_0x559f69204aa0 .part L_0x559f69205330, 6, 1;
LS_0x559f69204bf0_0_0 .concat8 [ 8 8 8 8], v0x559f691f0ef0_0, v0x559f691f14a0_0, v0x559f691f1a60_0, v0x559f691f2010_0;
LS_0x559f69204bf0_0_4 .concat8 [ 8 8 8 8], v0x559f691f2610_0, v0x559f691f2b90_0, v0x559f691f3140_0, v0x559f691f36f0_0;
L_0x559f69204bf0 .concat8 [ 32 32 0 0], LS_0x559f69204bf0_0_0, LS_0x559f69204bf0_0_4;
L_0x559f69204e40 .part L_0x559f69205290, 7, 1;
L_0x559f692050b0 .part L_0x559f69205330, 7, 1;
S_0x559f691f0a90 .scope module, "kpg_0" "kpg" 3 20, 3 1 0, S_0x559f691f0840;
 .timescale 0 0;
    .port_info 0 /OUTPUT 8 "x"
    .port_info 1 /INPUT 1 "ai"
    .port_info 2 /INPUT 1 "bi"
v0x559f691f0d50_0 .net "ai", 0 0, L_0x559f69203f10;  1 drivers
v0x559f691f0e30_0 .net "bi", 0 0, L_0x559f69204010;  1 drivers
v0x559f691f0ef0_0 .var "x", 7 0;
E_0x559f691f0cd0 .event edge, v0x559f691f0e30_0, v0x559f691f0d50_0;
S_0x559f691f1060 .scope module, "kpg_1" "kpg" 3 21, 3 1 0, S_0x559f691f0840;
 .timescale 0 0;
    .port_info 0 /OUTPUT 8 "x"
    .port_info 1 /INPUT 1 "ai"
    .port_info 2 /INPUT 1 "bi"
v0x559f691f1300_0 .net "ai", 0 0, L_0x559f69204110;  1 drivers
v0x559f691f13e0_0 .net "bi", 0 0, L_0x559f692041e0;  1 drivers
v0x559f691f14a0_0 .var "x", 7 0;
E_0x559f691f1280 .event edge, v0x559f691f13e0_0, v0x559f691f1300_0;
S_0x559f691f1610 .scope module, "kpg_2" "kpg" 3 22, 3 1 0, S_0x559f691f0840;
 .timescale 0 0;
    .port_info 0 /OUTPUT 8 "x"
    .port_info 1 /INPUT 1 "ai"
    .port_info 2 /INPUT 1 "bi"
v0x559f691f18c0_0 .net "ai", 0 0, L_0x559f692042b0;  1 drivers
v0x559f691f19a0_0 .net "bi", 0 0, L_0x559f69204350;  1 drivers
v0x559f691f1a60_0 .var "x", 7 0;
E_0x559f691f1860 .event edge, v0x559f691f19a0_0, v0x559f691f18c0_0;
S_0x559f691f1bd0 .scope module, "kpg_3" "kpg" 3 23, 3 1 0, S_0x559f691f0840;
 .timescale 0 0;
    .port_info 0 /OUTPUT 8 "x"
    .port_info 1 /INPUT 1 "ai"
    .port_info 2 /INPUT 1 "bi"
v0x559f691f1e70_0 .net "ai", 0 0, L_0x559f69204460;  1 drivers
v0x559f691f1f50_0 .net "bi", 0 0, L_0x559f69204500;  1 drivers
v0x559f691f2010_0 .var "x", 7 0;
E_0x559f691f1df0 .event edge, v0x559f691f1f50_0, v0x559f691f1e70_0;
S_0x559f691f2180 .scope module, "kpg_4" "kpg" 3 24, 3 1 0, S_0x559f691f0840;
 .timescale 0 0;
    .port_info 0 /OUTPUT 8 "x"
    .port_info 1 /INPUT 1 "ai"
    .port_info 2 /INPUT 1 "bi"
v0x559f691f2470_0 .net "ai", 0 0, L_0x559f69204620;  1 drivers
v0x559f691f2550_0 .net "bi", 0 0, L_0x559f692046f0;  1 drivers
v0x559f691f2610_0 .var "x", 7 0;
E_0x559f691f23f0 .event edge, v0x559f691f2550_0, v0x559f691f2470_0;
S_0x559f691f2750 .scope module, "kpg_5" "kpg" 3 25, 3 1 0, S_0x559f691f0840;
 .timescale 0 0;
    .port_info 0 /OUTPUT 8 "x"
    .port_info 1 /INPUT 1 "ai"
    .port_info 2 /INPUT 1 "bi"
v0x559f691f29f0_0 .net "ai", 0 0, L_0x559f692047c0;  1 drivers
v0x559f691f2ad0_0 .net "bi", 0 0, L_0x559f69204890;  1 drivers
v0x559f691f2b90_0 .var "x", 7 0;
E_0x559f691f2970 .event edge, v0x559f691f2ad0_0, v0x559f691f29f0_0;
S_0x559f691f2d00 .scope module, "kpg_6" "kpg" 3 26, 3 1 0, S_0x559f691f0840;
 .timescale 0 0;
    .port_info 0 /OUTPUT 8 "x"
    .port_info 1 /INPUT 1 "ai"
    .port_info 2 /INPUT 1 "bi"
v0x559f691f2fa0_0 .net "ai", 0 0, L_0x559f692049d0;  1 drivers
v0x559f691f3080_0 .net "bi", 0 0, L_0x559f69204aa0;  1 drivers
v0x559f691f3140_0 .var "x", 7 0;
E_0x559f691f2f20 .event edge, v0x559f691f3080_0, v0x559f691f2fa0_0;
S_0x559f691f32b0 .scope module, "kpg_7" "kpg" 3 27, 3 1 0, S_0x559f691f0840;
 .timescale 0 0;
    .port_info 0 /OUTPUT 8 "x"
    .port_info 1 /INPUT 1 "ai"
    .port_info 2 /INPUT 1 "bi"
v0x559f691f3550_0 .net "ai", 0 0, L_0x559f69204e40;  1 drivers
v0x559f691f3630_0 .net "bi", 0 0, L_0x559f692050b0;  1 drivers
v0x559f691f36f0_0 .var "x", 7 0;
E_0x559f691f34d0 .event edge, v0x559f691f3630_0, v0x559f691f3550_0;
S_0x559f691f3ba0 .scope module, "kpg_3" "kpg2" 2 20, 3 17 0, S_0x559f691b01f0;
 .timescale 0 0;
    .port_info 0 /OUTPUT 64 "x"
    .port_info 1 /INPUT 8 "ai"
    .port_info 2 /INPUT 8 "bi"
v0x559f691f6bb0_0 .net "ai", 7 0, L_0x559f69206760;  1 drivers
v0x559f691f6c90_0 .net "bi", 7 0, L_0x559f69206800;  1 drivers
v0x559f691f6d70_0 .net "x", 63 0, L_0x559f692060c0;  1 drivers
L_0x559f69205410 .part L_0x559f69206760, 0, 1;
L_0x559f692054e0 .part L_0x559f69206800, 0, 1;
L_0x559f692055e0 .part L_0x559f69206760, 1, 1;
L_0x559f692056b0 .part L_0x559f69206800, 1, 1;
L_0x559f69205780 .part L_0x559f69206760, 2, 1;
L_0x559f69205820 .part L_0x559f69206800, 2, 1;
L_0x559f69205930 .part L_0x559f69206760, 3, 1;
L_0x559f692059d0 .part L_0x559f69206800, 3, 1;
L_0x559f69205af0 .part L_0x559f69206760, 4, 1;
L_0x559f69205bc0 .part L_0x559f69206800, 4, 1;
L_0x559f69205c90 .part L_0x559f69206760, 5, 1;
L_0x559f69205d60 .part L_0x559f69206800, 5, 1;
L_0x559f69205ea0 .part L_0x559f69206760, 6, 1;
L_0x559f69205f70 .part L_0x559f69206800, 6, 1;
LS_0x559f692060c0_0_0 .concat8 [ 8 8 8 8], v0x559f691f4240_0, v0x559f691f47f0_0, v0x559f691f4db0_0, v0x559f691f5360_0;
LS_0x559f692060c0_0_4 .concat8 [ 8 8 8 8], v0x559f691f5960_0, v0x559f691f5ee0_0, v0x559f691f6490_0, v0x559f691f6a40_0;
L_0x559f692060c0 .concat8 [ 32 32 0 0], LS_0x559f692060c0_0_0, LS_0x559f692060c0_0_4;
L_0x559f69206310 .part L_0x559f69206760, 7, 1;
L_0x559f69206580 .part L_0x559f69206800, 7, 1;
S_0x559f691f3dc0 .scope module, "kpg_0" "kpg" 3 20, 3 1 0, S_0x559f691f3ba0;
 .timescale 0 0;
    .port_info 0 /OUTPUT 8 "x"
    .port_info 1 /INPUT 1 "ai"
    .port_info 2 /INPUT 1 "bi"
v0x559f691f40a0_0 .net "ai", 0 0, L_0x559f69205410;  1 drivers
v0x559f691f4180_0 .net "bi", 0 0, L_0x559f692054e0;  1 drivers
v0x559f691f4240_0 .var "x", 7 0;
E_0x559f691f4020 .event edge, v0x559f691f4180_0, v0x559f691f40a0_0;
S_0x559f691f43b0 .scope module, "kpg_1" "kpg" 3 21, 3 1 0, S_0x559f691f3ba0;
 .timescale 0 0;
    .port_info 0 /OUTPUT 8 "x"
    .port_info 1 /INPUT 1 "ai"
    .port_info 2 /INPUT 1 "bi"
v0x559f691f4650_0 .net "ai", 0 0, L_0x559f692055e0;  1 drivers
v0x559f691f4730_0 .net "bi", 0 0, L_0x559f692056b0;  1 drivers
v0x559f691f47f0_0 .var "x", 7 0;
E_0x559f691f45d0 .event edge, v0x559f691f4730_0, v0x559f691f4650_0;
S_0x559f691f4960 .scope module, "kpg_2" "kpg" 3 22, 3 1 0, S_0x559f691f3ba0;
 .timescale 0 0;
    .port_info 0 /OUTPUT 8 "x"
    .port_info 1 /INPUT 1 "ai"
    .port_info 2 /INPUT 1 "bi"
v0x559f691f4c10_0 .net "ai", 0 0, L_0x559f69205780;  1 drivers
v0x559f691f4cf0_0 .net "bi", 0 0, L_0x559f69205820;  1 drivers
v0x559f691f4db0_0 .var "x", 7 0;
E_0x559f691f4bb0 .event edge, v0x559f691f4cf0_0, v0x559f691f4c10_0;
S_0x559f691f4f20 .scope module, "kpg_3" "kpg" 3 23, 3 1 0, S_0x559f691f3ba0;
 .timescale 0 0;
    .port_info 0 /OUTPUT 8 "x"
    .port_info 1 /INPUT 1 "ai"
    .port_info 2 /INPUT 1 "bi"
v0x559f691f51c0_0 .net "ai", 0 0, L_0x559f69205930;  1 drivers
v0x559f691f52a0_0 .net "bi", 0 0, L_0x559f692059d0;  1 drivers
v0x559f691f5360_0 .var "x", 7 0;
E_0x559f691f5140 .event edge, v0x559f691f52a0_0, v0x559f691f51c0_0;
S_0x559f691f54d0 .scope module, "kpg_4" "kpg" 3 24, 3 1 0, S_0x559f691f3ba0;
 .timescale 0 0;
    .port_info 0 /OUTPUT 8 "x"
    .port_info 1 /INPUT 1 "ai"
    .port_info 2 /INPUT 1 "bi"
v0x559f691f57c0_0 .net "ai", 0 0, L_0x559f69205af0;  1 drivers
v0x559f691f58a0_0 .net "bi", 0 0, L_0x559f69205bc0;  1 drivers
v0x559f691f5960_0 .var "x", 7 0;
E_0x559f691f5740 .event edge, v0x559f691f58a0_0, v0x559f691f57c0_0;
S_0x559f691f5aa0 .scope module, "kpg_5" "kpg" 3 25, 3 1 0, S_0x559f691f3ba0;
 .timescale 0 0;
    .port_info 0 /OUTPUT 8 "x"
    .port_info 1 /INPUT 1 "ai"
    .port_info 2 /INPUT 1 "bi"
v0x559f691f5d40_0 .net "ai", 0 0, L_0x559f69205c90;  1 drivers
v0x559f691f5e20_0 .net "bi", 0 0, L_0x559f69205d60;  1 drivers
v0x559f691f5ee0_0 .var "x", 7 0;
E_0x559f691f5cc0 .event edge, v0x559f691f5e20_0, v0x559f691f5d40_0;
S_0x559f691f6050 .scope module, "kpg_6" "kpg" 3 26, 3 1 0, S_0x559f691f3ba0;
 .timescale 0 0;
    .port_info 0 /OUTPUT 8 "x"
    .port_info 1 /INPUT 1 "ai"
    .port_info 2 /INPUT 1 "bi"
v0x559f691f62f0_0 .net "ai", 0 0, L_0x559f69205ea0;  1 drivers
v0x559f691f63d0_0 .net "bi", 0 0, L_0x559f69205f70;  1 drivers
v0x559f691f6490_0 .var "x", 7 0;
E_0x559f691f6270 .event edge, v0x559f691f63d0_0, v0x559f691f62f0_0;
S_0x559f691f6600 .scope module, "kpg_7" "kpg" 3 27, 3 1 0, S_0x559f691f3ba0;
 .timescale 0 0;
    .port_info 0 /OUTPUT 8 "x"
    .port_info 1 /INPUT 1 "ai"
    .port_info 2 /INPUT 1 "bi"
v0x559f691f68a0_0 .net "ai", 0 0, L_0x559f69206310;  1 drivers
v0x559f691f6980_0 .net "bi", 0 0, L_0x559f69206580;  1 drivers
v0x559f691f6a40_0 .var "x", 7 0;
E_0x559f691f6820 .event edge, v0x559f691f6980_0, v0x559f691f68a0_0;
S_0x559f691f6ef0 .scope module, "m1" "dff" 2 15, 4 1 0, S_0x559f691b01f0;
 .timescale 0 0;
    .port_info 0 /INPUT 32 "a"
    .port_info 1 /INPUT 32 "b"
    .port_info 2 /INPUT 1 "rst"
    .port_info 3 /INPUT 1 "clk"
    .port_info 4 /OUTPUT 32 "c"
    .port_info 5 /OUTPUT 32 "d"
v0x559f691f7250_0 .net "a", 31 0, v0x559f69200da0_0;  alias, 1 drivers
v0x559f691f7350_0 .net "b", 31 0, v0x559f69200ed0_0;  alias, 1 drivers
v0x559f691f7430_0 .var "c", 31 0;
v0x559f691f74f0_0 .net "clk", 0 0, v0x559f69200fe0_0;  alias, 1 drivers
v0x559f691f75b0_0 .var "d", 31 0;
v0x559f691f76e0_0 .net "rst", 0 0, v0x559f69201140_0;  alias, 1 drivers
E_0x559f691f71f0 .event posedge, v0x559f691f74f0_0;
S_0x559f691f78a0 .scope module, "ppc_0" "ppc" 2 23, 5 19 0, S_0x559f691b01f0;
 .timescale 0 0;
    .port_info 0 /OUTPUT 256 "y"
    .port_info 1 /INPUT 256 "x"
    .port_info 2 /INPUT 1 "rst"
    .port_info 3 /INPUT 1 "clk"
    .port_info 4 /INPUT 32 "a"
    .port_info 5 /INPUT 32 "b"
    .port_info 6 /OUTPUT 32 "c"
    .port_info 7 /OUTPUT 32 "d"
v0x559f691fe400_0 .net "a", 31 0, v0x559f691f7430_0;  alias, 1 drivers
v0x559f691fe510_0 .net "b", 31 0, v0x559f691f75b0_0;  alias, 1 drivers
v0x559f691fe620_0 .net "c", 31 0, v0x559f691fb9c0_0;  alias, 1 drivers
v0x559f691fe6c0_0 .net "clk", 0 0, v0x559f69200fe0_0;  alias, 1 drivers
v0x559f691fe760_0 .net "d", 31 0, v0x559f691fbaa0_0;  alias, 1 drivers
v0x559f691fe850_0 .net "reg1", 255 0, v0x559f691f8220_0;  1 drivers
v0x559f691fe970_0 .net "reg2", 255 0, v0x559f691f8cf0_0;  1 drivers
v0x559f691fea60_0 .net "reg3", 255 0, v0x559f691f97e0_0;  1 drivers
v0x559f691feb50_0 .net "reg4", 255 0, v0x559f691fa2a0_0;  1 drivers
v0x559f691fec80_0 .net "reg5", 255 0, v0x559f691fad70_0;  1 drivers
v0x559f691fed70_0 .net "rst", 0 0, v0x559f69201140_0;  alias, 1 drivers
v0x559f691fee10_0 .net "wr1", 255 0, v0x559f691fc2e0_0;  1 drivers
v0x559f691fef00_0 .net "wr10", 31 0, v0x559f691f9970_0;  1 drivers
v0x559f691feff0_0 .net "wr11", 31 0, v0x559f691f9a50_0;  1 drivers
v0x559f691ff100_0 .net "wr12", 31 0, v0x559f691fa470_0;  1 drivers
v0x559f691ff210_0 .net "wr13", 31 0, v0x559f691fa550_0;  1 drivers
v0x559f691ff320_0 .net "wr14", 31 0, v0x559f691faf00_0;  1 drivers
v0x559f691ff430_0 .net "wr15", 31 0, v0x559f691fafe0_0;  1 drivers
v0x559f691ff540_0 .net "wr2", 255 0, v0x559f691fcac0_0;  1 drivers
v0x559f691ff630_0 .net "wr3", 255 0, v0x559f691fd2e0_0;  1 drivers
v0x559f691ff720_0 .net "wr4", 255 0, v0x559f691fdac0_0;  1 drivers
v0x559f691ff810_0 .net "wr5", 255 0, v0x559f691fe2a0_0;  1 drivers
v0x559f691ff900_0 .net "wr6", 31 0, v0x559f691f83e0_0;  1 drivers
v0x559f691ffa10_0 .net "wr7", 31 0, v0x559f691f8480_0;  1 drivers
v0x559f691ffb20_0 .net "wr8", 31 0, v0x559f691f8ed0_0;  1 drivers
v0x559f691ffc30_0 .net "wr9", 31 0, v0x559f691f8fb0_0;  1 drivers
v0x559f691ffd40_0 .net "x", 255 0, L_0x559f69206a90;  1 drivers
v0x559f691ffde0_0 .net "y", 255 0, v0x559f691fb830_0;  alias, 1 drivers
S_0x559f691f7b90 .scope module, "c1" "dff_lvl" 5 32, 5 3 0, S_0x559f691f78a0;
 .timescale 0 0;
    .port_info 0 /INPUT 256 "d"
    .port_info 1 /INPUT 1 "rst"
    .port_info 2 /INPUT 1 "clk"
    .port_info 3 /OUTPUT 256 "q"
    .port_info 4 /OUTPUT 32 "wr1"
    .port_info 5 /OUTPUT 32 "wr2"
    .port_info 6 /INPUT 32 "a"
    .port_info 7 /INPUT 32 "b"
v0x559f691f7ea0_0 .net "a", 31 0, v0x559f691f7430_0;  alias, 1 drivers
v0x559f691f7f80_0 .net "b", 31 0, v0x559f691f75b0_0;  alias, 1 drivers
v0x559f691f8050_0 .net "clk", 0 0, v0x559f69200fe0_0;  alias, 1 drivers
v0x559f691f8150_0 .net "d", 255 0, L_0x559f69206a90;  alias, 1 drivers
v0x559f691f8220_0 .var "q", 255 0;
v0x559f691f8310_0 .net "rst", 0 0, v0x559f69201140_0;  alias, 1 drivers
v0x559f691f83e0_0 .var "wr1", 31 0;
v0x559f691f8480_0 .var "wr2", 31 0;
S_0x559f691f86b0 .scope module, "c2" "dff_lvl" 5 35, 5 3 0, S_0x559f691f78a0;
 .timescale 0 0;
    .port_info 0 /INPUT 256 "d"
    .port_info 1 /INPUT 1 "rst"
    .port_info 2 /INPUT 1 "clk"
    .port_info 3 /OUTPUT 256 "q"
    .port_info 4 /OUTPUT 32 "wr1"
    .port_info 5 /OUTPUT 32 "wr2"
    .port_info 6 /INPUT 32 "a"
    .port_info 7 /INPUT 32 "b"
v0x559f691f8970_0 .net "a", 31 0, v0x559f691f83e0_0;  alias, 1 drivers
v0x559f691f8a60_0 .net "b", 31 0, v0x559f691f8480_0;  alias, 1 drivers
v0x559f691f8b30_0 .net "clk", 0 0, v0x559f69200fe0_0;  alias, 1 drivers
v0x559f691f8c50_0 .net "d", 255 0, v0x559f691fc2e0_0;  alias, 1 drivers
v0x559f691f8cf0_0 .var "q", 255 0;
v0x559f691f8de0_0 .net "rst", 0 0, v0x559f69201140_0;  alias, 1 drivers
v0x559f691f8ed0_0 .var "wr1", 31 0;
v0x559f691f8fb0_0 .var "wr2", 31 0;
S_0x559f691f91e0 .scope module, "c3" "dff_lvl" 5 38, 5 3 0, S_0x559f691f78a0;
 .timescale 0 0;
    .port_info 0 /INPUT 256 "d"
    .port_info 1 /INPUT 1 "rst"
    .port_info 2 /INPUT 1 "clk"
    .port_info 3 /OUTPUT 256 "q"
    .port_info 4 /OUTPUT 32 "wr1"
    .port_info 5 /OUTPUT 32 "wr2"
    .port_info 6 /INPUT 32 "a"
    .port_info 7 /INPUT 32 "b"
v0x559f691f9480_0 .net "a", 31 0, v0x559f691f8ed0_0;  alias, 1 drivers
v0x559f691f9570_0 .net "b", 31 0, v0x559f691f8fb0_0;  alias, 1 drivers
v0x559f691f9640_0 .net "clk", 0 0, v0x559f69200fe0_0;  alias, 1 drivers
v0x559f691f9710_0 .net "d", 255 0, v0x559f691fcac0_0;  alias, 1 drivers
v0x559f691f97e0_0 .var "q", 255 0;
v0x559f691f98d0_0 .net "rst", 0 0, v0x559f69201140_0;  alias, 1 drivers
v0x559f691f9970_0 .var "wr1", 31 0;
v0x559f691f9a50_0 .var "wr2", 31 0;
S_0x559f691f9c80 .scope module, "c4" "dff_lvl" 5 41, 5 3 0, S_0x559f691f78a0;
 .timescale 0 0;
    .port_info 0 /INPUT 256 "d"
    .port_info 1 /INPUT 1 "rst"
    .port_info 2 /INPUT 1 "clk"
    .port_info 3 /OUTPUT 256 "q"
    .port_info 4 /OUTPUT 32 "wr1"
    .port_info 5 /OUTPUT 32 "wr2"
    .port_info 6 /INPUT 32 "a"
    .port_info 7 /INPUT 32 "b"
v0x559f691f9f20_0 .net "a", 31 0, v0x559f691f9970_0;  alias, 1 drivers
v0x559f691fa030_0 .net "b", 31 0, v0x559f691f9a50_0;  alias, 1 drivers
v0x559f691fa100_0 .net "clk", 0 0, v0x559f69200fe0_0;  alias, 1 drivers
v0x559f691fa1d0_0 .net "d", 255 0, v0x559f691fd2e0_0;  alias, 1 drivers
v0x559f691fa2a0_0 .var "q", 255 0;
v0x559f691fa340_0 .net "rst", 0 0, v0x559f69201140_0;  alias, 1 drivers
v0x559f691fa470_0 .var "wr1", 31 0;
v0x559f691fa550_0 .var "wr2", 31 0;
S_0x559f691fa730 .scope module, "c5" "dff_lvl" 5 44, 5 3 0, S_0x559f691f78a0;
 .timescale 0 0;
    .port_info 0 /INPUT 256 "d"
    .port_info 1 /INPUT 1 "rst"
    .port_info 2 /INPUT 1 "clk"
    .port_info 3 /OUTPUT 256 "q"
    .port_info 4 /OUTPUT 32 "wr1"
    .port_info 5 /OUTPUT 32 "wr2"
    .port_info 6 /INPUT 32 "a"
    .port_info 7 /INPUT 32 "b"
v0x559f691faa20_0 .net "a", 31 0, v0x559f691fa470_0;  alias, 1 drivers
v0x559f691fab00_0 .net "b", 31 0, v0x559f691fa550_0;  alias, 1 drivers
v0x559f691fabd0_0 .net "clk", 0 0, v0x559f69200fe0_0;  alias, 1 drivers
v0x559f691faca0_0 .net "d", 255 0, v0x559f691fdac0_0;  alias, 1 drivers
v0x559f691fad70_0 .var "q", 255 0;
v0x559f691fae60_0 .net "rst", 0 0, v0x559f69201140_0;  alias, 1 drivers
v0x559f691faf00_0 .var "wr1", 31 0;
v0x559f691fafe0_0 .var "wr2", 31 0;
S_0x559f691fb210 .scope module, "c6" "dff_lvl" 5 47, 5 3 0, S_0x559f691f78a0;
 .timescale 0 0;
    .port_info 0 /INPUT 256 "d"
    .port_info 1 /INPUT 1 "rst"
    .port_info 2 /INPUT 1 "clk"
    .port_info 3 /OUTPUT 256 "q"
    .port_info 4 /OUTPUT 32 "wr1"
    .port_info 5 /OUTPUT 32 "wr2"
    .port_info 6 /INPUT 32 "a"
    .port_info 7 /INPUT 32 "b"
v0x559f691fb4b0_0 .net "a", 31 0, v0x559f691faf00_0;  alias, 1 drivers
v0x559f691fb5c0_0 .net "b", 31 0, v0x559f691fafe0_0;  alias, 1 drivers
v0x559f691fb690_0 .net "clk", 0 0, v0x559f69200fe0_0;  alias, 1 drivers
v0x559f691fb760_0 .net "d", 255 0, v0x559f691fe2a0_0;  alias, 1 drivers
v0x559f691fb830_0 .var "q", 255 0;
v0x559f691fb920_0 .net "rst", 0 0, v0x559f69201140_0;  alias, 1 drivers
v0x559f691fb9c0_0 .var "wr1", 31 0;
v0x559f691fbaa0_0 .var "wr2", 31 0;
S_0x559f691fbcd0 .scope module, "m1" "lvl" 5 33, 6 1 0, S_0x559f691f78a0;
 .timescale 0 0;
    .port_info 0 /OUTPUT 256 "y"
    .port_info 1 /INPUT 256 "x"
    .port_info 2 /INPUT 3 "k"
v0x559f691fbf10_0 .var/i "i", 31 0;
v0x559f691fc010_0 .var/i "j", 31 0;
L_0x7f8c6a139018 .functor BUFT 1, C4<000>, C4<0>, C4<0>, C4<0>;
v0x559f691fc0f0_0 .net "k", 2 0, L_0x7f8c6a139018;  1 drivers
v0x559f691fc1e0_0 .net "x", 255 0, v0x559f691f8220_0;  alias, 1 drivers
v0x559f691fc2e0_0 .var "y", 255 0;
E_0x559f691f7110/0 .event edge, v0x559f691fc0f0_0, v0x559f691fbf10_0, v0x559f691f8220_0, v0x559f691fc010_0;
E_0x559f691f7110/1 .event edge, v0x559f691f8c50_0;
E_0x559f691f7110 .event/or E_0x559f691f7110/0, E_0x559f691f7110/1;
S_0x559f691fc440 .scope module, "m2" "lvl" 5 36, 6 1 0, S_0x559f691f78a0;
 .timescale 0 0;
    .port_info 0 /OUTPUT 256 "y"
    .port_info 1 /INPUT 256 "x"
    .port_info 2 /INPUT 3 "k"
v0x559f691fc6f0_0 .var/i "i", 31 0;
v0x559f691fc7f0_0 .var/i "j", 31 0;
L_0x7f8c6a139060 .functor BUFT 1, C4<001>, C4<0>, C4<0>, C4<0>;
v0x559f691fc8d0_0 .net "k", 2 0, L_0x7f8c6a139060;  1 drivers
v0x559f691fc9c0_0 .net "x", 255 0, v0x559f691f8cf0_0;  alias, 1 drivers
v0x559f691fcac0_0 .var "y", 255 0;
E_0x559f691fc660/0 .event edge, v0x559f691fc8d0_0, v0x559f691fc6f0_0, v0x559f691f8cf0_0, v0x559f691fc7f0_0;
E_0x559f691fc660/1 .event edge, v0x559f691f9710_0;
E_0x559f691fc660 .event/or E_0x559f691fc660/0, E_0x559f691fc660/1;
S_0x559f691fcc20 .scope module, "m3" "lvl" 5 39, 6 1 0, S_0x559f691f78a0;
 .timescale 0 0;
    .port_info 0 /OUTPUT 256 "y"
    .port_info 1 /INPUT 256 "x"
    .port_info 2 /INPUT 3 "k"
v0x559f691fcf10_0 .var/i "i", 31 0;
v0x559f691fd010_0 .var/i "j", 31 0;
L_0x7f8c6a1390a8 .functor BUFT 1, C4<010>, C4<0>, C4<0>, C4<0>;
v0x559f691fd0f0_0 .net "k", 2 0, L_0x7f8c6a1390a8;  1 drivers
v0x559f691fd1e0_0 .net "x", 255 0, v0x559f691f97e0_0;  alias, 1 drivers
v0x559f691fd2e0_0 .var "y", 255 0;
E_0x559f691fce80/0 .event edge, v0x559f691fd0f0_0, v0x559f691fcf10_0, v0x559f691f97e0_0, v0x559f691fd010_0;
E_0x559f691fce80/1 .event edge, v0x559f691fa1d0_0;
E_0x559f691fce80 .event/or E_0x559f691fce80/0, E_0x559f691fce80/1;
S_0x559f691fd440 .scope module, "m4" "lvl" 5 42, 6 1 0, S_0x559f691f78a0;
 .timescale 0 0;
    .port_info 0 /OUTPUT 256 "y"
    .port_info 1 /INPUT 256 "x"
    .port_info 2 /INPUT 3 "k"
v0x559f691fd6f0_0 .var/i "i", 31 0;
v0x559f691fd7f0_0 .var/i "j", 31 0;
L_0x7f8c6a1390f0 .functor BUFT 1, C4<011>, C4<0>, C4<0>, C4<0>;
v0x559f691fd8d0_0 .net "k", 2 0, L_0x7f8c6a1390f0;  1 drivers
v0x559f691fd9c0_0 .net "x", 255 0, v0x559f691fa2a0_0;  alias, 1 drivers
v0x559f691fdac0_0 .var "y", 255 0;
E_0x559f691fd660/0 .event edge, v0x559f691fd8d0_0, v0x559f691fd6f0_0, v0x559f691fa2a0_0, v0x559f691fd7f0_0;
E_0x559f691fd660/1 .event edge, v0x559f691faca0_0;
E_0x559f691fd660 .event/or E_0x559f691fd660/0, E_0x559f691fd660/1;
S_0x559f691fdc20 .scope module, "m5" "lvl" 5 45, 6 1 0, S_0x559f691f78a0;
 .timescale 0 0;
    .port_info 0 /OUTPUT 256 "y"
    .port_info 1 /INPUT 256 "x"
    .port_info 2 /INPUT 3 "k"
v0x559f691fded0_0 .var/i "i", 31 0;
v0x559f691fdfd0_0 .var/i "j", 31 0;
L_0x7f8c6a139138 .functor BUFT 1, C4<100>, C4<0>, C4<0>, C4<0>;
v0x559f691fe0b0_0 .net "k", 2 0, L_0x7f8c6a139138;  1 drivers
v0x559f691fe1a0_0 .net "x", 255 0, v0x559f691fad70_0;  alias, 1 drivers
v0x559f691fe2a0_0 .var "y", 255 0;
E_0x559f691fde40/0 .event edge, v0x559f691fe0b0_0, v0x559f691fded0_0, v0x559f691fad70_0, v0x559f691fdfd0_0;
E_0x559f691fde40/1 .event edge, v0x559f691fb760_0;
E_0x559f691fde40 .event/or E_0x559f691fde40/0, E_0x559f691fde40/1;
    .scope S_0x559f691f6ef0;
T_0 ;
    %wait E_0x559f691f71f0;
    %load/vec4 v0x559f691f76e0_0;
    %nor/r;
    %flag_set/vec4 8;
    %jmp/0xz  T_0.0, 8;
    %pushi/vec4 0, 0, 32;
    %store/vec4 v0x559f691f7430_0, 0, 32;
    %pushi/vec4 0, 0, 32;
    %store/vec4 v0x559f691f75b0_0, 0, 32;
    %jmp T_0.1;
T_0.0 ;
    %load/vec4 v0x559f691f7250_0;
    %store/vec4 v0x559f691f7430_0, 0, 32;
    %load/vec4 v0x559f691f7350_0;
    %store/vec4 v0x559f691f75b0_0, 0, 32;
T_0.1 ;
    %jmp T_0;
    .thread T_0;
    .scope S_0x559f691b97c0;
T_1 ;
    %wait E_0x559f6916dc30;
    %load/vec4 v0x559f691d5480_0;
    %load/vec4 v0x559f691d4ba0_0;
    %cmp/e;
    %jmp/0xz  T_1.0, 4;
    %load/vec4 v0x559f691d5480_0;
    %pad/u 32;
    %cmpi/e 0, 0, 32;
    %jmp/0xz  T_1.2, 4;
    %pushi/vec4 107, 0, 8; draw_string_vec4
    %store/vec4 v0x559f691cfae0_0, 0, 8;
    %jmp T_1.3;
T_1.2 ;
    %pushi/vec4 103, 0, 8; draw_string_vec4
    %store/vec4 v0x559f691cfae0_0, 0, 8;
T_1.3 ;
    %jmp T_1.1;
T_1.0 ;
    %pushi/vec4 112, 0, 8; draw_string_vec4
    %store/vec4 v0x559f691cfae0_0, 0, 8;
T_1.1 ;
    %jmp T_1;
    .thread T_1, $push;
    .scope S_0x559f691eadf0;
T_2 ;
    %wait E_0x559f6916df70;
    %load/vec4 v0x559f691caa20_0;
    %load/vec4 v0x559f691c5960_0;
    %cmp/e;
    %jmp/0xz  T_2.0, 4;
    %load/vec4 v0x559f691caa20_0;
    %pad/u 32;
    %cmpi/e 0, 0, 32;
    %jmp/0xz  T_2.2, 4;
    %pushi/vec4 107, 0, 8; draw_string_vec4
    %store/vec4 v0x559f691c08a0_0, 0, 8;
    %jmp T_2.3;
T_2.2 ;
    %pushi/vec4 103, 0, 8; draw_string_vec4
    %store/vec4 v0x559f691c08a0_0, 0, 8;
T_2.3 ;
    %jmp T_2.1;
T_2.0 ;
    %pushi/vec4 112, 0, 8; draw_string_vec4
    %store/vec4 v0x559f691c08a0_0, 0, 8;
T_2.1 ;
    %jmp T_2;
    .thread T_2, $push;
    .scope S_0x559f691eb150;
T_3 ;
    %wait E_0x559f6916cdf0;
    %load/vec4 v0x559f691b5250_0;
    %load/vec4 v0x559f691eb3d0_0;
    %cmp/e;
    %jmp/0xz  T_3.0, 4;
    %load/vec4 v0x559f691b5250_0;
    %pad/u 32;
    %cmpi/e 0, 0, 32;
    %jmp/0xz  T_3.2, 4;
    %pushi/vec4 107, 0, 8; draw_string_vec4
    %store/vec4 v0x559f691eb490_0, 0, 8;
    %jmp T_3.3;
T_3.2 ;
    %pushi/vec4 103, 0, 8; draw_string_vec4
    %store/vec4 v0x559f691eb490_0, 0, 8;
T_3.3 ;
    %jmp T_3.1;
T_3.0 ;
    %pushi/vec4 112, 0, 8; draw_string_vec4
    %store/vec4 v0x559f691eb490_0, 0, 8;
T_3.1 ;
    %jmp T_3;
    .thread T_3, $push;
    .scope S_0x559f691eb5d0;
T_4 ;
    %wait E_0x559f691d8ae0;
    %load/vec4 v0x559f691eb830_0;
    %load/vec4 v0x559f691eb910_0;
    %cmp/e;
    %jmp/0xz  T_4.0, 4;
    %load/vec4 v0x559f691eb830_0;
    %pad/u 32;
    %cmpi/e 0, 0, 32;
    %jmp/0xz  T_4.2, 4;
    %pushi/vec4 107, 0, 8; draw_string_vec4
    %store/vec4 v0x559f691eb9d0_0, 0, 8;
    %jmp T_4.3;
T_4.2 ;
    %pushi/vec4 103, 0, 8; draw_string_vec4
    %store/vec4 v0x559f691eb9d0_0, 0, 8;
T_4.3 ;
    %jmp T_4.1;
T_4.0 ;
    %pushi/vec4 112, 0, 8; draw_string_vec4
    %store/vec4 v0x559f691eb9d0_0, 0, 8;
T_4.1 ;
    %jmp T_4;
    .thread T_4, $push;
    .scope S_0x559f691ebb10;
T_5 ;
    %wait E_0x559f691d8b20;
    %load/vec4 v0x559f691ebdc0_0;
    %load/vec4 v0x559f691ebea0_0;
    %cmp/e;
    %jmp/0xz  T_5.0, 4;
    %load/vec4 v0x559f691ebdc0_0;
    %pad/u 32;
    %cmpi/e 0, 0, 32;
    %jmp/0xz  T_5.2, 4;
    %pushi/vec4 107, 0, 8; draw_string_vec4
    %store/vec4 v0x559f691ebf60_0, 0, 8;
    %jmp T_5.3;
T_5.2 ;
    %pushi/vec4 103, 0, 8; draw_string_vec4
    %store/vec4 v0x559f691ebf60_0, 0, 8;
T_5.3 ;
    %jmp T_5.1;
T_5.0 ;
    %pushi/vec4 112, 0, 8; draw_string_vec4
    %store/vec4 v0x559f691ebf60_0, 0, 8;
T_5.1 ;
    %jmp T_5;
    .thread T_5, $push;
    .scope S_0x559f691ec0a0;
T_6 ;
    %wait E_0x559f691ec2c0;
    %load/vec4 v0x559f691ec340_0;
    %load/vec4 v0x559f691ec420_0;
    %cmp/e;
    %jmp/0xz  T_6.0, 4;
    %load/vec4 v0x559f691ec340_0;
    %pad/u 32;
    %cmpi/e 0, 0, 32;
    %jmp/0xz  T_6.2, 4;
    %pushi/vec4 107, 0, 8; draw_string_vec4
    %store/vec4 v0x559f691ec4e0_0, 0, 8;
    %jmp T_6.3;
T_6.2 ;
    %pushi/vec4 103, 0, 8; draw_string_vec4
    %store/vec4 v0x559f691ec4e0_0, 0, 8;
T_6.3 ;
    %jmp T_6.1;
T_6.0 ;
    %pushi/vec4 112, 0, 8; draw_string_vec4
    %store/vec4 v0x559f691ec4e0_0, 0, 8;
T_6.1 ;
    %jmp T_6;
    .thread T_6, $push;
    .scope S_0x559f691ec650;
T_7 ;
    %wait E_0x559f691ec870;
    %load/vec4 v0x559f691ec8f0_0;
    %load/vec4 v0x559f691ec9d0_0;
    %cmp/e;
    %jmp/0xz  T_7.0, 4;
    %load/vec4 v0x559f691ec8f0_0;
    %pad/u 32;
    %cmpi/e 0, 0, 32;
    %jmp/0xz  T_7.2, 4;
    %pushi/vec4 107, 0, 8; draw_string_vec4
    %store/vec4 v0x559f691eca90_0, 0, 8;
    %jmp T_7.3;
T_7.2 ;
    %pushi/vec4 103, 0, 8; draw_string_vec4
    %store/vec4 v0x559f691eca90_0, 0, 8;
T_7.3 ;
    %jmp T_7.1;
T_7.0 ;
    %pushi/vec4 112, 0, 8; draw_string_vec4
    %store/vec4 v0x559f691eca90_0, 0, 8;
T_7.1 ;
    %jmp T_7;
    .thread T_7, $push;
    .scope S_0x559f691ecc00;
T_8 ;
    %wait E_0x559f691ece20;
    %load/vec4 v0x559f691ecea0_0;
    %load/vec4 v0x559f691ecf80_0;
    %cmp/e;
    %jmp/0xz  T_8.0, 4;
    %load/vec4 v0x559f691ecea0_0;
    %pad/u 32;
    %cmpi/e 0, 0, 32;
    %jmp/0xz  T_8.2, 4;
    %pushi/vec4 107, 0, 8; draw_string_vec4
    %store/vec4 v0x559f691ed040_0, 0, 8;
    %jmp T_8.3;
T_8.2 ;
    %pushi/vec4 103, 0, 8; draw_string_vec4
    %store/vec4 v0x559f691ed040_0, 0, 8;
T_8.3 ;
    %jmp T_8.1;
T_8.0 ;
    %pushi/vec4 112, 0, 8; draw_string_vec4
    %store/vec4 v0x559f691ed040_0, 0, 8;
T_8.1 ;
    %jmp T_8;
    .thread T_8, $push;
    .scope S_0x559f691ed710;
T_9 ;
    %wait E_0x559f691ed970;
    %load/vec4 v0x559f691ed9f0_0;
    %load/vec4 v0x559f691edad0_0;
    %cmp/e;
    %jmp/0xz  T_9.0, 4;
    %load/vec4 v0x559f691ed9f0_0;
    %pad/u 32;
    %cmpi/e 0, 0, 32;
    %jmp/0xz  T_9.2, 4;
    %pushi/vec4 107, 0, 8; draw_string_vec4
    %store/vec4 v0x559f691edb90_0, 0, 8;
    %jmp T_9.3;
T_9.2 ;
    %pushi/vec4 103, 0, 8; draw_string_vec4
    %store/vec4 v0x559f691edb90_0, 0, 8;
T_9.3 ;
    %jmp T_9.1;
T_9.0 ;
    %pushi/vec4 112, 0, 8; draw_string_vec4
    %store/vec4 v0x559f691edb90_0, 0, 8;
T_9.1 ;
    %jmp T_9;
    .thread T_9, $push;
    .scope S_0x559f691edd00;
T_10 ;
    %wait E_0x559f691edf20;
    %load/vec4 v0x559f691edfa0_0;
    %load/vec4 v0x559f691ee080_0;
    %cmp/e;
    %jmp/0xz  T_10.0, 4;
    %load/vec4 v0x559f691edfa0_0;
    %pad/u 32;
    %cmpi/e 0, 0, 32;
    %jmp/0xz  T_10.2, 4;
    %pushi/vec4 107, 0, 8; draw_string_vec4
    %store/vec4 v0x559f691ee140_0, 0, 8;
    %jmp T_10.3;
T_10.2 ;
    %pushi/vec4 103, 0, 8; draw_string_vec4
    %store/vec4 v0x559f691ee140_0, 0, 8;
T_10.3 ;
    %jmp T_10.1;
T_10.0 ;
    %pushi/vec4 112, 0, 8; draw_string_vec4
    %store/vec4 v0x559f691ee140_0, 0, 8;
T_10.1 ;
    %jmp T_10;
    .thread T_10, $push;
    .scope S_0x559f691ee2b0;
T_11 ;
    %wait E_0x559f691ee500;
    %load/vec4 v0x559f691ee560_0;
    %load/vec4 v0x559f691ee640_0;
    %cmp/e;
    %jmp/0xz  T_11.0, 4;
    %load/vec4 v0x559f691ee560_0;
    %pad/u 32;
    %cmpi/e 0, 0, 32;
    %jmp/0xz  T_11.2, 4;
    %pushi/vec4 107, 0, 8; draw_string_vec4
    %store/vec4 v0x559f691ee700_0, 0, 8;
    %jmp T_11.3;
T_11.2 ;
    %pushi/vec4 103, 0, 8; draw_string_vec4
    %store/vec4 v0x559f691ee700_0, 0, 8;
T_11.3 ;
    %jmp T_11.1;
T_11.0 ;
    %pushi/vec4 112, 0, 8; draw_string_vec4
    %store/vec4 v0x559f691ee700_0, 0, 8;
T_11.1 ;
    %jmp T_11;
    .thread T_11, $push;
    .scope S_0x559f691ee870;
T_12 ;
    %wait E_0x559f691eea90;
    %load/vec4 v0x559f691eeb10_0;
    %load/vec4 v0x559f691eebf0_0;
    %cmp/e;
    %jmp/0xz  T_12.0, 4;
    %load/vec4 v0x559f691eeb10_0;
    %pad/u 32;
    %cmpi/e 0, 0, 32;
    %jmp/0xz  T_12.2, 4;
    %pushi/vec4 107, 0, 8; draw_string_vec4
    %store/vec4 v0x559f691eecb0_0, 0, 8;
    %jmp T_12.3;
T_12.2 ;
    %pushi/vec4 103, 0, 8; draw_string_vec4
    %store/vec4 v0x559f691eecb0_0, 0, 8;
T_12.3 ;
    %jmp T_12.1;
T_12.0 ;
    %pushi/vec4 112, 0, 8; draw_string_vec4
    %store/vec4 v0x559f691eecb0_0, 0, 8;
T_12.1 ;
    %jmp T_12;
    .thread T_12, $push;
    .scope S_0x559f691eee20;
T_13 ;
    %wait E_0x559f691ef090;
    %load/vec4 v0x559f691ef110_0;
    %load/vec4 v0x559f691ef1f0_0;
    %cmp/e;
    %jmp/0xz  T_13.0, 4;
    %load/vec4 v0x559f691ef110_0;
    %pad/u 32;
    %cmpi/e 0, 0, 32;
    %jmp/0xz  T_13.2, 4;
    %pushi/vec4 107, 0, 8; draw_string_vec4
    %store/vec4 v0x559f691ef2b0_0, 0, 8;
    %jmp T_13.3;
T_13.2 ;
    %pushi/vec4 103, 0, 8; draw_string_vec4
    %store/vec4 v0x559f691ef2b0_0, 0, 8;
T_13.3 ;
    %jmp T_13.1;
T_13.0 ;
    %pushi/vec4 112, 0, 8; draw_string_vec4
    %store/vec4 v0x559f691ef2b0_0, 0, 8;
T_13.1 ;
    %jmp T_13;
    .thread T_13, $push;
    .scope S_0x559f691ef3f0;
T_14 ;
    %wait E_0x559f691ef610;
    %load/vec4 v0x559f691ef690_0;
    %load/vec4 v0x559f691ef770_0;
    %cmp/e;
    %jmp/0xz  T_14.0, 4;
    %load/vec4 v0x559f691ef690_0;
    %pad/u 32;
    %cmpi/e 0, 0, 32;
    %jmp/0xz  T_14.2, 4;
    %pushi/vec4 107, 0, 8; draw_string_vec4
    %store/vec4 v0x559f691ef830_0, 0, 8;
    %jmp T_14.3;
T_14.2 ;
    %pushi/vec4 103, 0, 8; draw_string_vec4
    %store/vec4 v0x559f691ef830_0, 0, 8;
T_14.3 ;
    %jmp T_14.1;
T_14.0 ;
    %pushi/vec4 112, 0, 8; draw_string_vec4
    %store/vec4 v0x559f691ef830_0, 0, 8;
T_14.1 ;
    %jmp T_14;
    .thread T_14, $push;
    .scope S_0x559f691ef9a0;
T_15 ;
    %wait E_0x559f691efbc0;
    %load/vec4 v0x559f691efc40_0;
    %load/vec4 v0x559f691efd20_0;
    %cmp/e;
    %jmp/0xz  T_15.0, 4;
    %load/vec4 v0x559f691efc40_0;
    %pad/u 32;
    %cmpi/e 0, 0, 32;
    %jmp/0xz  T_15.2, 4;
    %pushi/vec4 107, 0, 8; draw_string_vec4
    %store/vec4 v0x559f691efde0_0, 0, 8;
    %jmp T_15.3;
T_15.2 ;
    %pushi/vec4 103, 0, 8; draw_string_vec4
    %store/vec4 v0x559f691efde0_0, 0, 8;
T_15.3 ;
    %jmp T_15.1;
T_15.0 ;
    %pushi/vec4 112, 0, 8; draw_string_vec4
    %store/vec4 v0x559f691efde0_0, 0, 8;
T_15.1 ;
    %jmp T_15;
    .thread T_15, $push;
    .scope S_0x559f691eff50;
T_16 ;
    %wait E_0x559f691f0170;
    %load/vec4 v0x559f691f01f0_0;
    %load/vec4 v0x559f691f02d0_0;
    %cmp/e;
    %jmp/0xz  T_16.0, 4;
    %load/vec4 v0x559f691f01f0_0;
    %pad/u 32;
    %cmpi/e 0, 0, 32;
    %jmp/0xz  T_16.2, 4;
    %pushi/vec4 107, 0, 8; draw_string_vec4
    %store/vec4 v0x559f691f0390_0, 0, 8;
    %jmp T_16.3;
T_16.2 ;
    %pushi/vec4 103, 0, 8; draw_string_vec4
    %store/vec4 v0x559f691f0390_0, 0, 8;
T_16.3 ;
    %jmp T_16.1;
T_16.0 ;
    %pushi/vec4 112, 0, 8; draw_string_vec4
    %store/vec4 v0x559f691f0390_0, 0, 8;
T_16.1 ;
    %jmp T_16;
    .thread T_16, $push;
    .scope S_0x559f691f0a90;
T_17 ;
    %wait E_0x559f691f0cd0;
    %load/vec4 v0x559f691f0d50_0;
    %load/vec4 v0x559f691f0e30_0;
    %cmp/e;
    %jmp/0xz  T_17.0, 4;
    %load/vec4 v0x559f691f0d50_0;
    %pad/u 32;
    %cmpi/e 0, 0, 32;
    %jmp/0xz  T_17.2, 4;
    %pushi/vec4 107, 0, 8; draw_string_vec4
    %store/vec4 v0x559f691f0ef0_0, 0, 8;
    %jmp T_17.3;
T_17.2 ;
    %pushi/vec4 103, 0, 8; draw_string_vec4
    %store/vec4 v0x559f691f0ef0_0, 0, 8;
T_17.3 ;
    %jmp T_17.1;
T_17.0 ;
    %pushi/vec4 112, 0, 8; draw_string_vec4
    %store/vec4 v0x559f691f0ef0_0, 0, 8;
T_17.1 ;
    %jmp T_17;
    .thread T_17, $push;
    .scope S_0x559f691f1060;
T_18 ;
    %wait E_0x559f691f1280;
    %load/vec4 v0x559f691f1300_0;
    %load/vec4 v0x559f691f13e0_0;
    %cmp/e;
    %jmp/0xz  T_18.0, 4;
    %load/vec4 v0x559f691f1300_0;
    %pad/u 32;
    %cmpi/e 0, 0, 32;
    %jmp/0xz  T_18.2, 4;
    %pushi/vec4 107, 0, 8; draw_string_vec4
    %store/vec4 v0x559f691f14a0_0, 0, 8;
    %jmp T_18.3;
T_18.2 ;
    %pushi/vec4 103, 0, 8; draw_string_vec4
    %store/vec4 v0x559f691f14a0_0, 0, 8;
T_18.3 ;
    %jmp T_18.1;
T_18.0 ;
    %pushi/vec4 112, 0, 8; draw_string_vec4
    %store/vec4 v0x559f691f14a0_0, 0, 8;
T_18.1 ;
    %jmp T_18;
    .thread T_18, $push;
    .scope S_0x559f691f1610;
T_19 ;
    %wait E_0x559f691f1860;
    %load/vec4 v0x559f691f18c0_0;
    %load/vec4 v0x559f691f19a0_0;
    %cmp/e;
    %jmp/0xz  T_19.0, 4;
    %load/vec4 v0x559f691f18c0_0;
    %pad/u 32;
    %cmpi/e 0, 0, 32;
    %jmp/0xz  T_19.2, 4;
    %pushi/vec4 107, 0, 8; draw_string_vec4
    %store/vec4 v0x559f691f1a60_0, 0, 8;
    %jmp T_19.3;
T_19.2 ;
    %pushi/vec4 103, 0, 8; draw_string_vec4
    %store/vec4 v0x559f691f1a60_0, 0, 8;
T_19.3 ;
    %jmp T_19.1;
T_19.0 ;
    %pushi/vec4 112, 0, 8; draw_string_vec4
    %store/vec4 v0x559f691f1a60_0, 0, 8;
T_19.1 ;
    %jmp T_19;
    .thread T_19, $push;
    .scope S_0x559f691f1bd0;
T_20 ;
    %wait E_0x559f691f1df0;
    %load/vec4 v0x559f691f1e70_0;
    %load/vec4 v0x559f691f1f50_0;
    %cmp/e;
    %jmp/0xz  T_20.0, 4;
    %load/vec4 v0x559f691f1e70_0;
    %pad/u 32;
    %cmpi/e 0, 0, 32;
    %jmp/0xz  T_20.2, 4;
    %pushi/vec4 107, 0, 8; draw_string_vec4
    %store/vec4 v0x559f691f2010_0, 0, 8;
    %jmp T_20.3;
T_20.2 ;
    %pushi/vec4 103, 0, 8; draw_string_vec4
    %store/vec4 v0x559f691f2010_0, 0, 8;
T_20.3 ;
    %jmp T_20.1;
T_20.0 ;
    %pushi/vec4 112, 0, 8; draw_string_vec4
    %store/vec4 v0x559f691f2010_0, 0, 8;
T_20.1 ;
    %jmp T_20;
    .thread T_20, $push;
    .scope S_0x559f691f2180;
T_21 ;
    %wait E_0x559f691f23f0;
    %load/vec4 v0x559f691f2470_0;
    %load/vec4 v0x559f691f2550_0;
    %cmp/e;
    %jmp/0xz  T_21.0, 4;
    %load/vec4 v0x559f691f2470_0;
    %pad/u 32;
    %cmpi/e 0, 0, 32;
    %jmp/0xz  T_21.2, 4;
    %pushi/vec4 107, 0, 8; draw_string_vec4
    %store/vec4 v0x559f691f2610_0, 0, 8;
    %jmp T_21.3;
T_21.2 ;
    %pushi/vec4 103, 0, 8; draw_string_vec4
    %store/vec4 v0x559f691f2610_0, 0, 8;
T_21.3 ;
    %jmp T_21.1;
T_21.0 ;
    %pushi/vec4 112, 0, 8; draw_string_vec4
    %store/vec4 v0x559f691f2610_0, 0, 8;
T_21.1 ;
    %jmp T_21;
    .thread T_21, $push;
    .scope S_0x559f691f2750;
T_22 ;
    %wait E_0x559f691f2970;
    %load/vec4 v0x559f691f29f0_0;
    %load/vec4 v0x559f691f2ad0_0;
    %cmp/e;
    %jmp/0xz  T_22.0, 4;
    %load/vec4 v0x559f691f29f0_0;
    %pad/u 32;
    %cmpi/e 0, 0, 32;
    %jmp/0xz  T_22.2, 4;
    %pushi/vec4 107, 0, 8; draw_string_vec4
    %store/vec4 v0x559f691f2b90_0, 0, 8;
    %jmp T_22.3;
T_22.2 ;
    %pushi/vec4 103, 0, 8; draw_string_vec4
    %store/vec4 v0x559f691f2b90_0, 0, 8;
T_22.3 ;
    %jmp T_22.1;
T_22.0 ;
    %pushi/vec4 112, 0, 8; draw_string_vec4
    %store/vec4 v0x559f691f2b90_0, 0, 8;
T_22.1 ;
    %jmp T_22;
    .thread T_22, $push;
    .scope S_0x559f691f2d00;
T_23 ;
    %wait E_0x559f691f2f20;
    %load/vec4 v0x559f691f2fa0_0;
    %load/vec4 v0x559f691f3080_0;
    %cmp/e;
    %jmp/0xz  T_23.0, 4;
    %load/vec4 v0x559f691f2fa0_0;
    %pad/u 32;
    %cmpi/e 0, 0, 32;
    %jmp/0xz  T_23.2, 4;
    %pushi/vec4 107, 0, 8; draw_string_vec4
    %store/vec4 v0x559f691f3140_0, 0, 8;
    %jmp T_23.3;
T_23.2 ;
    %pushi/vec4 103, 0, 8; draw_string_vec4
    %store/vec4 v0x559f691f3140_0, 0, 8;
T_23.3 ;
    %jmp T_23.1;
T_23.0 ;
    %pushi/vec4 112, 0, 8; draw_string_vec4
    %store/vec4 v0x559f691f3140_0, 0, 8;
T_23.1 ;
    %jmp T_23;
    .thread T_23, $push;
    .scope S_0x559f691f32b0;
T_24 ;
    %wait E_0x559f691f34d0;
    %load/vec4 v0x559f691f3550_0;
    %load/vec4 v0x559f691f3630_0;
    %cmp/e;
    %jmp/0xz  T_24.0, 4;
    %load/vec4 v0x559f691f3550_0;
    %pad/u 32;
    %cmpi/e 0, 0, 32;
    %jmp/0xz  T_24.2, 4;
    %pushi/vec4 107, 0, 8; draw_string_vec4
    %store/vec4 v0x559f691f36f0_0, 0, 8;
    %jmp T_24.3;
T_24.2 ;
    %pushi/vec4 103, 0, 8; draw_string_vec4
    %store/vec4 v0x559f691f36f0_0, 0, 8;
T_24.3 ;
    %jmp T_24.1;
T_24.0 ;
    %pushi/vec4 112, 0, 8; draw_string_vec4
    %store/vec4 v0x559f691f36f0_0, 0, 8;
T_24.1 ;
    %jmp T_24;
    .thread T_24, $push;
    .scope S_0x559f691f3dc0;
T_25 ;
    %wait E_0x559f691f4020;
    %load/vec4 v0x559f691f40a0_0;
    %load/vec4 v0x559f691f4180_0;
    %cmp/e;
    %jmp/0xz  T_25.0, 4;
    %load/vec4 v0x559f691f40a0_0;
    %pad/u 32;
    %cmpi/e 0, 0, 32;
    %jmp/0xz  T_25.2, 4;
    %pushi/vec4 107, 0, 8; draw_string_vec4
    %store/vec4 v0x559f691f4240_0, 0, 8;
    %jmp T_25.3;
T_25.2 ;
    %pushi/vec4 103, 0, 8; draw_string_vec4
    %store/vec4 v0x559f691f4240_0, 0, 8;
T_25.3 ;
    %jmp T_25.1;
T_25.0 ;
    %pushi/vec4 112, 0, 8; draw_string_vec4
    %store/vec4 v0x559f691f4240_0, 0, 8;
T_25.1 ;
    %jmp T_25;
    .thread T_25, $push;
    .scope S_0x559f691f43b0;
T_26 ;
    %wait E_0x559f691f45d0;
    %load/vec4 v0x559f691f4650_0;
    %load/vec4 v0x559f691f4730_0;
    %cmp/e;
    %jmp/0xz  T_26.0, 4;
    %load/vec4 v0x559f691f4650_0;
    %pad/u 32;
    %cmpi/e 0, 0, 32;
    %jmp/0xz  T_26.2, 4;
    %pushi/vec4 107, 0, 8; draw_string_vec4
    %store/vec4 v0x559f691f47f0_0, 0, 8;
    %jmp T_26.3;
T_26.2 ;
    %pushi/vec4 103, 0, 8; draw_string_vec4
    %store/vec4 v0x559f691f47f0_0, 0, 8;
T_26.3 ;
    %jmp T_26.1;
T_26.0 ;
    %pushi/vec4 112, 0, 8; draw_string_vec4
    %store/vec4 v0x559f691f47f0_0, 0, 8;
T_26.1 ;
    %jmp T_26;
    .thread T_26, $push;
    .scope S_0x559f691f4960;
T_27 ;
    %wait E_0x559f691f4bb0;
    %load/vec4 v0x559f691f4c10_0;
    %load/vec4 v0x559f691f4cf0_0;
    %cmp/e;
    %jmp/0xz  T_27.0, 4;
    %load/vec4 v0x559f691f4c10_0;
    %pad/u 32;
    %cmpi/e 0, 0, 32;
    %jmp/0xz  T_27.2, 4;
    %pushi/vec4 107, 0, 8; draw_string_vec4
    %store/vec4 v0x559f691f4db0_0, 0, 8;
    %jmp T_27.3;
T_27.2 ;
    %pushi/vec4 103, 0, 8; draw_string_vec4
    %store/vec4 v0x559f691f4db0_0, 0, 8;
T_27.3 ;
    %jmp T_27.1;
T_27.0 ;
    %pushi/vec4 112, 0, 8; draw_string_vec4
    %store/vec4 v0x559f691f4db0_0, 0, 8;
T_27.1 ;
    %jmp T_27;
    .thread T_27, $push;
    .scope S_0x559f691f4f20;
T_28 ;
    %wait E_0x559f691f5140;
    %load/vec4 v0x559f691f51c0_0;
    %load/vec4 v0x559f691f52a0_0;
    %cmp/e;
    %jmp/0xz  T_28.0, 4;
    %load/vec4 v0x559f691f51c0_0;
    %pad/u 32;
    %cmpi/e 0, 0, 32;
    %jmp/0xz  T_28.2, 4;
    %pushi/vec4 107, 0, 8; draw_string_vec4
    %store/vec4 v0x559f691f5360_0, 0, 8;
    %jmp T_28.3;
T_28.2 ;
    %pushi/vec4 103, 0, 8; draw_string_vec4
    %store/vec4 v0x559f691f5360_0, 0, 8;
T_28.3 ;
    %jmp T_28.1;
T_28.0 ;
    %pushi/vec4 112, 0, 8; draw_string_vec4
    %store/vec4 v0x559f691f5360_0, 0, 8;
T_28.1 ;
    %jmp T_28;
    .thread T_28, $push;
    .scope S_0x559f691f54d0;
T_29 ;
    %wait E_0x559f691f5740;
    %load/vec4 v0x559f691f57c0_0;
    %load/vec4 v0x559f691f58a0_0;
    %cmp/e;
    %jmp/0xz  T_29.0, 4;
    %load/vec4 v0x559f691f57c0_0;
    %pad/u 32;
    %cmpi/e 0, 0, 32;
    %jmp/0xz  T_29.2, 4;
    %pushi/vec4 107, 0, 8; draw_string_vec4
    %store/vec4 v0x559f691f5960_0, 0, 8;
    %jmp T_29.3;
T_29.2 ;
    %pushi/vec4 103, 0, 8; draw_string_vec4
    %store/vec4 v0x559f691f5960_0, 0, 8;
T_29.3 ;
    %jmp T_29.1;
T_29.0 ;
    %pushi/vec4 112, 0, 8; draw_string_vec4
    %store/vec4 v0x559f691f5960_0, 0, 8;
T_29.1 ;
    %jmp T_29;
    .thread T_29, $push;
    .scope S_0x559f691f5aa0;
T_30 ;
    %wait E_0x559f691f5cc0;
    %load/vec4 v0x559f691f5d40_0;
    %load/vec4 v0x559f691f5e20_0;
    %cmp/e;
    %jmp/0xz  T_30.0, 4;
    %load/vec4 v0x559f691f5d40_0;
    %pad/u 32;
    %cmpi/e 0, 0, 32;
    %jmp/0xz  T_30.2, 4;
    %pushi/vec4 107, 0, 8; draw_string_vec4
    %store/vec4 v0x559f691f5ee0_0, 0, 8;
    %jmp T_30.3;
T_30.2 ;
    %pushi/vec4 103, 0, 8; draw_string_vec4
    %store/vec4 v0x559f691f5ee0_0, 0, 8;
T_30.3 ;
    %jmp T_30.1;
T_30.0 ;
    %pushi/vec4 112, 0, 8; draw_string_vec4
    %store/vec4 v0x559f691f5ee0_0, 0, 8;
T_30.1 ;
    %jmp T_30;
    .thread T_30, $push;
    .scope S_0x559f691f6050;
T_31 ;
    %wait E_0x559f691f6270;
    %load/vec4 v0x559f691f62f0_0;
    %load/vec4 v0x559f691f63d0_0;
    %cmp/e;
    %jmp/0xz  T_31.0, 4;
    %load/vec4 v0x559f691f62f0_0;
    %pad/u 32;
    %cmpi/e 0, 0, 32;
    %jmp/0xz  T_31.2, 4;
    %pushi/vec4 107, 0, 8; draw_string_vec4
    %store/vec4 v0x559f691f6490_0, 0, 8;
    %jmp T_31.3;
T_31.2 ;
    %pushi/vec4 103, 0, 8; draw_string_vec4
    %store/vec4 v0x559f691f6490_0, 0, 8;
T_31.3 ;
    %jmp T_31.1;
T_31.0 ;
    %pushi/vec4 112, 0, 8; draw_string_vec4
    %store/vec4 v0x559f691f6490_0, 0, 8;
T_31.1 ;
    %jmp T_31;
    .thread T_31, $push;
    .scope S_0x559f691f6600;
T_32 ;
    %wait E_0x559f691f6820;
    %load/vec4 v0x559f691f68a0_0;
    %load/vec4 v0x559f691f6980_0;
    %cmp/e;
    %jmp/0xz  T_32.0, 4;
    %load/vec4 v0x559f691f68a0_0;
    %pad/u 32;
    %cmpi/e 0, 0, 32;
    %jmp/0xz  T_32.2, 4;
    %pushi/vec4 107, 0, 8; draw_string_vec4
    %store/vec4 v0x559f691f6a40_0, 0, 8;
    %jmp T_32.3;
T_32.2 ;
    %pushi/vec4 103, 0, 8; draw_string_vec4
    %store/vec4 v0x559f691f6a40_0, 0, 8;
T_32.3 ;
    %jmp T_32.1;
T_32.0 ;
    %pushi/vec4 112, 0, 8; draw_string_vec4
    %store/vec4 v0x559f691f6a40_0, 0, 8;
T_32.1 ;
    %jmp T_32;
    .thread T_32, $push;
    .scope S_0x559f691f7b90;
T_33 ;
    %wait E_0x559f691f71f0;
    %load/vec4 v0x559f691f8310_0;
    %nor/r;
    %flag_set/vec4 8;
    %jmp/0xz  T_33.0, 8;
    %pushi/vec4 0, 0, 256;
    %assign/vec4 v0x559f691f8220_0, 0;
    %pushi/vec4 0, 0, 32;
    %assign/vec4 v0x559f691f83e0_0, 0;
    %pushi/vec4 0, 0, 32;
    %assign/vec4 v0x559f691f8480_0, 0;
    %jmp T_33.1;
T_33.0 ;
    %load/vec4 v0x559f691f8150_0;
    %assign/vec4 v0x559f691f8220_0, 0;
    %load/vec4 v0x559f691f7ea0_0;
    %assign/vec4 v0x559f691f83e0_0, 0;
    %load/vec4 v0x559f691f7f80_0;
    %assign/vec4 v0x559f691f8480_0, 0;
T_33.1 ;
    %jmp T_33;
    .thread T_33;
    .scope S_0x559f691fbcd0;
T_34 ;
    %pushi/vec4 0, 0, 32;
    %store/vec4 v0x559f691fbf10_0, 0, 32;
    %pushi/vec4 0, 0, 32;
    %store/vec4 v0x559f691fc010_0, 0, 32;
    %end;
    .thread T_34;
    .scope S_0x559f691fbcd0;
T_35 ;
    %wait E_0x559f691f7110;
    %load/vec4 v0x559f691fc0f0_0;
    %pad/u 32;
    %assign/vec4 v0x559f691fc010_0, 0;
    %pushi/vec4 0, 0, 32;
    %store/vec4 v0x559f691fbf10_0, 0, 32;
T_35.0 ;
    %load/vec4 v0x559f691fbf10_0;
    %cmpi/s 32, 0, 32;
    %jmp/0xz T_35.1, 5;
    %load/vec4 v0x559f691fc1e0_0;
    %load/vec4 v0x559f691fbf10_0;
    %pad/s 35;
    %muli 8, 0, 35;
    %part/s 8;
    %load/vec4 v0x559f691fbf10_0;
    %pad/s 35;
    %muli 8, 0, 35;
    %ix/vec4/s 4;
    %store/vec4 v0x559f691fc2e0_0, 4, 8;
    %load/vec4 v0x559f691fbf10_0;
    %addi 1, 0, 32;
    %store/vec4 v0x559f691fbf10_0, 0, 32;
    %jmp T_35.0;
T_35.1 ;
    %pushi/vec4 31, 0, 32;
    %store/vec4 v0x559f691fbf10_0, 0, 32;
T_35.2 ;
    %pushi/vec4 0, 0, 32;
    %load/vec4 v0x559f691fbf10_0;
    %pushi/vec4 2, 0, 32;
    %load/vec4 v0x559f691fc010_0;
    %pow/s;
    %sub;
    %cmp/s;
    %flag_or 5, 4;
    %jmp/0xz T_35.3, 5;
    %load/vec4 v0x559f691fc2e0_0;
    %load/vec4 v0x559f691fbf10_0;
    %pad/s 35;
    %muli 8, 0, 35;
    %part/s 8;
    %pushi/vec4 107, 0, 8; draw_string_vec4
    %cmp/e;
    %jmp/0xz  T_35.4, 4;
    %pushi/vec4 107, 0, 8; draw_string_vec4
    %load/vec4 v0x559f691fbf10_0;
    %pad/s 35;
    %muli 8, 0, 35;
    %ix/vec4/s 4;
    %store/vec4 v0x559f691fc2e0_0, 4, 8;
    %jmp T_35.5;
T_35.4 ;
    %load/vec4 v0x559f691fc2e0_0;
    %load/vec4 v0x559f691fbf10_0;
    %pad/s 35;
    %muli 8, 0, 35;
    %part/s 8;
    %pushi/vec4 112, 0, 8; draw_string_vec4
    %cmp/e;
    %jmp/0xz  T_35.6, 4;
    %load/vec4 v0x559f691fc2e0_0;
    %load/vec4 v0x559f691fbf10_0;
    %pushi/vec4 2, 0, 32;
    %load/vec4 v0x559f691fc010_0;
    %pow/s;
    %sub;
    %pad/s 35;
    %muli 8, 0, 35;
    %part/s 8;
    %pushi/vec4 107, 0, 8; draw_string_vec4
    %cmp/e;
    %jmp/0xz  T_35.8, 4;
    %pushi/vec4 107, 0, 8; draw_string_vec4
    %load/vec4 v0x559f691fbf10_0;
    %pad/s 35;
    %muli 8, 0, 35;
    %ix/vec4/s 4;
    %store/vec4 v0x559f691fc2e0_0, 4, 8;
    %jmp T_35.9;
T_35.8 ;
    %load/vec4 v0x559f691fc2e0_0;
    %load/vec4 v0x559f691fbf10_0;
    %pushi/vec4 2, 0, 32;
    %load/vec4 v0x559f691fc010_0;
    %pow/s;
    %sub;
    %pad/s 35;
    %muli 8, 0, 35;
    %part/s 8;
    %pushi/vec4 112, 0, 8; draw_string_vec4
    %cmp/e;
    %jmp/0xz  T_35.10, 4;
    %pushi/vec4 112, 0, 8; draw_string_vec4
    %load/vec4 v0x559f691fbf10_0;
    %pad/s 35;
    %muli 8, 0, 35;
    %ix/vec4/s 4;
    %store/vec4 v0x559f691fc2e0_0, 4, 8;
    %jmp T_35.11;
T_35.10 ;
    %pushi/vec4 103, 0, 8; draw_string_vec4
    %load/vec4 v0x559f691fbf10_0;
    %pad/s 35;
    %muli 8, 0, 35;
    %ix/vec4/s 4;
    %store/vec4 v0x559f691fc2e0_0, 4, 8;
T_35.11 ;
T_35.9 ;
    %jmp T_35.7;
T_35.6 ;
    %pushi/vec4 103, 0, 8; draw_string_vec4
    %load/vec4 v0x559f691fbf10_0;
    %pad/s 35;
    %muli 8, 0, 35;
    %ix/vec4/s 4;
    %store/vec4 v0x559f691fc2e0_0, 4, 8;
T_35.7 ;
T_35.5 ;
    %load/vec4 v0x559f691fbf10_0;
    %subi 1, 0, 32;
    %store/vec4 v0x559f691fbf10_0, 0, 32;
    %jmp T_35.2;
T_35.3 ;
    %jmp T_35;
    .thread T_35, $push;
    .scope S_0x559f691f86b0;
T_36 ;
    %wait E_0x559f691f71f0;
    %load/vec4 v0x559f691f8de0_0;
    %nor/r;
    %flag_set/vec4 8;
    %jmp/0xz  T_36.0, 8;
    %pushi/vec4 0, 0, 256;
    %assign/vec4 v0x559f691f8cf0_0, 0;
    %pushi/vec4 0, 0, 32;
    %assign/vec4 v0x559f691f8ed0_0, 0;
    %pushi/vec4 0, 0, 32;
    %assign/vec4 v0x559f691f8fb0_0, 0;
    %jmp T_36.1;
T_36.0 ;
    %load/vec4 v0x559f691f8c50_0;
    %assign/vec4 v0x559f691f8cf0_0, 0;
    %load/vec4 v0x559f691f8970_0;
    %assign/vec4 v0x559f691f8ed0_0, 0;
    %load/vec4 v0x559f691f8a60_0;
    %assign/vec4 v0x559f691f8fb0_0, 0;
T_36.1 ;
    %jmp T_36;
    .thread T_36;
    .scope S_0x559f691fc440;
T_37 ;
    %pushi/vec4 0, 0, 32;
    %store/vec4 v0x559f691fc6f0_0, 0, 32;
    %pushi/vec4 0, 0, 32;
    %store/vec4 v0x559f691fc7f0_0, 0, 32;
    %end;
    .thread T_37;
    .scope S_0x559f691fc440;
T_38 ;
    %wait E_0x559f691fc660;
    %load/vec4 v0x559f691fc8d0_0;
    %pad/u 32;
    %assign/vec4 v0x559f691fc7f0_0, 0;
    %pushi/vec4 0, 0, 32;
    %store/vec4 v0x559f691fc6f0_0, 0, 32;
T_38.0 ;
    %load/vec4 v0x559f691fc6f0_0;
    %cmpi/s 32, 0, 32;
    %jmp/0xz T_38.1, 5;
    %load/vec4 v0x559f691fc9c0_0;
    %load/vec4 v0x559f691fc6f0_0;
    %pad/s 35;
    %muli 8, 0, 35;
    %part/s 8;
    %load/vec4 v0x559f691fc6f0_0;
    %pad/s 35;
    %muli 8, 0, 35;
    %ix/vec4/s 4;
    %store/vec4 v0x559f691fcac0_0, 4, 8;
    %load/vec4 v0x559f691fc6f0_0;
    %addi 1, 0, 32;
    %store/vec4 v0x559f691fc6f0_0, 0, 32;
    %jmp T_38.0;
T_38.1 ;
    %pushi/vec4 31, 0, 32;
    %store/vec4 v0x559f691fc6f0_0, 0, 32;
T_38.2 ;
    %pushi/vec4 0, 0, 32;
    %load/vec4 v0x559f691fc6f0_0;
    %pushi/vec4 2, 0, 32;
    %load/vec4 v0x559f691fc7f0_0;
    %pow/s;
    %sub;
    %cmp/s;
    %flag_or 5, 4;
    %jmp/0xz T_38.3, 5;
    %load/vec4 v0x559f691fcac0_0;
    %load/vec4 v0x559f691fc6f0_0;
    %pad/s 35;
    %muli 8, 0, 35;
    %part/s 8;
    %pushi/vec4 107, 0, 8; draw_string_vec4
    %cmp/e;
    %jmp/0xz  T_38.4, 4;
    %pushi/vec4 107, 0, 8; draw_string_vec4
    %load/vec4 v0x559f691fc6f0_0;
    %pad/s 35;
    %muli 8, 0, 35;
    %ix/vec4/s 4;
    %store/vec4 v0x559f691fcac0_0, 4, 8;
    %jmp T_38.5;
T_38.4 ;
    %load/vec4 v0x559f691fcac0_0;
    %load/vec4 v0x559f691fc6f0_0;
    %pad/s 35;
    %muli 8, 0, 35;
    %part/s 8;
    %pushi/vec4 112, 0, 8; draw_string_vec4
    %cmp/e;
    %jmp/0xz  T_38.6, 4;
    %load/vec4 v0x559f691fcac0_0;
    %load/vec4 v0x559f691fc6f0_0;
    %pushi/vec4 2, 0, 32;
    %load/vec4 v0x559f691fc7f0_0;
    %pow/s;
    %sub;
    %pad/s 35;
    %muli 8, 0, 35;
    %part/s 8;
    %pushi/vec4 107, 0, 8; draw_string_vec4
    %cmp/e;
    %jmp/0xz  T_38.8, 4;
    %pushi/vec4 107, 0, 8; draw_string_vec4
    %load/vec4 v0x559f691fc6f0_0;
    %pad/s 35;
    %muli 8, 0, 35;
    %ix/vec4/s 4;
    %store/vec4 v0x559f691fcac0_0, 4, 8;
    %jmp T_38.9;
T_38.8 ;
    %load/vec4 v0x559f691fcac0_0;
    %load/vec4 v0x559f691fc6f0_0;
    %pushi/vec4 2, 0, 32;
    %load/vec4 v0x559f691fc7f0_0;
    %pow/s;
    %sub;
    %pad/s 35;
    %muli 8, 0, 35;
    %part/s 8;
    %pushi/vec4 112, 0, 8; draw_string_vec4
    %cmp/e;
    %jmp/0xz  T_38.10, 4;
    %pushi/vec4 112, 0, 8; draw_string_vec4
    %load/vec4 v0x559f691fc6f0_0;
    %pad/s 35;
    %muli 8, 0, 35;
    %ix/vec4/s 4;
    %store/vec4 v0x559f691fcac0_0, 4, 8;
    %jmp T_38.11;
T_38.10 ;
    %pushi/vec4 103, 0, 8; draw_string_vec4
    %load/vec4 v0x559f691fc6f0_0;
    %pad/s 35;
    %muli 8, 0, 35;
    %ix/vec4/s 4;
    %store/vec4 v0x559f691fcac0_0, 4, 8;
T_38.11 ;
T_38.9 ;
    %jmp T_38.7;
T_38.6 ;
    %pushi/vec4 103, 0, 8; draw_string_vec4
    %load/vec4 v0x559f691fc6f0_0;
    %pad/s 35;
    %muli 8, 0, 35;
    %ix/vec4/s 4;
    %store/vec4 v0x559f691fcac0_0, 4, 8;
T_38.7 ;
T_38.5 ;
    %load/vec4 v0x559f691fc6f0_0;
    %subi 1, 0, 32;
    %store/vec4 v0x559f691fc6f0_0, 0, 32;
    %jmp T_38.2;
T_38.3 ;
    %jmp T_38;
    .thread T_38, $push;
    .scope S_0x559f691f91e0;
T_39 ;
    %wait E_0x559f691f71f0;
    %load/vec4 v0x559f691f98d0_0;
    %nor/r;
    %flag_set/vec4 8;
    %jmp/0xz  T_39.0, 8;
    %pushi/vec4 0, 0, 256;
    %assign/vec4 v0x559f691f97e0_0, 0;
    %pushi/vec4 0, 0, 32;
    %assign/vec4 v0x559f691f9970_0, 0;
    %pushi/vec4 0, 0, 32;
    %assign/vec4 v0x559f691f9a50_0, 0;
    %jmp T_39.1;
T_39.0 ;
    %load/vec4 v0x559f691f9710_0;
    %assign/vec4 v0x559f691f97e0_0, 0;
    %load/vec4 v0x559f691f9480_0;
    %assign/vec4 v0x559f691f9970_0, 0;
    %load/vec4 v0x559f691f9570_0;
    %assign/vec4 v0x559f691f9a50_0, 0;
T_39.1 ;
    %jmp T_39;
    .thread T_39;
    .scope S_0x559f691fcc20;
T_40 ;
    %pushi/vec4 0, 0, 32;
    %store/vec4 v0x559f691fcf10_0, 0, 32;
    %pushi/vec4 0, 0, 32;
    %store/vec4 v0x559f691fd010_0, 0, 32;
    %end;
    .thread T_40;
    .scope S_0x559f691fcc20;
T_41 ;
    %wait E_0x559f691fce80;
    %load/vec4 v0x559f691fd0f0_0;
    %pad/u 32;
    %assign/vec4 v0x559f691fd010_0, 0;
    %pushi/vec4 0, 0, 32;
    %store/vec4 v0x559f691fcf10_0, 0, 32;
T_41.0 ;
    %load/vec4 v0x559f691fcf10_0;
    %cmpi/s 32, 0, 32;
    %jmp/0xz T_41.1, 5;
    %load/vec4 v0x559f691fd1e0_0;
    %load/vec4 v0x559f691fcf10_0;
    %pad/s 35;
    %muli 8, 0, 35;
    %part/s 8;
    %load/vec4 v0x559f691fcf10_0;
    %pad/s 35;
    %muli 8, 0, 35;
    %ix/vec4/s 4;
    %store/vec4 v0x559f691fd2e0_0, 4, 8;
    %load/vec4 v0x559f691fcf10_0;
    %addi 1, 0, 32;
    %store/vec4 v0x559f691fcf10_0, 0, 32;
    %jmp T_41.0;
T_41.1 ;
    %pushi/vec4 31, 0, 32;
    %store/vec4 v0x559f691fcf10_0, 0, 32;
T_41.2 ;
    %pushi/vec4 0, 0, 32;
    %load/vec4 v0x559f691fcf10_0;
    %pushi/vec4 2, 0, 32;
    %load/vec4 v0x559f691fd010_0;
    %pow/s;
    %sub;
    %cmp/s;
    %flag_or 5, 4;
    %jmp/0xz T_41.3, 5;
    %load/vec4 v0x559f691fd2e0_0;
    %load/vec4 v0x559f691fcf10_0;
    %pad/s 35;
    %muli 8, 0, 35;
    %part/s 8;
    %pushi/vec4 107, 0, 8; draw_string_vec4
    %cmp/e;
    %jmp/0xz  T_41.4, 4;
    %pushi/vec4 107, 0, 8; draw_string_vec4
    %load/vec4 v0x559f691fcf10_0;
    %pad/s 35;
    %muli 8, 0, 35;
    %ix/vec4/s 4;
    %store/vec4 v0x559f691fd2e0_0, 4, 8;
    %jmp T_41.5;
T_41.4 ;
    %load/vec4 v0x559f691fd2e0_0;
    %load/vec4 v0x559f691fcf10_0;
    %pad/s 35;
    %muli 8, 0, 35;
    %part/s 8;
    %pushi/vec4 112, 0, 8; draw_string_vec4
    %cmp/e;
    %jmp/0xz  T_41.6, 4;
    %load/vec4 v0x559f691fd2e0_0;
    %load/vec4 v0x559f691fcf10_0;
    %pushi/vec4 2, 0, 32;
    %load/vec4 v0x559f691fd010_0;
    %pow/s;
    %sub;
    %pad/s 35;
    %muli 8, 0, 35;
    %part/s 8;
    %pushi/vec4 107, 0, 8; draw_string_vec4
    %cmp/e;
    %jmp/0xz  T_41.8, 4;
    %pushi/vec4 107, 0, 8; draw_string_vec4
    %load/vec4 v0x559f691fcf10_0;
    %pad/s 35;
    %muli 8, 0, 35;
    %ix/vec4/s 4;
    %store/vec4 v0x559f691fd2e0_0, 4, 8;
    %jmp T_41.9;
T_41.8 ;
    %load/vec4 v0x559f691fd2e0_0;
    %load/vec4 v0x559f691fcf10_0;
    %pushi/vec4 2, 0, 32;
    %load/vec4 v0x559f691fd010_0;
    %pow/s;
    %sub;
    %pad/s 35;
    %muli 8, 0, 35;
    %part/s 8;
    %pushi/vec4 112, 0, 8; draw_string_vec4
    %cmp/e;
    %jmp/0xz  T_41.10, 4;
    %pushi/vec4 112, 0, 8; draw_string_vec4
    %load/vec4 v0x559f691fcf10_0;
    %pad/s 35;
    %muli 8, 0, 35;
    %ix/vec4/s 4;
    %store/vec4 v0x559f691fd2e0_0, 4, 8;
    %jmp T_41.11;
T_41.10 ;
    %pushi/vec4 103, 0, 8; draw_string_vec4
    %load/vec4 v0x559f691fcf10_0;
    %pad/s 35;
    %muli 8, 0, 35;
    %ix/vec4/s 4;
    %store/vec4 v0x559f691fd2e0_0, 4, 8;
T_41.11 ;
T_41.9 ;
    %jmp T_41.7;
T_41.6 ;
    %pushi/vec4 103, 0, 8; draw_string_vec4
    %load/vec4 v0x559f691fcf10_0;
    %pad/s 35;
    %muli 8, 0, 35;
    %ix/vec4/s 4;
    %store/vec4 v0x559f691fd2e0_0, 4, 8;
T_41.7 ;
T_41.5 ;
    %load/vec4 v0x559f691fcf10_0;
    %subi 1, 0, 32;
    %store/vec4 v0x559f691fcf10_0, 0, 32;
    %jmp T_41.2;
T_41.3 ;
    %jmp T_41;
    .thread T_41, $push;
    .scope S_0x559f691f9c80;
T_42 ;
    %wait E_0x559f691f71f0;
    %load/vec4 v0x559f691fa340_0;
    %nor/r;
    %flag_set/vec4 8;
    %jmp/0xz  T_42.0, 8;
    %pushi/vec4 0, 0, 256;
    %assign/vec4 v0x559f691fa2a0_0, 0;
    %pushi/vec4 0, 0, 32;
    %assign/vec4 v0x559f691fa470_0, 0;
    %pushi/vec4 0, 0, 32;
    %assign/vec4 v0x559f691fa550_0, 0;
    %jmp T_42.1;
T_42.0 ;
    %load/vec4 v0x559f691fa1d0_0;
    %assign/vec4 v0x559f691fa2a0_0, 0;
    %load/vec4 v0x559f691f9f20_0;
    %assign/vec4 v0x559f691fa470_0, 0;
    %load/vec4 v0x559f691fa030_0;
    %assign/vec4 v0x559f691fa550_0, 0;
T_42.1 ;
    %jmp T_42;
    .thread T_42;
    .scope S_0x559f691fd440;
T_43 ;
    %pushi/vec4 0, 0, 32;
    %store/vec4 v0x559f691fd6f0_0, 0, 32;
    %pushi/vec4 0, 0, 32;
    %store/vec4 v0x559f691fd7f0_0, 0, 32;
    %end;
    .thread T_43;
    .scope S_0x559f691fd440;
T_44 ;
    %wait E_0x559f691fd660;
    %load/vec4 v0x559f691fd8d0_0;
    %pad/u 32;
    %assign/vec4 v0x559f691fd7f0_0, 0;
    %pushi/vec4 0, 0, 32;
    %store/vec4 v0x559f691fd6f0_0, 0, 32;
T_44.0 ;
    %load/vec4 v0x559f691fd6f0_0;
    %cmpi/s 32, 0, 32;
    %jmp/0xz T_44.1, 5;
    %load/vec4 v0x559f691fd9c0_0;
    %load/vec4 v0x559f691fd6f0_0;
    %pad/s 35;
    %muli 8, 0, 35;
    %part/s 8;
    %load/vec4 v0x559f691fd6f0_0;
    %pad/s 35;
    %muli 8, 0, 35;
    %ix/vec4/s 4;
    %store/vec4 v0x559f691fdac0_0, 4, 8;
    %load/vec4 v0x559f691fd6f0_0;
    %addi 1, 0, 32;
    %store/vec4 v0x559f691fd6f0_0, 0, 32;
    %jmp T_44.0;
T_44.1 ;
    %pushi/vec4 31, 0, 32;
    %store/vec4 v0x559f691fd6f0_0, 0, 32;
T_44.2 ;
    %pushi/vec4 0, 0, 32;
    %load/vec4 v0x559f691fd6f0_0;
    %pushi/vec4 2, 0, 32;
    %load/vec4 v0x559f691fd7f0_0;
    %pow/s;
    %sub;
    %cmp/s;
    %flag_or 5, 4;
    %jmp/0xz T_44.3, 5;
    %load/vec4 v0x559f691fdac0_0;
    %load/vec4 v0x559f691fd6f0_0;
    %pad/s 35;
    %muli 8, 0, 35;
    %part/s 8;
    %pushi/vec4 107, 0, 8; draw_string_vec4
    %cmp/e;
    %jmp/0xz  T_44.4, 4;
    %pushi/vec4 107, 0, 8; draw_string_vec4
    %load/vec4 v0x559f691fd6f0_0;
    %pad/s 35;
    %muli 8, 0, 35;
    %ix/vec4/s 4;
    %store/vec4 v0x559f691fdac0_0, 4, 8;
    %jmp T_44.5;
T_44.4 ;
    %load/vec4 v0x559f691fdac0_0;
    %load/vec4 v0x559f691fd6f0_0;
    %pad/s 35;
    %muli 8, 0, 35;
    %part/s 8;
    %pushi/vec4 112, 0, 8; draw_string_vec4
    %cmp/e;
    %jmp/0xz  T_44.6, 4;
    %load/vec4 v0x559f691fdac0_0;
    %load/vec4 v0x559f691fd6f0_0;
    %pushi/vec4 2, 0, 32;
    %load/vec4 v0x559f691fd7f0_0;
    %pow/s;
    %sub;
    %pad/s 35;
    %muli 8, 0, 35;
    %part/s 8;
    %pushi/vec4 107, 0, 8; draw_string_vec4
    %cmp/e;
    %jmp/0xz  T_44.8, 4;
    %pushi/vec4 107, 0, 8; draw_string_vec4
    %load/vec4 v0x559f691fd6f0_0;
    %pad/s 35;
    %muli 8, 0, 35;
    %ix/vec4/s 4;
    %store/vec4 v0x559f691fdac0_0, 4, 8;
    %jmp T_44.9;
T_44.8 ;
    %load/vec4 v0x559f691fdac0_0;
    %load/vec4 v0x559f691fd6f0_0;
    %pushi/vec4 2, 0, 32;
    %load/vec4 v0x559f691fd7f0_0;
    %pow/s;
    %sub;
    %pad/s 35;
    %muli 8, 0, 35;
    %part/s 8;
    %pushi/vec4 112, 0, 8; draw_string_vec4
    %cmp/e;
    %jmp/0xz  T_44.10, 4;
    %pushi/vec4 112, 0, 8; draw_string_vec4
    %load/vec4 v0x559f691fd6f0_0;
    %pad/s 35;
    %muli 8, 0, 35;
    %ix/vec4/s 4;
    %store/vec4 v0x559f691fdac0_0, 4, 8;
    %jmp T_44.11;
T_44.10 ;
    %pushi/vec4 103, 0, 8; draw_string_vec4
    %load/vec4 v0x559f691fd6f0_0;
    %pad/s 35;
    %muli 8, 0, 35;
    %ix/vec4/s 4;
    %store/vec4 v0x559f691fdac0_0, 4, 8;
T_44.11 ;
T_44.9 ;
    %jmp T_44.7;
T_44.6 ;
    %pushi/vec4 103, 0, 8; draw_string_vec4
    %load/vec4 v0x559f691fd6f0_0;
    %pad/s 35;
    %muli 8, 0, 35;
    %ix/vec4/s 4;
    %store/vec4 v0x559f691fdac0_0, 4, 8;
T_44.7 ;
T_44.5 ;
    %load/vec4 v0x559f691fd6f0_0;
    %subi 1, 0, 32;
    %store/vec4 v0x559f691fd6f0_0, 0, 32;
    %jmp T_44.2;
T_44.3 ;
    %jmp T_44;
    .thread T_44, $push;
    .scope S_0x559f691fa730;
T_45 ;
    %wait E_0x559f691f71f0;
    %load/vec4 v0x559f691fae60_0;
    %nor/r;
    %flag_set/vec4 8;
    %jmp/0xz  T_45.0, 8;
    %pushi/vec4 0, 0, 256;
    %assign/vec4 v0x559f691fad70_0, 0;
    %pushi/vec4 0, 0, 32;
    %assign/vec4 v0x559f691faf00_0, 0;
    %pushi/vec4 0, 0, 32;
    %assign/vec4 v0x559f691fafe0_0, 0;
    %jmp T_45.1;
T_45.0 ;
    %load/vec4 v0x559f691faca0_0;
    %assign/vec4 v0x559f691fad70_0, 0;
    %load/vec4 v0x559f691faa20_0;
    %assign/vec4 v0x559f691faf00_0, 0;
    %load/vec4 v0x559f691fab00_0;
    %assign/vec4 v0x559f691fafe0_0, 0;
T_45.1 ;
    %jmp T_45;
    .thread T_45;
    .scope S_0x559f691fdc20;
T_46 ;
    %pushi/vec4 0, 0, 32;
    %store/vec4 v0x559f691fded0_0, 0, 32;
    %pushi/vec4 0, 0, 32;
    %store/vec4 v0x559f691fdfd0_0, 0, 32;
    %end;
    .thread T_46;
    .scope S_0x559f691fdc20;
T_47 ;
    %wait E_0x559f691fde40;
    %load/vec4 v0x559f691fe0b0_0;
    %pad/u 32;
    %assign/vec4 v0x559f691fdfd0_0, 0;
    %pushi/vec4 0, 0, 32;
    %store/vec4 v0x559f691fded0_0, 0, 32;
T_47.0 ;
    %load/vec4 v0x559f691fded0_0;
    %cmpi/s 32, 0, 32;
    %jmp/0xz T_47.1, 5;
    %load/vec4 v0x559f691fe1a0_0;
    %load/vec4 v0x559f691fded0_0;
    %pad/s 35;
    %muli 8, 0, 35;
    %part/s 8;
    %load/vec4 v0x559f691fded0_0;
    %pad/s 35;
    %muli 8, 0, 35;
    %ix/vec4/s 4;
    %store/vec4 v0x559f691fe2a0_0, 4, 8;
    %load/vec4 v0x559f691fded0_0;
    %addi 1, 0, 32;
    %store/vec4 v0x559f691fded0_0, 0, 32;
    %jmp T_47.0;
T_47.1 ;
    %pushi/vec4 31, 0, 32;
    %store/vec4 v0x559f691fded0_0, 0, 32;
T_47.2 ;
    %pushi/vec4 0, 0, 32;
    %load/vec4 v0x559f691fded0_0;
    %pushi/vec4 2, 0, 32;
    %load/vec4 v0x559f691fdfd0_0;
    %pow/s;
    %sub;
    %cmp/s;
    %flag_or 5, 4;
    %jmp/0xz T_47.3, 5;
    %load/vec4 v0x559f691fe2a0_0;
    %load/vec4 v0x559f691fded0_0;
    %pad/s 35;
    %muli 8, 0, 35;
    %part/s 8;
    %pushi/vec4 107, 0, 8; draw_string_vec4
    %cmp/e;
    %jmp/0xz  T_47.4, 4;
    %pushi/vec4 107, 0, 8; draw_string_vec4
    %load/vec4 v0x559f691fded0_0;
    %pad/s 35;
    %muli 8, 0, 35;
    %ix/vec4/s 4;
    %store/vec4 v0x559f691fe2a0_0, 4, 8;
    %jmp T_47.5;
T_47.4 ;
    %load/vec4 v0x559f691fe2a0_0;
    %load/vec4 v0x559f691fded0_0;
    %pad/s 35;
    %muli 8, 0, 35;
    %part/s 8;
    %pushi/vec4 112, 0, 8; draw_string_vec4
    %cmp/e;
    %jmp/0xz  T_47.6, 4;
    %load/vec4 v0x559f691fe2a0_0;
    %load/vec4 v0x559f691fded0_0;
    %pushi/vec4 2, 0, 32;
    %load/vec4 v0x559f691fdfd0_0;
    %pow/s;
    %sub;
    %pad/s 35;
    %muli 8, 0, 35;
    %part/s 8;
    %pushi/vec4 107, 0, 8; draw_string_vec4
    %cmp/e;
    %jmp/0xz  T_47.8, 4;
    %pushi/vec4 107, 0, 8; draw_string_vec4
    %load/vec4 v0x559f691fded0_0;
    %pad/s 35;
    %muli 8, 0, 35;
    %ix/vec4/s 4;
    %store/vec4 v0x559f691fe2a0_0, 4, 8;
    %jmp T_47.9;
T_47.8 ;
    %load/vec4 v0x559f691fe2a0_0;
    %load/vec4 v0x559f691fded0_0;
    %pushi/vec4 2, 0, 32;
    %load/vec4 v0x559f691fdfd0_0;
    %pow/s;
    %sub;
    %pad/s 35;
    %muli 8, 0, 35;
    %part/s 8;
    %pushi/vec4 112, 0, 8; draw_string_vec4
    %cmp/e;
    %jmp/0xz  T_47.10, 4;
    %pushi/vec4 112, 0, 8; draw_string_vec4
    %load/vec4 v0x559f691fded0_0;
    %pad/s 35;
    %muli 8, 0, 35;
    %ix/vec4/s 4;
    %store/vec4 v0x559f691fe2a0_0, 4, 8;
    %jmp T_47.11;
T_47.10 ;
    %pushi/vec4 103, 0, 8; draw_string_vec4
    %load/vec4 v0x559f691fded0_0;
    %pad/s 35;
    %muli 8, 0, 35;
    %ix/vec4/s 4;
    %store/vec4 v0x559f691fe2a0_0, 4, 8;
T_47.11 ;
T_47.9 ;
    %jmp T_47.7;
T_47.6 ;
    %pushi/vec4 103, 0, 8; draw_string_vec4
    %load/vec4 v0x559f691fded0_0;
    %pad/s 35;
    %muli 8, 0, 35;
    %ix/vec4/s 4;
    %store/vec4 v0x559f691fe2a0_0, 4, 8;
T_47.7 ;
T_47.5 ;
    %load/vec4 v0x559f691fded0_0;
    %subi 1, 0, 32;
    %store/vec4 v0x559f691fded0_0, 0, 32;
    %jmp T_47.2;
T_47.3 ;
    %jmp T_47;
    .thread T_47, $push;
    .scope S_0x559f691fb210;
T_48 ;
    %wait E_0x559f691f71f0;
    %load/vec4 v0x559f691fb920_0;
    %nor/r;
    %flag_set/vec4 8;
    %jmp/0xz  T_48.0, 8;
    %pushi/vec4 0, 0, 256;
    %assign/vec4 v0x559f691fb830_0, 0;
    %pushi/vec4 0, 0, 32;
    %assign/vec4 v0x559f691fb9c0_0, 0;
    %pushi/vec4 0, 0, 32;
    %assign/vec4 v0x559f691fbaa0_0, 0;
    %jmp T_48.1;
T_48.0 ;
    %load/vec4 v0x559f691fb760_0;
    %assign/vec4 v0x559f691fb830_0, 0;
    %load/vec4 v0x559f691fb4b0_0;
    %assign/vec4 v0x559f691fb9c0_0, 0;
    %load/vec4 v0x559f691fb5c0_0;
    %assign/vec4 v0x559f691fbaa0_0, 0;
T_48.1 ;
    %jmp T_48;
    .thread T_48;
    .scope S_0x559f691b01f0;
T_49 ;
    %pushi/vec4 0, 0, 32;
    %store/vec4 v0x559f692005f0_0, 0, 32;
    %end;
    .thread T_49;
    .scope S_0x559f691b01f0;
T_50 ;
    %wait E_0x559f691f71f0;
    %pushi/vec4 0, 0, 32;
    %store/vec4 v0x559f692005f0_0, 0, 32;
T_50.0 ;
    %load/vec4 v0x559f692005f0_0;
    %cmpi/s 32, 0, 32;
    %jmp/0xz T_50.1, 5;
    %load/vec4 v0x559f69200be0_0;
    %load/vec4 v0x559f692005f0_0;
    %pad/s 35;
    %muli 8, 0, 35;
    %part/s 8;
    %pushi/vec4 107, 0, 8; draw_string_vec4
    %cmp/e;
    %jmp/0xz  T_50.2, 4;
    %load/vec4 v0x559f692003d0_0;
    %load/vec4 v0x559f692005f0_0;
    %part/s 1;
    %load/vec4 v0x559f692004e0_0;
    %load/vec4 v0x559f692005f0_0;
    %part/s 1;
    %xor;
    %pushi/vec4 0, 0, 1;
    %xor;
    %ix/getv/s 4, v0x559f692005f0_0;
    %store/vec4 v0x559f69200880_0, 4, 1;
    %jmp T_50.3;
T_50.2 ;
    %load/vec4 v0x559f692003d0_0;
    %load/vec4 v0x559f692005f0_0;
    %part/s 1;
    %pad/u 2;
    %load/vec4 v0x559f692004e0_0;
    %load/vec4 v0x559f692005f0_0;
    %part/s 1;
    %pad/u 2;
    %xor;
    %pushi/vec4 1, 0, 2;
    %xor;
    %pad/u 1;
    %ix/getv/s 4, v0x559f692005f0_0;
    %store/vec4 v0x559f69200880_0, 4, 1;
T_50.3 ;
    %load/vec4 v0x559f692005f0_0;
    %addi 1, 0, 32;
    %store/vec4 v0x559f692005f0_0, 0, 32;
    %jmp T_50.0;
T_50.1 ;
    %jmp T_50;
    .thread T_50;
    .scope S_0x559f691b1430;
T_51 ;
    %delay 0, 0;
    %pushi/vec4 107, 0, 8; draw_string_vec4
    %store/vec4 v0x559f692012f0_0, 0, 8;
    %pushi/vec4 4294967260, 0, 32;
    %store/vec4 v0x559f69200da0_0, 0, 32;
    %pushi/vec4 36, 0, 32;
    %store/vec4 v0x559f69200ed0_0, 0, 32;
    %delay 7, 0;
    %pushi/vec4 107, 0, 8; draw_string_vec4
    %store/vec4 v0x559f692012f0_0, 0, 8;
    %pushi/vec4 352, 0, 32;
    %store/vec4 v0x559f69200da0_0, 0, 32;
    %pushi/vec4 18, 0, 32;
    %store/vec4 v0x559f69200ed0_0, 0, 32;
    %delay 7, 0;
    %pushi/vec4 107, 0, 8; draw_string_vec4
    %store/vec4 v0x559f692012f0_0, 0, 8;
    %pushi/vec4 4, 0, 32;
    %store/vec4 v0x559f69200da0_0, 0, 32;
    %pushi/vec4 67, 0, 32;
    %store/vec4 v0x559f69200ed0_0, 0, 32;
    %end;
    .thread T_51;
    .scope S_0x559f691b1430;
T_52 ;
    %pushi/vec4 1, 0, 1;
    %store/vec4 v0x559f69200fe0_0, 0, 1;
    %pushi/vec4 0, 0, 1;
    %store/vec4 v0x559f69201140_0, 0, 1;
    %pushi/vec4 1, 0, 1;
    %store/vec4 v0x559f69201140_0, 0, 1;
    %pushi/vec4 0, 0, 32;
    %store/vec4 v0x559f69201080_0, 0, 32;
T_52.0 ;
    %load/vec4 v0x559f69201080_0;
    %cmpi/s 30, 0, 32;
    %jmp/0xz T_52.1, 5;
    %delay 1, 0;
    %load/vec4 v0x559f69200fe0_0;
    %inv;
    %store/vec4 v0x559f69200fe0_0, 0, 1;
    %load/vec4 v0x559f69201080_0;
    %pushi/vec4 1, 0, 32;
    %add;
    %store/vec4 v0x559f69201080_0, 0, 32;
    %jmp T_52.0;
T_52.1 ;
    %end;
    .thread T_52;
    .scope S_0x559f691b1430;
T_53 ;
    %vpi_call 2 66 "$monitor", $time, " Number1 = %0d and Number2 = %0d; \011Output: Sum=%0d", v0x559f69200da0_0, v0x559f69200ed0_0, v0x559f69201230_0 {0 0 0};
    %end;
    .thread T_53;
# The file index is used to find the file name in the following table.
:file_names 7;
    "N/A";
    "<interactive>";
    "cla32.v";
    "./kpg.v";
    "./dff.v";
    "./ppc_str.v";
    "./levels.v";
