#! /usr/bin/vvp
:ivl_version "10.3 (stable)";
:ivl_delay_selection "TYPICAL";
:vpi_time_precision + 0;
:vpi_module "system";
:vpi_module "vhdl_sys";
:vpi_module "v2005_math";
:vpi_module "va_math";
S_0x55743c32b3e0 .scope module, "top" "top" 2 8;
 .timescale 0 0;
L_0x55743c38f440 .functor XOR 1, L_0x55743c38ee20, L_0x55743c38f070, C4<0>, C4<0>;
L_0x55743c390100 .functor XOR 32, L_0x55743c38fd10, L_0x55743c38fc20, C4<00000000000000000000000000000000>, C4<00000000000000000000000000000000>;
L_0x55743c39e5b0 .functor XOR 1, L_0x55743c38ee20, L_0x55743c38f070, C4<0>, C4<0>;
v0x55743c38d440_0 .net "A", 31 0, v0x55743c38d210_0;  1 drivers
v0x55743c38d570_0 .net "B", 31 0, v0x55743c38d2e0_0;  1 drivers
v0x55743c38d680_0 .net "Carry", 0 0, L_0x55743c39e0b0;  1 drivers
v0x55743c38d720_0 .net "E1", 7 0, L_0x55743c38eee0;  1 drivers
v0x55743c38d7c0_0 .net "E2", 7 0, L_0x55743c38f180;  1 drivers
v0x55743c38d8b0_0 .var "E3", 7 0;
v0x55743c38d950_0 .net "Expdiff", 7 0, L_0x55743c38f3a0;  1 drivers
v0x55743c38da40_0 .var "Final_exp", 31 0;
v0x55743c38db00_0 .var "I1", 31 0;
v0x55743c38dbf0_0 .var "I2", 31 0;
v0x55743c38dcc0_0 .net "M1", 22 0, L_0x55743c38efd0;  1 drivers
v0x55743c38dd90_0 .net "M2", 22 0, L_0x55743c38f300;  1 drivers
v0x55743c38de60_0 .var "M3", 22 0;
v0x55743c38df20_0 .net "S1", 0 0, L_0x55743c38ee20;  1 drivers
v0x55743c38dff0_0 .net "S2", 0 0, L_0x55743c38f070;  1 drivers
v0x55743c38e0c0_0 .net "Sum", 31 0, L_0x55743c39d2b0;  1 drivers
v0x55743c38e190_0 .net "T1", 31 0, L_0x55743c38f6f0;  1 drivers
v0x55743c38e370_0 .net "T2", 31 0, L_0x55743c38fa90;  1 drivers
v0x55743c38e440_0 .net "T3", 31 0, L_0x55743c38fc20;  1 drivers
v0x55743c38e510_0 .net "T4", 31 0, L_0x55743c390100;  1 drivers
v0x55743c38e5e0_0 .net *"_s11", 0 0, L_0x55743c38f880;  1 drivers
v0x55743c38e680_0 .net *"_s12", 23 0, L_0x55743c38f9b0;  1 drivers
L_0x7f1518a89060 .functor BUFT 1, C4<00000000>, C4<0>, C4<0>, C4<0>;
v0x55743c38e740_0 .net *"_s17", 7 0, L_0x7f1518a89060;  1 drivers
v0x55743c38e820_0 .net *"_s18", 0 0, L_0x55743c38f440;  1 drivers
v0x55743c38e900_0 .net *"_s20", 31 0, L_0x55743c38fd10;  1 drivers
v0x55743c38e9e0_0 .net *"_s3", 0 0, L_0x55743c38f520;  1 drivers
v0x55743c38eaa0_0 .net *"_s4", 23 0, L_0x55743c38f650;  1 drivers
L_0x7f1518a89018 .functor BUFT 1, C4<00000000>, C4<0>, C4<0>, C4<0>;
v0x55743c38eb80_0 .net *"_s9", 7 0, L_0x7f1518a89018;  1 drivers
v0x55743c38ec60_0 .var/i "i", 31 0;
v0x55743c38ed40_0 .var "tmp", 22 0;
E_0x55743c2fb260 .event edge, v0x55743c38de60_0, v0x55743c38d8b0_0;
E_0x55743c2f7cf0 .event edge, v0x55743c389f00_0;
L_0x55743c38f3a0 .arith/sub 8, L_0x55743c38eee0, L_0x55743c38f180;
L_0x55743c38f520 .reduce/or L_0x55743c38eee0;
L_0x55743c38f650 .concat [ 23 1 0 0], L_0x55743c38efd0, L_0x55743c38f520;
L_0x55743c38f6f0 .concat [ 24 8 0 0], L_0x55743c38f650, L_0x7f1518a89018;
L_0x55743c38f880 .reduce/or L_0x55743c38f180;
L_0x55743c38f9b0 .concat [ 23 1 0 0], L_0x55743c38f300, L_0x55743c38f880;
L_0x55743c38fa90 .concat [ 24 8 0 0], L_0x55743c38f9b0, L_0x7f1518a89060;
LS_0x55743c38fd10_0_0 .concat [ 1 1 1 1], L_0x55743c38f440, L_0x55743c38f440, L_0x55743c38f440, L_0x55743c38f440;
LS_0x55743c38fd10_0_4 .concat [ 1 1 1 1], L_0x55743c38f440, L_0x55743c38f440, L_0x55743c38f440, L_0x55743c38f440;
LS_0x55743c38fd10_0_8 .concat [ 1 1 1 1], L_0x55743c38f440, L_0x55743c38f440, L_0x55743c38f440, L_0x55743c38f440;
LS_0x55743c38fd10_0_12 .concat [ 1 1 1 1], L_0x55743c38f440, L_0x55743c38f440, L_0x55743c38f440, L_0x55743c38f440;
LS_0x55743c38fd10_0_16 .concat [ 1 1 1 1], L_0x55743c38f440, L_0x55743c38f440, L_0x55743c38f440, L_0x55743c38f440;
LS_0x55743c38fd10_0_20 .concat [ 1 1 1 1], L_0x55743c38f440, L_0x55743c38f440, L_0x55743c38f440, L_0x55743c38f440;
LS_0x55743c38fd10_0_24 .concat [ 1 1 1 1], L_0x55743c38f440, L_0x55743c38f440, L_0x55743c38f440, L_0x55743c38f440;
LS_0x55743c38fd10_0_28 .concat [ 1 1 1 1], L_0x55743c38f440, L_0x55743c38f440, L_0x55743c38f440, L_0x55743c38f440;
LS_0x55743c38fd10_1_0 .concat [ 4 4 4 4], LS_0x55743c38fd10_0_0, LS_0x55743c38fd10_0_4, LS_0x55743c38fd10_0_8, LS_0x55743c38fd10_0_12;
LS_0x55743c38fd10_1_4 .concat [ 4 4 4 4], LS_0x55743c38fd10_0_16, LS_0x55743c38fd10_0_20, LS_0x55743c38fd10_0_24, LS_0x55743c38fd10_0_28;
L_0x55743c38fd10 .concat [ 16 16 0 0], LS_0x55743c38fd10_1_0, LS_0x55743c38fd10_1_4;
S_0x55743c32a640 .scope module, "BS" "shifter" 2 28, 3 1 0, S_0x55743c32b3e0;
 .timescale 0 0;
    .port_info 0 /INPUT 32 "A"
    .port_info 1 /INPUT 8 "shift"
    .port_info 2 /OUTPUT 32 "B"
v0x55743c332480_0 .net "A", 31 0, L_0x55743c38fa90;  alias, 1 drivers
v0x55743c330ad0_0 .net "B", 31 0, L_0x55743c38fc20;  alias, 1 drivers
v0x55743c37b0e0_0 .net "shift", 7 0, L_0x55743c38f3a0;  alias, 1 drivers
L_0x55743c38fc20 .shift/r 32, L_0x55743c38fa90, L_0x55743c38f3a0;
S_0x55743c37b220 .scope module, "C1" "RDA" 2 34, 4 7 0, S_0x55743c32b3e0;
 .timescale 0 0;
    .port_info 0 /INPUT 32 "A"
    .port_info 1 /INPUT 32 "B"
    .port_info 2 /INPUT 1 "iniC"
    .port_info 3 /OUTPUT 32 "Sum"
    .port_info 4 /OUTPUT 1 "Carry"
v0x55743c389ba0_0 .net "A", 31 0, L_0x55743c38f6f0;  alias, 1 drivers
v0x55743c389ca0_0 .net "B", 31 0, L_0x55743c390100;  alias, 1 drivers
v0x55743c389d80_0 .net "Carry", 0 0, L_0x55743c39e0b0;  alias, 1 drivers
v0x55743c389e20_0 .var "Cin", 31 0;
v0x55743c389f00_0 .net "Sum", 31 0, L_0x55743c39d2b0;  alias, 1 drivers
v0x55743c38a030_0 .var "access", 1 0;
v0x55743c38a110_0 .var "i", 5 0;
v0x55743c38a1f0_0 .var "inaccess1", 1 0;
v0x55743c38a2d0_0 .var "inaccess2", 1 0;
v0x55743c38a3b0_0 .net "iniC", 0 0, L_0x55743c39e5b0;  1 drivers
v0x55743c38a450_0 .var "j", 5 0;
v0x55743c38a510_0 .var "k", 5 0;
v0x55743c38a5f0 .array "kgp", 31 0, 1 0;
v0x55743c38aab0 .array "kgp2", 31 0, 1 0;
v0x55743c38b080 .array "kgp_t1", 31 0, 1 0;
v0x55743c38b650 .array "kgp_t2", 31 0, 1 0;
v0x55743c38bc20_0 .var "m", 5 0;
v0x55743c38be10_0 .var "n", 5 0;
v0x55743c38bef0_0 .var "o", 5 0;
E_0x55743c2f7e00/0 .event edge, v0x55743c389ba0_0, v0x55743c389ca0_0, v0x55743c37bc70_0, v0x55743c38a030_0;
v0x55743c38a5f0_0 .array/port v0x55743c38a5f0, 0;
v0x55743c38a5f0_1 .array/port v0x55743c38a5f0, 1;
E_0x55743c2f7e00/1 .event edge, v0x55743c38bef0_0, v0x55743c38be10_0, v0x55743c38a5f0_0, v0x55743c38a5f0_1;
v0x55743c38a5f0_2 .array/port v0x55743c38a5f0, 2;
v0x55743c38a5f0_3 .array/port v0x55743c38a5f0, 3;
v0x55743c38a5f0_4 .array/port v0x55743c38a5f0, 4;
v0x55743c38a5f0_5 .array/port v0x55743c38a5f0, 5;
E_0x55743c2f7e00/2 .event edge, v0x55743c38a5f0_2, v0x55743c38a5f0_3, v0x55743c38a5f0_4, v0x55743c38a5f0_5;
v0x55743c38a5f0_6 .array/port v0x55743c38a5f0, 6;
v0x55743c38a5f0_7 .array/port v0x55743c38a5f0, 7;
v0x55743c38a5f0_8 .array/port v0x55743c38a5f0, 8;
v0x55743c38a5f0_9 .array/port v0x55743c38a5f0, 9;
E_0x55743c2f7e00/3 .event edge, v0x55743c38a5f0_6, v0x55743c38a5f0_7, v0x55743c38a5f0_8, v0x55743c38a5f0_9;
v0x55743c38a5f0_10 .array/port v0x55743c38a5f0, 10;
v0x55743c38a5f0_11 .array/port v0x55743c38a5f0, 11;
v0x55743c38a5f0_12 .array/port v0x55743c38a5f0, 12;
v0x55743c38a5f0_13 .array/port v0x55743c38a5f0, 13;
E_0x55743c2f7e00/4 .event edge, v0x55743c38a5f0_10, v0x55743c38a5f0_11, v0x55743c38a5f0_12, v0x55743c38a5f0_13;
v0x55743c38a5f0_14 .array/port v0x55743c38a5f0, 14;
v0x55743c38a5f0_15 .array/port v0x55743c38a5f0, 15;
v0x55743c38a5f0_16 .array/port v0x55743c38a5f0, 16;
v0x55743c38a5f0_17 .array/port v0x55743c38a5f0, 17;
E_0x55743c2f7e00/5 .event edge, v0x55743c38a5f0_14, v0x55743c38a5f0_15, v0x55743c38a5f0_16, v0x55743c38a5f0_17;
v0x55743c38a5f0_18 .array/port v0x55743c38a5f0, 18;
v0x55743c38a5f0_19 .array/port v0x55743c38a5f0, 19;
v0x55743c38a5f0_20 .array/port v0x55743c38a5f0, 20;
v0x55743c38a5f0_21 .array/port v0x55743c38a5f0, 21;
E_0x55743c2f7e00/6 .event edge, v0x55743c38a5f0_18, v0x55743c38a5f0_19, v0x55743c38a5f0_20, v0x55743c38a5f0_21;
v0x55743c38a5f0_22 .array/port v0x55743c38a5f0, 22;
v0x55743c38a5f0_23 .array/port v0x55743c38a5f0, 23;
v0x55743c38a5f0_24 .array/port v0x55743c38a5f0, 24;
v0x55743c38a5f0_25 .array/port v0x55743c38a5f0, 25;
E_0x55743c2f7e00/7 .event edge, v0x55743c38a5f0_22, v0x55743c38a5f0_23, v0x55743c38a5f0_24, v0x55743c38a5f0_25;
v0x55743c38a5f0_26 .array/port v0x55743c38a5f0, 26;
v0x55743c38a5f0_27 .array/port v0x55743c38a5f0, 27;
v0x55743c38a5f0_28 .array/port v0x55743c38a5f0, 28;
v0x55743c38a5f0_29 .array/port v0x55743c38a5f0, 29;
E_0x55743c2f7e00/8 .event edge, v0x55743c38a5f0_26, v0x55743c38a5f0_27, v0x55743c38a5f0_28, v0x55743c38a5f0_29;
v0x55743c38a5f0_30 .array/port v0x55743c38a5f0, 30;
v0x55743c38a5f0_31 .array/port v0x55743c38a5f0, 31;
E_0x55743c2f7e00/9 .event edge, v0x55743c38a5f0_30, v0x55743c38a5f0_31, v0x55743c38a110_0, v0x55743c38a450_0;
v0x55743c38b080_0 .array/port v0x55743c38b080, 0;
v0x55743c38b080_1 .array/port v0x55743c38b080, 1;
v0x55743c38b080_2 .array/port v0x55743c38b080, 2;
v0x55743c38b080_3 .array/port v0x55743c38b080, 3;
E_0x55743c2f7e00/10 .event edge, v0x55743c38b080_0, v0x55743c38b080_1, v0x55743c38b080_2, v0x55743c38b080_3;
v0x55743c38b080_4 .array/port v0x55743c38b080, 4;
v0x55743c38b080_5 .array/port v0x55743c38b080, 5;
v0x55743c38b080_6 .array/port v0x55743c38b080, 6;
v0x55743c38b080_7 .array/port v0x55743c38b080, 7;
E_0x55743c2f7e00/11 .event edge, v0x55743c38b080_4, v0x55743c38b080_5, v0x55743c38b080_6, v0x55743c38b080_7;
v0x55743c38b080_8 .array/port v0x55743c38b080, 8;
v0x55743c38b080_9 .array/port v0x55743c38b080, 9;
v0x55743c38b080_10 .array/port v0x55743c38b080, 10;
v0x55743c38b080_11 .array/port v0x55743c38b080, 11;
E_0x55743c2f7e00/12 .event edge, v0x55743c38b080_8, v0x55743c38b080_9, v0x55743c38b080_10, v0x55743c38b080_11;
v0x55743c38b080_12 .array/port v0x55743c38b080, 12;
v0x55743c38b080_13 .array/port v0x55743c38b080, 13;
v0x55743c38b080_14 .array/port v0x55743c38b080, 14;
v0x55743c38b080_15 .array/port v0x55743c38b080, 15;
E_0x55743c2f7e00/13 .event edge, v0x55743c38b080_12, v0x55743c38b080_13, v0x55743c38b080_14, v0x55743c38b080_15;
v0x55743c38b080_16 .array/port v0x55743c38b080, 16;
v0x55743c38b080_17 .array/port v0x55743c38b080, 17;
v0x55743c38b080_18 .array/port v0x55743c38b080, 18;
v0x55743c38b080_19 .array/port v0x55743c38b080, 19;
E_0x55743c2f7e00/14 .event edge, v0x55743c38b080_16, v0x55743c38b080_17, v0x55743c38b080_18, v0x55743c38b080_19;
v0x55743c38b080_20 .array/port v0x55743c38b080, 20;
v0x55743c38b080_21 .array/port v0x55743c38b080, 21;
v0x55743c38b080_22 .array/port v0x55743c38b080, 22;
v0x55743c38b080_23 .array/port v0x55743c38b080, 23;
E_0x55743c2f7e00/15 .event edge, v0x55743c38b080_20, v0x55743c38b080_21, v0x55743c38b080_22, v0x55743c38b080_23;
v0x55743c38b080_24 .array/port v0x55743c38b080, 24;
v0x55743c38b080_25 .array/port v0x55743c38b080, 25;
v0x55743c38b080_26 .array/port v0x55743c38b080, 26;
v0x55743c38b080_27 .array/port v0x55743c38b080, 27;
E_0x55743c2f7e00/16 .event edge, v0x55743c38b080_24, v0x55743c38b080_25, v0x55743c38b080_26, v0x55743c38b080_27;
v0x55743c38b080_28 .array/port v0x55743c38b080, 28;
v0x55743c38b080_29 .array/port v0x55743c38b080, 29;
v0x55743c38b080_30 .array/port v0x55743c38b080, 30;
v0x55743c38b080_31 .array/port v0x55743c38b080, 31;
E_0x55743c2f7e00/17 .event edge, v0x55743c38b080_28, v0x55743c38b080_29, v0x55743c38b080_30, v0x55743c38b080_31;
v0x55743c38b650_0 .array/port v0x55743c38b650, 0;
v0x55743c38b650_1 .array/port v0x55743c38b650, 1;
v0x55743c38b650_2 .array/port v0x55743c38b650, 2;
v0x55743c38b650_3 .array/port v0x55743c38b650, 3;
E_0x55743c2f7e00/18 .event edge, v0x55743c38b650_0, v0x55743c38b650_1, v0x55743c38b650_2, v0x55743c38b650_3;
v0x55743c38b650_4 .array/port v0x55743c38b650, 4;
v0x55743c38b650_5 .array/port v0x55743c38b650, 5;
v0x55743c38b650_6 .array/port v0x55743c38b650, 6;
v0x55743c38b650_7 .array/port v0x55743c38b650, 7;
E_0x55743c2f7e00/19 .event edge, v0x55743c38b650_4, v0x55743c38b650_5, v0x55743c38b650_6, v0x55743c38b650_7;
v0x55743c38b650_8 .array/port v0x55743c38b650, 8;
v0x55743c38b650_9 .array/port v0x55743c38b650, 9;
v0x55743c38b650_10 .array/port v0x55743c38b650, 10;
v0x55743c38b650_11 .array/port v0x55743c38b650, 11;
E_0x55743c2f7e00/20 .event edge, v0x55743c38b650_8, v0x55743c38b650_9, v0x55743c38b650_10, v0x55743c38b650_11;
v0x55743c38b650_12 .array/port v0x55743c38b650, 12;
v0x55743c38b650_13 .array/port v0x55743c38b650, 13;
v0x55743c38b650_14 .array/port v0x55743c38b650, 14;
v0x55743c38b650_15 .array/port v0x55743c38b650, 15;
E_0x55743c2f7e00/21 .event edge, v0x55743c38b650_12, v0x55743c38b650_13, v0x55743c38b650_14, v0x55743c38b650_15;
v0x55743c38b650_16 .array/port v0x55743c38b650, 16;
v0x55743c38b650_17 .array/port v0x55743c38b650, 17;
v0x55743c38b650_18 .array/port v0x55743c38b650, 18;
v0x55743c38b650_19 .array/port v0x55743c38b650, 19;
E_0x55743c2f7e00/22 .event edge, v0x55743c38b650_16, v0x55743c38b650_17, v0x55743c38b650_18, v0x55743c38b650_19;
v0x55743c38b650_20 .array/port v0x55743c38b650, 20;
v0x55743c38b650_21 .array/port v0x55743c38b650, 21;
v0x55743c38b650_22 .array/port v0x55743c38b650, 22;
v0x55743c38b650_23 .array/port v0x55743c38b650, 23;
E_0x55743c2f7e00/23 .event edge, v0x55743c38b650_20, v0x55743c38b650_21, v0x55743c38b650_22, v0x55743c38b650_23;
v0x55743c38b650_24 .array/port v0x55743c38b650, 24;
v0x55743c38b650_25 .array/port v0x55743c38b650, 25;
v0x55743c38b650_26 .array/port v0x55743c38b650, 26;
v0x55743c38b650_27 .array/port v0x55743c38b650, 27;
E_0x55743c2f7e00/24 .event edge, v0x55743c38b650_24, v0x55743c38b650_25, v0x55743c38b650_26, v0x55743c38b650_27;
v0x55743c38b650_28 .array/port v0x55743c38b650, 28;
v0x55743c38b650_29 .array/port v0x55743c38b650, 29;
v0x55743c38b650_30 .array/port v0x55743c38b650, 30;
v0x55743c38b650_31 .array/port v0x55743c38b650, 31;
E_0x55743c2f7e00/25 .event edge, v0x55743c38b650_28, v0x55743c38b650_29, v0x55743c38b650_30, v0x55743c38b650_31;
v0x55743c38aab0_0 .array/port v0x55743c38aab0, 0;
E_0x55743c2f7e00/26 .event edge, v0x55743c38a1f0_0, v0x55743c38a2d0_0, v0x55743c38a510_0, v0x55743c38aab0_0;
v0x55743c38aab0_1 .array/port v0x55743c38aab0, 1;
v0x55743c38aab0_2 .array/port v0x55743c38aab0, 2;
v0x55743c38aab0_3 .array/port v0x55743c38aab0, 3;
v0x55743c38aab0_4 .array/port v0x55743c38aab0, 4;
E_0x55743c2f7e00/27 .event edge, v0x55743c38aab0_1, v0x55743c38aab0_2, v0x55743c38aab0_3, v0x55743c38aab0_4;
v0x55743c38aab0_5 .array/port v0x55743c38aab0, 5;
v0x55743c38aab0_6 .array/port v0x55743c38aab0, 6;
v0x55743c38aab0_7 .array/port v0x55743c38aab0, 7;
v0x55743c38aab0_8 .array/port v0x55743c38aab0, 8;
E_0x55743c2f7e00/28 .event edge, v0x55743c38aab0_5, v0x55743c38aab0_6, v0x55743c38aab0_7, v0x55743c38aab0_8;
v0x55743c38aab0_9 .array/port v0x55743c38aab0, 9;
v0x55743c38aab0_10 .array/port v0x55743c38aab0, 10;
v0x55743c38aab0_11 .array/port v0x55743c38aab0, 11;
v0x55743c38aab0_12 .array/port v0x55743c38aab0, 12;
E_0x55743c2f7e00/29 .event edge, v0x55743c38aab0_9, v0x55743c38aab0_10, v0x55743c38aab0_11, v0x55743c38aab0_12;
v0x55743c38aab0_13 .array/port v0x55743c38aab0, 13;
v0x55743c38aab0_14 .array/port v0x55743c38aab0, 14;
v0x55743c38aab0_15 .array/port v0x55743c38aab0, 15;
v0x55743c38aab0_16 .array/port v0x55743c38aab0, 16;
E_0x55743c2f7e00/30 .event edge, v0x55743c38aab0_13, v0x55743c38aab0_14, v0x55743c38aab0_15, v0x55743c38aab0_16;
v0x55743c38aab0_17 .array/port v0x55743c38aab0, 17;
v0x55743c38aab0_18 .array/port v0x55743c38aab0, 18;
v0x55743c38aab0_19 .array/port v0x55743c38aab0, 19;
v0x55743c38aab0_20 .array/port v0x55743c38aab0, 20;
E_0x55743c2f7e00/31 .event edge, v0x55743c38aab0_17, v0x55743c38aab0_18, v0x55743c38aab0_19, v0x55743c38aab0_20;
v0x55743c38aab0_21 .array/port v0x55743c38aab0, 21;
v0x55743c38aab0_22 .array/port v0x55743c38aab0, 22;
v0x55743c38aab0_23 .array/port v0x55743c38aab0, 23;
v0x55743c38aab0_24 .array/port v0x55743c38aab0, 24;
E_0x55743c2f7e00/32 .event edge, v0x55743c38aab0_21, v0x55743c38aab0_22, v0x55743c38aab0_23, v0x55743c38aab0_24;
v0x55743c38aab0_25 .array/port v0x55743c38aab0, 25;
v0x55743c38aab0_26 .array/port v0x55743c38aab0, 26;
v0x55743c38aab0_27 .array/port v0x55743c38aab0, 27;
v0x55743c38aab0_28 .array/port v0x55743c38aab0, 28;
E_0x55743c2f7e00/33 .event edge, v0x55743c38aab0_25, v0x55743c38aab0_26, v0x55743c38aab0_27, v0x55743c38aab0_28;
v0x55743c38aab0_29 .array/port v0x55743c38aab0, 29;
v0x55743c38aab0_30 .array/port v0x55743c38aab0, 30;
v0x55743c38aab0_31 .array/port v0x55743c38aab0, 31;
E_0x55743c2f7e00/34 .event edge, v0x55743c38aab0_29, v0x55743c38aab0_30, v0x55743c38aab0_31, v0x55743c38bc20_0;
E_0x55743c2f7e00 .event/or E_0x55743c2f7e00/0, E_0x55743c2f7e00/1, E_0x55743c2f7e00/2, E_0x55743c2f7e00/3, E_0x55743c2f7e00/4, E_0x55743c2f7e00/5, E_0x55743c2f7e00/6, E_0x55743c2f7e00/7, E_0x55743c2f7e00/8, E_0x55743c2f7e00/9, E_0x55743c2f7e00/10, E_0x55743c2f7e00/11, E_0x55743c2f7e00/12, E_0x55743c2f7e00/13, E_0x55743c2f7e00/14, E_0x55743c2f7e00/15, E_0x55743c2f7e00/16, E_0x55743c2f7e00/17, E_0x55743c2f7e00/18, E_0x55743c2f7e00/19, E_0x55743c2f7e00/20, E_0x55743c2f7e00/21, E_0x55743c2f7e00/22, E_0x55743c2f7e00/23, E_0x55743c2f7e00/24, E_0x55743c2f7e00/25, E_0x55743c2f7e00/26, E_0x55743c2f7e00/27, E_0x55743c2f7e00/28, E_0x55743c2f7e00/29, E_0x55743c2f7e00/30, E_0x55743c2f7e00/31, E_0x55743c2f7e00/32, E_0x55743c2f7e00/33, E_0x55743c2f7e00/34;
L_0x55743c390360 .part L_0x55743c38f6f0, 0, 1;
L_0x55743c390450 .part L_0x55743c390100, 0, 1;
L_0x55743c390670 .part L_0x55743c38f6f0, 1, 1;
L_0x55743c390760 .part L_0x55743c390100, 1, 1;
L_0x55743c390890 .part v0x55743c389e20_0, 0, 1;
L_0x55743c390a60 .part L_0x55743c38f6f0, 2, 1;
L_0x55743c390b90 .part L_0x55743c390100, 2, 1;
L_0x55743c390c80 .part v0x55743c389e20_0, 1, 1;
L_0x55743c390f40 .part L_0x55743c38f6f0, 3, 1;
L_0x55743c391030 .part L_0x55743c390100, 3, 1;
L_0x55743c391180 .part v0x55743c389e20_0, 2, 1;
L_0x55743c391350 .part L_0x55743c38f6f0, 4, 1;
L_0x55743c3914b0 .part L_0x55743c390100, 4, 1;
L_0x55743c3915a0 .part v0x55743c389e20_0, 3, 1;
L_0x55743c391810 .part L_0x55743c38f6f0, 5, 1;
L_0x55743c391900 .part L_0x55743c390100, 5, 1;
L_0x55743c391b90 .part v0x55743c389e20_0, 4, 1;
L_0x55743c391db0 .part L_0x55743c38f6f0, 6, 1;
L_0x55743c391f40 .part L_0x55743c390100, 6, 1;
L_0x55743c392030 .part v0x55743c389e20_0, 5, 1;
L_0x55743c391ea0 .part L_0x55743c38f6f0, 7, 1;
L_0x55743c392350 .part L_0x55743c390100, 7, 1;
L_0x55743c392500 .part v0x55743c389e20_0, 6, 1;
L_0x55743c392720 .part L_0x55743c38f6f0, 8, 1;
L_0x55743c3928e0 .part L_0x55743c390100, 8, 1;
L_0x55743c3929d0 .part v0x55743c389e20_0, 7, 1;
L_0x55743c392e10 .part L_0x55743c38f6f0, 9, 1;
L_0x55743c392f00 .part L_0x55743c390100, 9, 1;
L_0x55743c3930e0 .part v0x55743c389e20_0, 8, 1;
L_0x55743c393330 .part L_0x55743c38f6f0, 10, 1;
L_0x55743c393520 .part L_0x55743c390100, 10, 1;
L_0x55743c393610 .part v0x55743c389e20_0, 9, 1;
L_0x55743c393970 .part L_0x55743c38f6f0, 11, 1;
L_0x55743c393a60 .part L_0x55743c390100, 11, 1;
L_0x55743c393c70 .part v0x55743c389e20_0, 10, 1;
L_0x55743c393ec0 .part L_0x55743c38f6f0, 12, 1;
L_0x55743c393b50 .part L_0x55743c390100, 12, 1;
L_0x55743c3940e0 .part v0x55743c389e20_0, 11, 1;
L_0x55743c394440 .part L_0x55743c38f6f0, 13, 1;
L_0x55743c394530 .part L_0x55743c390100, 13, 1;
L_0x55743c394770 .part v0x55743c389e20_0, 12, 1;
L_0x55743c3949c0 .part L_0x55743c38f6f0, 14, 1;
L_0x55743c394c10 .part L_0x55743c390100, 14, 1;
L_0x55743c394d00 .part v0x55743c389e20_0, 13, 1;
L_0x55743c3950c0 .part L_0x55743c38f6f0, 15, 1;
L_0x55743c3951b0 .part L_0x55743c390100, 15, 1;
L_0x55743c395420 .part v0x55743c389e20_0, 14, 1;
L_0x55743c395670 .part L_0x55743c38f6f0, 16, 1;
L_0x55743c3958f0 .part L_0x55743c390100, 16, 1;
L_0x55743c3959e0 .part v0x55743c389e20_0, 15, 1;
L_0x55743c395fe0 .part L_0x55743c38f6f0, 17, 1;
L_0x55743c3960d0 .part L_0x55743c390100, 17, 1;
L_0x55743c396370 .part v0x55743c389e20_0, 16, 1;
L_0x55743c3965c0 .part L_0x55743c38f6f0, 18, 1;
L_0x55743c396870 .part L_0x55743c390100, 18, 1;
L_0x55743c396960 .part v0x55743c389e20_0, 17, 1;
L_0x55743c396d80 .part L_0x55743c38f6f0, 19, 1;
L_0x55743c396e70 .part L_0x55743c390100, 19, 1;
L_0x55743c397140 .part v0x55743c389e20_0, 18, 1;
L_0x55743c397360 .part L_0x55743c38f6f0, 20, 1;
L_0x55743c397640 .part L_0x55743c390100, 20, 1;
L_0x55743c397730 .part v0x55743c389e20_0, 19, 1;
L_0x55743c397b50 .part L_0x55743c38f6f0, 21, 1;
L_0x55743c397c40 .part L_0x55743c390100, 21, 1;
L_0x55743c397f40 .part v0x55743c389e20_0, 20, 1;
L_0x55743c398160 .part L_0x55743c38f6f0, 22, 1;
L_0x55743c398470 .part L_0x55743c390100, 22, 1;
L_0x55743c398560 .part v0x55743c389e20_0, 21, 1;
L_0x55743c3989b0 .part L_0x55743c38f6f0, 23, 1;
L_0x55743c398aa0 .part L_0x55743c390100, 23, 1;
L_0x55743c398dd0 .part v0x55743c389e20_0, 22, 1;
L_0x55743c398ff0 .part L_0x55743c38f6f0, 24, 1;
L_0x55743c399330 .part L_0x55743c390100, 24, 1;
L_0x55743c399420 .part v0x55743c389e20_0, 23, 1;
L_0x55743c3998a0 .part L_0x55743c38f6f0, 25, 1;
L_0x55743c399990 .part L_0x55743c390100, 25, 1;
L_0x55743c399cf0 .part v0x55743c389e20_0, 24, 1;
L_0x55743c399f10 .part L_0x55743c38f6f0, 26, 1;
L_0x55743c39a280 .part L_0x55743c390100, 26, 1;
L_0x55743c39a370 .part v0x55743c389e20_0, 25, 1;
L_0x55743c39a820 .part L_0x55743c38f6f0, 27, 1;
L_0x55743c39a910 .part L_0x55743c390100, 27, 1;
L_0x55743c39aca0 .part v0x55743c389e20_0, 26, 1;
L_0x55743c39aec0 .part L_0x55743c38f6f0, 28, 1;
L_0x55743c39b260 .part L_0x55743c390100, 28, 1;
L_0x55743c39b350 .part v0x55743c389e20_0, 27, 1;
L_0x55743c39b830 .part L_0x55743c38f6f0, 29, 1;
L_0x55743c39b920 .part L_0x55743c390100, 29, 1;
L_0x55743c39c0f0 .part v0x55743c389e20_0, 28, 1;
L_0x55743c39c310 .part L_0x55743c38f6f0, 30, 1;
L_0x55743c39c6e0 .part L_0x55743c390100, 30, 1;
L_0x55743c39c7d0 .part v0x55743c389e20_0, 29, 1;
L_0x55743c39cce0 .part L_0x55743c38f6f0, 31, 1;
L_0x55743c39cdd0 .part L_0x55743c390100, 31, 1;
L_0x55743c39d1c0 .part v0x55743c389e20_0, 30, 1;
LS_0x55743c39d2b0_0_0 .concat8 [ 1 1 1 1], L_0x55743c390250, L_0x55743c3905b0, L_0x55743c3909a0, L_0x55743c390e80;
LS_0x55743c39d2b0_0_4 .concat8 [ 1 1 1 1], L_0x55743c391290, L_0x55743c3917a0, L_0x55743c391cf0, L_0x55743c392240;
LS_0x55743c39d2b0_0_8 .concat8 [ 1 1 1 1], L_0x55743c392660, L_0x55743c392d20, L_0x55743c393240, L_0x55743c393880;
LS_0x55743c39d2b0_0_12 .concat8 [ 1 1 1 1], L_0x55743c393dd0, L_0x55743c394380, L_0x55743c3948d0, L_0x55743c394fd0;
LS_0x55743c39d2b0_0_16 .concat8 [ 1 1 1 1], L_0x55743c395580, L_0x55743c395ef0, L_0x55743c3964d0, L_0x55743c396c90;
LS_0x55743c39d2b0_0_20 .concat8 [ 1 1 1 1], L_0x55743c3972a0, L_0x55743c397a90, L_0x55743c3980a0, L_0x55743c3988f0;
LS_0x55743c39d2b0_0_24 .concat8 [ 1 1 1 1], L_0x55743c398f30, L_0x55743c3997e0, L_0x55743c399e50, L_0x55743c39a760;
LS_0x55743c39d2b0_0_28 .concat8 [ 1 1 1 1], L_0x55743c39ae00, L_0x55743c39b770, L_0x55743c39c250, L_0x55743c39cc20;
LS_0x55743c39d2b0_1_0 .concat8 [ 4 4 4 4], LS_0x55743c39d2b0_0_0, LS_0x55743c39d2b0_0_4, LS_0x55743c39d2b0_0_8, LS_0x55743c39d2b0_0_12;
LS_0x55743c39d2b0_1_4 .concat8 [ 4 4 4 4], LS_0x55743c39d2b0_0_16, LS_0x55743c39d2b0_0_20, LS_0x55743c39d2b0_0_24, LS_0x55743c39d2b0_0_28;
L_0x55743c39d2b0 .concat8 [ 16 16 0 0], LS_0x55743c39d2b0_1_0, LS_0x55743c39d2b0_1_4;
L_0x55743c39e0b0 .part v0x55743c389e20_0, 31, 1;
S_0x55743c37b8e0 .scope module, "f1" "FullAdder" 4 95, 4 1 0, S_0x55743c37b220;
 .timescale 0 0;
    .port_info 0 /INPUT 1 "A"
    .port_info 1 /INPUT 1 "B"
    .port_info 2 /INPUT 1 "Cin"
    .port_info 3 /OUTPUT 1 "Sum"
L_0x55743c3901c0 .functor XOR 1, L_0x55743c390360, L_0x55743c390450, C4<0>, C4<0>;
L_0x55743c390250 .functor XOR 1, L_0x55743c3901c0, L_0x55743c39e5b0, C4<0>, C4<0>;
v0x55743c37bad0_0 .net "A", 0 0, L_0x55743c390360;  1 drivers
v0x55743c37bbb0_0 .net "B", 0 0, L_0x55743c390450;  1 drivers
v0x55743c37bc70_0 .net "Cin", 0 0, L_0x55743c39e5b0;  alias, 1 drivers
v0x55743c37bd10_0 .net "Sum", 0 0, L_0x55743c390250;  1 drivers
v0x55743c37bdd0_0 .net *"_s0", 0 0, L_0x55743c3901c0;  1 drivers
S_0x55743c37bf80 .scope module, "f10" "FullAdder" 4 104, 4 1 0, S_0x55743c37b220;
 .timescale 0 0;
    .port_info 0 /INPUT 1 "A"
    .port_info 1 /INPUT 1 "B"
    .port_info 2 /INPUT 1 "Cin"
    .port_info 3 /OUTPUT 1 "Sum"
L_0x55743c392cb0 .functor XOR 1, L_0x55743c392e10, L_0x55743c392f00, C4<0>, C4<0>;
L_0x55743c392d20 .functor XOR 1, L_0x55743c392cb0, L_0x55743c3930e0, C4<0>, C4<0>;
v0x55743c37c170_0 .net "A", 0 0, L_0x55743c392e10;  1 drivers
v0x55743c37c230_0 .net "B", 0 0, L_0x55743c392f00;  1 drivers
v0x55743c37c2f0_0 .net "Cin", 0 0, L_0x55743c3930e0;  1 drivers
v0x55743c37c390_0 .net "Sum", 0 0, L_0x55743c392d20;  1 drivers
v0x55743c37c450_0 .net *"_s0", 0 0, L_0x55743c392cb0;  1 drivers
S_0x55743c37c600 .scope module, "f11" "FullAdder" 4 105, 4 1 0, S_0x55743c37b220;
 .timescale 0 0;
    .port_info 0 /INPUT 1 "A"
    .port_info 1 /INPUT 1 "B"
    .port_info 2 /INPUT 1 "Cin"
    .port_info 3 /OUTPUT 1 "Sum"
L_0x55743c3931d0 .functor XOR 1, L_0x55743c393330, L_0x55743c393520, C4<0>, C4<0>;
L_0x55743c393240 .functor XOR 1, L_0x55743c3931d0, L_0x55743c393610, C4<0>, C4<0>;
v0x55743c37c870_0 .net "A", 0 0, L_0x55743c393330;  1 drivers
v0x55743c37c930_0 .net "B", 0 0, L_0x55743c393520;  1 drivers
v0x55743c37c9f0_0 .net "Cin", 0 0, L_0x55743c393610;  1 drivers
v0x55743c37cac0_0 .net "Sum", 0 0, L_0x55743c393240;  1 drivers
v0x55743c37cb80_0 .net *"_s0", 0 0, L_0x55743c3931d0;  1 drivers
S_0x55743c37cd30 .scope module, "f12" "FullAdder" 4 106, 4 1 0, S_0x55743c37b220;
 .timescale 0 0;
    .port_info 0 /INPUT 1 "A"
    .port_info 1 /INPUT 1 "B"
    .port_info 2 /INPUT 1 "Cin"
    .port_info 3 /OUTPUT 1 "Sum"
L_0x55743c393810 .functor XOR 1, L_0x55743c393970, L_0x55743c393a60, C4<0>, C4<0>;
L_0x55743c393880 .functor XOR 1, L_0x55743c393810, L_0x55743c393c70, C4<0>, C4<0>;
v0x55743c37cf70_0 .net "A", 0 0, L_0x55743c393970;  1 drivers
v0x55743c37d050_0 .net "B", 0 0, L_0x55743c393a60;  1 drivers
v0x55743c37d110_0 .net "Cin", 0 0, L_0x55743c393c70;  1 drivers
v0x55743c37d1e0_0 .net "Sum", 0 0, L_0x55743c393880;  1 drivers
v0x55743c37d2a0_0 .net *"_s0", 0 0, L_0x55743c393810;  1 drivers
S_0x55743c37d450 .scope module, "f13" "FullAdder" 4 107, 4 1 0, S_0x55743c37b220;
 .timescale 0 0;
    .port_info 0 /INPUT 1 "A"
    .port_info 1 /INPUT 1 "B"
    .port_info 2 /INPUT 1 "Cin"
    .port_info 3 /OUTPUT 1 "Sum"
L_0x55743c393d60 .functor XOR 1, L_0x55743c393ec0, L_0x55743c393b50, C4<0>, C4<0>;
L_0x55743c393dd0 .functor XOR 1, L_0x55743c393d60, L_0x55743c3940e0, C4<0>, C4<0>;
v0x55743c37d6e0_0 .net "A", 0 0, L_0x55743c393ec0;  1 drivers
v0x55743c37d7c0_0 .net "B", 0 0, L_0x55743c393b50;  1 drivers
v0x55743c37d880_0 .net "Cin", 0 0, L_0x55743c3940e0;  1 drivers
v0x55743c37d920_0 .net "Sum", 0 0, L_0x55743c393dd0;  1 drivers
v0x55743c37d9e0_0 .net *"_s0", 0 0, L_0x55743c393d60;  1 drivers
S_0x55743c37db90 .scope module, "f14" "FullAdder" 4 108, 4 1 0, S_0x55743c37b220;
 .timescale 0 0;
    .port_info 0 /INPUT 1 "A"
    .port_info 1 /INPUT 1 "B"
    .port_info 2 /INPUT 1 "Cin"
    .port_info 3 /OUTPUT 1 "Sum"
L_0x55743c394310 .functor XOR 1, L_0x55743c394440, L_0x55743c394530, C4<0>, C4<0>;
L_0x55743c394380 .functor XOR 1, L_0x55743c394310, L_0x55743c394770, C4<0>, C4<0>;
v0x55743c37ddd0_0 .net "A", 0 0, L_0x55743c394440;  1 drivers
v0x55743c37deb0_0 .net "B", 0 0, L_0x55743c394530;  1 drivers
v0x55743c37df70_0 .net "Cin", 0 0, L_0x55743c394770;  1 drivers
v0x55743c37e040_0 .net "Sum", 0 0, L_0x55743c394380;  1 drivers
v0x55743c37e100_0 .net *"_s0", 0 0, L_0x55743c394310;  1 drivers
S_0x55743c37e2b0 .scope module, "f15" "FullAdder" 4 109, 4 1 0, S_0x55743c37b220;
 .timescale 0 0;
    .port_info 0 /INPUT 1 "A"
    .port_info 1 /INPUT 1 "B"
    .port_info 2 /INPUT 1 "Cin"
    .port_info 3 /OUTPUT 1 "Sum"
L_0x55743c394860 .functor XOR 1, L_0x55743c3949c0, L_0x55743c394c10, C4<0>, C4<0>;
L_0x55743c3948d0 .functor XOR 1, L_0x55743c394860, L_0x55743c394d00, C4<0>, C4<0>;
v0x55743c37e4f0_0 .net "A", 0 0, L_0x55743c3949c0;  1 drivers
v0x55743c37e5d0_0 .net "B", 0 0, L_0x55743c394c10;  1 drivers
v0x55743c37e690_0 .net "Cin", 0 0, L_0x55743c394d00;  1 drivers
v0x55743c37e760_0 .net "Sum", 0 0, L_0x55743c3948d0;  1 drivers
v0x55743c37e820_0 .net *"_s0", 0 0, L_0x55743c394860;  1 drivers
S_0x55743c37e9d0 .scope module, "f16" "FullAdder" 4 110, 4 1 0, S_0x55743c37b220;
 .timescale 0 0;
    .port_info 0 /INPUT 1 "A"
    .port_info 1 /INPUT 1 "B"
    .port_info 2 /INPUT 1 "Cin"
    .port_info 3 /OUTPUT 1 "Sum"
L_0x55743c394f60 .functor XOR 1, L_0x55743c3950c0, L_0x55743c3951b0, C4<0>, C4<0>;
L_0x55743c394fd0 .functor XOR 1, L_0x55743c394f60, L_0x55743c395420, C4<0>, C4<0>;
v0x55743c37ec10_0 .net "A", 0 0, L_0x55743c3950c0;  1 drivers
v0x55743c37ecf0_0 .net "B", 0 0, L_0x55743c3951b0;  1 drivers
v0x55743c37edb0_0 .net "Cin", 0 0, L_0x55743c395420;  1 drivers
v0x55743c37ee80_0 .net "Sum", 0 0, L_0x55743c394fd0;  1 drivers
v0x55743c37ef40_0 .net *"_s0", 0 0, L_0x55743c394f60;  1 drivers
S_0x55743c37f0f0 .scope module, "f17" "FullAdder" 4 111, 4 1 0, S_0x55743c37b220;
 .timescale 0 0;
    .port_info 0 /INPUT 1 "A"
    .port_info 1 /INPUT 1 "B"
    .port_info 2 /INPUT 1 "Cin"
    .port_info 3 /OUTPUT 1 "Sum"
L_0x55743c395510 .functor XOR 1, L_0x55743c395670, L_0x55743c3958f0, C4<0>, C4<0>;
L_0x55743c395580 .functor XOR 1, L_0x55743c395510, L_0x55743c3959e0, C4<0>, C4<0>;
v0x55743c37f330_0 .net "A", 0 0, L_0x55743c395670;  1 drivers
v0x55743c37f410_0 .net "B", 0 0, L_0x55743c3958f0;  1 drivers
v0x55743c37f4d0_0 .net "Cin", 0 0, L_0x55743c3959e0;  1 drivers
v0x55743c37f5a0_0 .net "Sum", 0 0, L_0x55743c395580;  1 drivers
v0x55743c37f660_0 .net *"_s0", 0 0, L_0x55743c395510;  1 drivers
S_0x55743c37f7c0 .scope module, "f18" "FullAdder" 4 112, 4 1 0, S_0x55743c37b220;
 .timescale 0 0;
    .port_info 0 /INPUT 1 "A"
    .port_info 1 /INPUT 1 "B"
    .port_info 2 /INPUT 1 "Cin"
    .port_info 3 /OUTPUT 1 "Sum"
L_0x55743c395e80 .functor XOR 1, L_0x55743c395fe0, L_0x55743c3960d0, C4<0>, C4<0>;
L_0x55743c395ef0 .functor XOR 1, L_0x55743c395e80, L_0x55743c396370, C4<0>, C4<0>;
v0x55743c37fa00_0 .net "A", 0 0, L_0x55743c395fe0;  1 drivers
v0x55743c37fae0_0 .net "B", 0 0, L_0x55743c3960d0;  1 drivers
v0x55743c37fba0_0 .net "Cin", 0 0, L_0x55743c396370;  1 drivers
v0x55743c37fc70_0 .net "Sum", 0 0, L_0x55743c395ef0;  1 drivers
v0x55743c37fd30_0 .net *"_s0", 0 0, L_0x55743c395e80;  1 drivers
S_0x55743c37fee0 .scope module, "f19" "FullAdder" 4 113, 4 1 0, S_0x55743c37b220;
 .timescale 0 0;
    .port_info 0 /INPUT 1 "A"
    .port_info 1 /INPUT 1 "B"
    .port_info 2 /INPUT 1 "Cin"
    .port_info 3 /OUTPUT 1 "Sum"
L_0x55743c396460 .functor XOR 1, L_0x55743c3965c0, L_0x55743c396870, C4<0>, C4<0>;
L_0x55743c3964d0 .functor XOR 1, L_0x55743c396460, L_0x55743c396960, C4<0>, C4<0>;
v0x55743c380120_0 .net "A", 0 0, L_0x55743c3965c0;  1 drivers
v0x55743c380200_0 .net "B", 0 0, L_0x55743c396870;  1 drivers
v0x55743c3802c0_0 .net "Cin", 0 0, L_0x55743c396960;  1 drivers
v0x55743c380390_0 .net "Sum", 0 0, L_0x55743c3964d0;  1 drivers
v0x55743c380450_0 .net *"_s0", 0 0, L_0x55743c396460;  1 drivers
S_0x55743c380600 .scope module, "f2" "FullAdder" 4 96, 4 1 0, S_0x55743c37b220;
 .timescale 0 0;
    .port_info 0 /INPUT 1 "A"
    .port_info 1 /INPUT 1 "B"
    .port_info 2 /INPUT 1 "Cin"
    .port_info 3 /OUTPUT 1 "Sum"
L_0x55743c390540 .functor XOR 1, L_0x55743c390670, L_0x55743c390760, C4<0>, C4<0>;
L_0x55743c3905b0 .functor XOR 1, L_0x55743c390540, L_0x55743c390890, C4<0>, C4<0>;
v0x55743c380840_0 .net "A", 0 0, L_0x55743c390670;  1 drivers
v0x55743c380920_0 .net "B", 0 0, L_0x55743c390760;  1 drivers
v0x55743c3809e0_0 .net "Cin", 0 0, L_0x55743c390890;  1 drivers
v0x55743c380ab0_0 .net "Sum", 0 0, L_0x55743c3905b0;  1 drivers
v0x55743c380b70_0 .net *"_s0", 0 0, L_0x55743c390540;  1 drivers
S_0x55743c380d20 .scope module, "f20" "FullAdder" 4 114, 4 1 0, S_0x55743c37b220;
 .timescale 0 0;
    .port_info 0 /INPUT 1 "A"
    .port_info 1 /INPUT 1 "B"
    .port_info 2 /INPUT 1 "Cin"
    .port_info 3 /OUTPUT 1 "Sum"
L_0x55743c396c20 .functor XOR 1, L_0x55743c396d80, L_0x55743c396e70, C4<0>, C4<0>;
L_0x55743c396c90 .functor XOR 1, L_0x55743c396c20, L_0x55743c397140, C4<0>, C4<0>;
v0x55743c380f60_0 .net "A", 0 0, L_0x55743c396d80;  1 drivers
v0x55743c381040_0 .net "B", 0 0, L_0x55743c396e70;  1 drivers
v0x55743c381100_0 .net "Cin", 0 0, L_0x55743c397140;  1 drivers
v0x55743c3811d0_0 .net "Sum", 0 0, L_0x55743c396c90;  1 drivers
v0x55743c381290_0 .net *"_s0", 0 0, L_0x55743c396c20;  1 drivers
S_0x55743c381440 .scope module, "f21" "FullAdder" 4 115, 4 1 0, S_0x55743c37b220;
 .timescale 0 0;
    .port_info 0 /INPUT 1 "A"
    .port_info 1 /INPUT 1 "B"
    .port_info 2 /INPUT 1 "Cin"
    .port_info 3 /OUTPUT 1 "Sum"
L_0x55743c397230 .functor XOR 1, L_0x55743c397360, L_0x55743c397640, C4<0>, C4<0>;
L_0x55743c3972a0 .functor XOR 1, L_0x55743c397230, L_0x55743c397730, C4<0>, C4<0>;
v0x55743c381680_0 .net "A", 0 0, L_0x55743c397360;  1 drivers
v0x55743c381760_0 .net "B", 0 0, L_0x55743c397640;  1 drivers
v0x55743c381820_0 .net "Cin", 0 0, L_0x55743c397730;  1 drivers
v0x55743c3818f0_0 .net "Sum", 0 0, L_0x55743c3972a0;  1 drivers
v0x55743c3819b0_0 .net *"_s0", 0 0, L_0x55743c397230;  1 drivers
S_0x55743c381b60 .scope module, "f22" "FullAdder" 4 116, 4 1 0, S_0x55743c37b220;
 .timescale 0 0;
    .port_info 0 /INPUT 1 "A"
    .port_info 1 /INPUT 1 "B"
    .port_info 2 /INPUT 1 "Cin"
    .port_info 3 /OUTPUT 1 "Sum"
L_0x55743c397a20 .functor XOR 1, L_0x55743c397b50, L_0x55743c397c40, C4<0>, C4<0>;
L_0x55743c397a90 .functor XOR 1, L_0x55743c397a20, L_0x55743c397f40, C4<0>, C4<0>;
v0x55743c381da0_0 .net "A", 0 0, L_0x55743c397b50;  1 drivers
v0x55743c381e80_0 .net "B", 0 0, L_0x55743c397c40;  1 drivers
v0x55743c381f40_0 .net "Cin", 0 0, L_0x55743c397f40;  1 drivers
v0x55743c382010_0 .net "Sum", 0 0, L_0x55743c397a90;  1 drivers
v0x55743c3820d0_0 .net *"_s0", 0 0, L_0x55743c397a20;  1 drivers
S_0x55743c382280 .scope module, "f23" "FullAdder" 4 117, 4 1 0, S_0x55743c37b220;
 .timescale 0 0;
    .port_info 0 /INPUT 1 "A"
    .port_info 1 /INPUT 1 "B"
    .port_info 2 /INPUT 1 "Cin"
    .port_info 3 /OUTPUT 1 "Sum"
L_0x55743c398030 .functor XOR 1, L_0x55743c398160, L_0x55743c398470, C4<0>, C4<0>;
L_0x55743c3980a0 .functor XOR 1, L_0x55743c398030, L_0x55743c398560, C4<0>, C4<0>;
v0x55743c3824c0_0 .net "A", 0 0, L_0x55743c398160;  1 drivers
v0x55743c3825a0_0 .net "B", 0 0, L_0x55743c398470;  1 drivers
v0x55743c382660_0 .net "Cin", 0 0, L_0x55743c398560;  1 drivers
v0x55743c382730_0 .net "Sum", 0 0, L_0x55743c3980a0;  1 drivers
v0x55743c3827f0_0 .net *"_s0", 0 0, L_0x55743c398030;  1 drivers
S_0x55743c3829a0 .scope module, "f24" "FullAdder" 4 118, 4 1 0, S_0x55743c37b220;
 .timescale 0 0;
    .port_info 0 /INPUT 1 "A"
    .port_info 1 /INPUT 1 "B"
    .port_info 2 /INPUT 1 "Cin"
    .port_info 3 /OUTPUT 1 "Sum"
L_0x55743c398880 .functor XOR 1, L_0x55743c3989b0, L_0x55743c398aa0, C4<0>, C4<0>;
L_0x55743c3988f0 .functor XOR 1, L_0x55743c398880, L_0x55743c398dd0, C4<0>, C4<0>;
v0x55743c382be0_0 .net "A", 0 0, L_0x55743c3989b0;  1 drivers
v0x55743c382cc0_0 .net "B", 0 0, L_0x55743c398aa0;  1 drivers
v0x55743c382d80_0 .net "Cin", 0 0, L_0x55743c398dd0;  1 drivers
v0x55743c382e50_0 .net "Sum", 0 0, L_0x55743c3988f0;  1 drivers
v0x55743c382f10_0 .net *"_s0", 0 0, L_0x55743c398880;  1 drivers
S_0x55743c3830c0 .scope module, "f25" "FullAdder" 4 119, 4 1 0, S_0x55743c37b220;
 .timescale 0 0;
    .port_info 0 /INPUT 1 "A"
    .port_info 1 /INPUT 1 "B"
    .port_info 2 /INPUT 1 "Cin"
    .port_info 3 /OUTPUT 1 "Sum"
L_0x55743c398ec0 .functor XOR 1, L_0x55743c398ff0, L_0x55743c399330, C4<0>, C4<0>;
L_0x55743c398f30 .functor XOR 1, L_0x55743c398ec0, L_0x55743c399420, C4<0>, C4<0>;
v0x55743c383300_0 .net "A", 0 0, L_0x55743c398ff0;  1 drivers
v0x55743c3833e0_0 .net "B", 0 0, L_0x55743c399330;  1 drivers
v0x55743c3834a0_0 .net "Cin", 0 0, L_0x55743c399420;  1 drivers
v0x55743c383570_0 .net "Sum", 0 0, L_0x55743c398f30;  1 drivers
v0x55743c383630_0 .net *"_s0", 0 0, L_0x55743c398ec0;  1 drivers
S_0x55743c3837e0 .scope module, "f26" "FullAdder" 4 120, 4 1 0, S_0x55743c37b220;
 .timescale 0 0;
    .port_info 0 /INPUT 1 "A"
    .port_info 1 /INPUT 1 "B"
    .port_info 2 /INPUT 1 "Cin"
    .port_info 3 /OUTPUT 1 "Sum"
L_0x55743c399770 .functor XOR 1, L_0x55743c3998a0, L_0x55743c399990, C4<0>, C4<0>;
L_0x55743c3997e0 .functor XOR 1, L_0x55743c399770, L_0x55743c399cf0, C4<0>, C4<0>;
v0x55743c383a20_0 .net "A", 0 0, L_0x55743c3998a0;  1 drivers
v0x55743c383b00_0 .net "B", 0 0, L_0x55743c399990;  1 drivers
v0x55743c383bc0_0 .net "Cin", 0 0, L_0x55743c399cf0;  1 drivers
v0x55743c383c90_0 .net "Sum", 0 0, L_0x55743c3997e0;  1 drivers
v0x55743c383d50_0 .net *"_s0", 0 0, L_0x55743c399770;  1 drivers
S_0x55743c383f00 .scope module, "f27" "FullAdder" 4 121, 4 1 0, S_0x55743c37b220;
 .timescale 0 0;
    .port_info 0 /INPUT 1 "A"
    .port_info 1 /INPUT 1 "B"
    .port_info 2 /INPUT 1 "Cin"
    .port_info 3 /OUTPUT 1 "Sum"
L_0x55743c399de0 .functor XOR 1, L_0x55743c399f10, L_0x55743c39a280, C4<0>, C4<0>;
L_0x55743c399e50 .functor XOR 1, L_0x55743c399de0, L_0x55743c39a370, C4<0>, C4<0>;
v0x55743c384140_0 .net "A", 0 0, L_0x55743c399f10;  1 drivers
v0x55743c384220_0 .net "B", 0 0, L_0x55743c39a280;  1 drivers
v0x55743c3842e0_0 .net "Cin", 0 0, L_0x55743c39a370;  1 drivers
v0x55743c3843b0_0 .net "Sum", 0 0, L_0x55743c399e50;  1 drivers
v0x55743c384470_0 .net *"_s0", 0 0, L_0x55743c399de0;  1 drivers
S_0x55743c384620 .scope module, "f28" "FullAdder" 4 122, 4 1 0, S_0x55743c37b220;
 .timescale 0 0;
    .port_info 0 /INPUT 1 "A"
    .port_info 1 /INPUT 1 "B"
    .port_info 2 /INPUT 1 "Cin"
    .port_info 3 /OUTPUT 1 "Sum"
L_0x55743c39a6f0 .functor XOR 1, L_0x55743c39a820, L_0x55743c39a910, C4<0>, C4<0>;
L_0x55743c39a760 .functor XOR 1, L_0x55743c39a6f0, L_0x55743c39aca0, C4<0>, C4<0>;
v0x55743c384860_0 .net "A", 0 0, L_0x55743c39a820;  1 drivers
v0x55743c384940_0 .net "B", 0 0, L_0x55743c39a910;  1 drivers
v0x55743c384a00_0 .net "Cin", 0 0, L_0x55743c39aca0;  1 drivers
v0x55743c384ad0_0 .net "Sum", 0 0, L_0x55743c39a760;  1 drivers
v0x55743c384b90_0 .net *"_s0", 0 0, L_0x55743c39a6f0;  1 drivers
S_0x55743c384d40 .scope module, "f29" "FullAdder" 4 123, 4 1 0, S_0x55743c37b220;
 .timescale 0 0;
    .port_info 0 /INPUT 1 "A"
    .port_info 1 /INPUT 1 "B"
    .port_info 2 /INPUT 1 "Cin"
    .port_info 3 /OUTPUT 1 "Sum"
L_0x55743c39ad90 .functor XOR 1, L_0x55743c39aec0, L_0x55743c39b260, C4<0>, C4<0>;
L_0x55743c39ae00 .functor XOR 1, L_0x55743c39ad90, L_0x55743c39b350, C4<0>, C4<0>;
v0x55743c384f80_0 .net "A", 0 0, L_0x55743c39aec0;  1 drivers
v0x55743c385060_0 .net "B", 0 0, L_0x55743c39b260;  1 drivers
v0x55743c385120_0 .net "Cin", 0 0, L_0x55743c39b350;  1 drivers
v0x55743c3851f0_0 .net "Sum", 0 0, L_0x55743c39ae00;  1 drivers
v0x55743c3852b0_0 .net *"_s0", 0 0, L_0x55743c39ad90;  1 drivers
S_0x55743c385460 .scope module, "f3" "FullAdder" 4 97, 4 1 0, S_0x55743c37b220;
 .timescale 0 0;
    .port_info 0 /INPUT 1 "A"
    .port_info 1 /INPUT 1 "B"
    .port_info 2 /INPUT 1 "Cin"
    .port_info 3 /OUTPUT 1 "Sum"
L_0x55743c390930 .functor XOR 1, L_0x55743c390a60, L_0x55743c390b90, C4<0>, C4<0>;
L_0x55743c3909a0 .functor XOR 1, L_0x55743c390930, L_0x55743c390c80, C4<0>, C4<0>;
v0x55743c3856a0_0 .net "A", 0 0, L_0x55743c390a60;  1 drivers
v0x55743c385780_0 .net "B", 0 0, L_0x55743c390b90;  1 drivers
v0x55743c385840_0 .net "Cin", 0 0, L_0x55743c390c80;  1 drivers
v0x55743c385910_0 .net "Sum", 0 0, L_0x55743c3909a0;  1 drivers
v0x55743c3859d0_0 .net *"_s0", 0 0, L_0x55743c390930;  1 drivers
S_0x55743c385b80 .scope module, "f30" "FullAdder" 4 124, 4 1 0, S_0x55743c37b220;
 .timescale 0 0;
    .port_info 0 /INPUT 1 "A"
    .port_info 1 /INPUT 1 "B"
    .port_info 2 /INPUT 1 "Cin"
    .port_info 3 /OUTPUT 1 "Sum"
L_0x55743c39b700 .functor XOR 1, L_0x55743c39b830, L_0x55743c39b920, C4<0>, C4<0>;
L_0x55743c39b770 .functor XOR 1, L_0x55743c39b700, L_0x55743c39c0f0, C4<0>, C4<0>;
v0x55743c385dc0_0 .net "A", 0 0, L_0x55743c39b830;  1 drivers
v0x55743c385ea0_0 .net "B", 0 0, L_0x55743c39b920;  1 drivers
v0x55743c385f60_0 .net "Cin", 0 0, L_0x55743c39c0f0;  1 drivers
v0x55743c386030_0 .net "Sum", 0 0, L_0x55743c39b770;  1 drivers
v0x55743c3860f0_0 .net *"_s0", 0 0, L_0x55743c39b700;  1 drivers
S_0x55743c3862a0 .scope module, "f31" "FullAdder" 4 125, 4 1 0, S_0x55743c37b220;
 .timescale 0 0;
    .port_info 0 /INPUT 1 "A"
    .port_info 1 /INPUT 1 "B"
    .port_info 2 /INPUT 1 "Cin"
    .port_info 3 /OUTPUT 1 "Sum"
L_0x55743c39c1e0 .functor XOR 1, L_0x55743c39c310, L_0x55743c39c6e0, C4<0>, C4<0>;
L_0x55743c39c250 .functor XOR 1, L_0x55743c39c1e0, L_0x55743c39c7d0, C4<0>, C4<0>;
v0x55743c3864e0_0 .net "A", 0 0, L_0x55743c39c310;  1 drivers
v0x55743c3865c0_0 .net "B", 0 0, L_0x55743c39c6e0;  1 drivers
v0x55743c386680_0 .net "Cin", 0 0, L_0x55743c39c7d0;  1 drivers
v0x55743c386750_0 .net "Sum", 0 0, L_0x55743c39c250;  1 drivers
v0x55743c386810_0 .net *"_s0", 0 0, L_0x55743c39c1e0;  1 drivers
S_0x55743c3869c0 .scope module, "f32" "FullAdder" 4 126, 4 1 0, S_0x55743c37b220;
 .timescale 0 0;
    .port_info 0 /INPUT 1 "A"
    .port_info 1 /INPUT 1 "B"
    .port_info 2 /INPUT 1 "Cin"
    .port_info 3 /OUTPUT 1 "Sum"
L_0x55743c39cbb0 .functor XOR 1, L_0x55743c39cce0, L_0x55743c39cdd0, C4<0>, C4<0>;
L_0x55743c39cc20 .functor XOR 1, L_0x55743c39cbb0, L_0x55743c39d1c0, C4<0>, C4<0>;
v0x55743c386c00_0 .net "A", 0 0, L_0x55743c39cce0;  1 drivers
v0x55743c386ce0_0 .net "B", 0 0, L_0x55743c39cdd0;  1 drivers
v0x55743c386da0_0 .net "Cin", 0 0, L_0x55743c39d1c0;  1 drivers
v0x55743c386e70_0 .net "Sum", 0 0, L_0x55743c39cc20;  1 drivers
v0x55743c386f30_0 .net *"_s0", 0 0, L_0x55743c39cbb0;  1 drivers
S_0x55743c3870e0 .scope module, "f4" "FullAdder" 4 98, 4 1 0, S_0x55743c37b220;
 .timescale 0 0;
    .port_info 0 /INPUT 1 "A"
    .port_info 1 /INPUT 1 "B"
    .port_info 2 /INPUT 1 "Cin"
    .port_info 3 /OUTPUT 1 "Sum"
L_0x55743c390e10 .functor XOR 1, L_0x55743c390f40, L_0x55743c391030, C4<0>, C4<0>;
L_0x55743c390e80 .functor XOR 1, L_0x55743c390e10, L_0x55743c391180, C4<0>, C4<0>;
v0x55743c387320_0 .net "A", 0 0, L_0x55743c390f40;  1 drivers
v0x55743c387400_0 .net "B", 0 0, L_0x55743c391030;  1 drivers
v0x55743c3874c0_0 .net "Cin", 0 0, L_0x55743c391180;  1 drivers
v0x55743c387590_0 .net "Sum", 0 0, L_0x55743c390e80;  1 drivers
v0x55743c387650_0 .net *"_s0", 0 0, L_0x55743c390e10;  1 drivers
S_0x55743c387800 .scope module, "f5" "FullAdder" 4 99, 4 1 0, S_0x55743c37b220;
 .timescale 0 0;
    .port_info 0 /INPUT 1 "A"
    .port_info 1 /INPUT 1 "B"
    .port_info 2 /INPUT 1 "Cin"
    .port_info 3 /OUTPUT 1 "Sum"
L_0x55743c391220 .functor XOR 1, L_0x55743c391350, L_0x55743c3914b0, C4<0>, C4<0>;
L_0x55743c391290 .functor XOR 1, L_0x55743c391220, L_0x55743c3915a0, C4<0>, C4<0>;
v0x55743c387a40_0 .net "A", 0 0, L_0x55743c391350;  1 drivers
v0x55743c387b20_0 .net "B", 0 0, L_0x55743c3914b0;  1 drivers
v0x55743c387be0_0 .net "Cin", 0 0, L_0x55743c3915a0;  1 drivers
v0x55743c387cb0_0 .net "Sum", 0 0, L_0x55743c391290;  1 drivers
v0x55743c387d70_0 .net *"_s0", 0 0, L_0x55743c391220;  1 drivers
S_0x55743c387f20 .scope module, "f6" "FullAdder" 4 100, 4 1 0, S_0x55743c37b220;
 .timescale 0 0;
    .port_info 0 /INPUT 1 "A"
    .port_info 1 /INPUT 1 "B"
    .port_info 2 /INPUT 1 "Cin"
    .port_info 3 /OUTPUT 1 "Sum"
L_0x55743c391440 .functor XOR 1, L_0x55743c391810, L_0x55743c391900, C4<0>, C4<0>;
L_0x55743c3917a0 .functor XOR 1, L_0x55743c391440, L_0x55743c391b90, C4<0>, C4<0>;
v0x55743c388160_0 .net "A", 0 0, L_0x55743c391810;  1 drivers
v0x55743c388240_0 .net "B", 0 0, L_0x55743c391900;  1 drivers
v0x55743c388300_0 .net "Cin", 0 0, L_0x55743c391b90;  1 drivers
v0x55743c3883d0_0 .net "Sum", 0 0, L_0x55743c3917a0;  1 drivers
v0x55743c388490_0 .net *"_s0", 0 0, L_0x55743c391440;  1 drivers
S_0x55743c388640 .scope module, "f7" "FullAdder" 4 101, 4 1 0, S_0x55743c37b220;
 .timescale 0 0;
    .port_info 0 /INPUT 1 "A"
    .port_info 1 /INPUT 1 "B"
    .port_info 2 /INPUT 1 "Cin"
    .port_info 3 /OUTPUT 1 "Sum"
L_0x55743c391c80 .functor XOR 1, L_0x55743c391db0, L_0x55743c391f40, C4<0>, C4<0>;
L_0x55743c391cf0 .functor XOR 1, L_0x55743c391c80, L_0x55743c392030, C4<0>, C4<0>;
v0x55743c388880_0 .net "A", 0 0, L_0x55743c391db0;  1 drivers
v0x55743c388960_0 .net "B", 0 0, L_0x55743c391f40;  1 drivers
v0x55743c388a20_0 .net "Cin", 0 0, L_0x55743c392030;  1 drivers
v0x55743c388af0_0 .net "Sum", 0 0, L_0x55743c391cf0;  1 drivers
v0x55743c388bb0_0 .net *"_s0", 0 0, L_0x55743c391c80;  1 drivers
S_0x55743c388d60 .scope module, "f8" "FullAdder" 4 102, 4 1 0, S_0x55743c37b220;
 .timescale 0 0;
    .port_info 0 /INPUT 1 "A"
    .port_info 1 /INPUT 1 "B"
    .port_info 2 /INPUT 1 "Cin"
    .port_info 3 /OUTPUT 1 "Sum"
L_0x55743c3921d0 .functor XOR 1, L_0x55743c391ea0, L_0x55743c392350, C4<0>, C4<0>;
L_0x55743c392240 .functor XOR 1, L_0x55743c3921d0, L_0x55743c392500, C4<0>, C4<0>;
v0x55743c388fa0_0 .net "A", 0 0, L_0x55743c391ea0;  1 drivers
v0x55743c389080_0 .net "B", 0 0, L_0x55743c392350;  1 drivers
v0x55743c389140_0 .net "Cin", 0 0, L_0x55743c392500;  1 drivers
v0x55743c389210_0 .net "Sum", 0 0, L_0x55743c392240;  1 drivers
v0x55743c3892d0_0 .net *"_s0", 0 0, L_0x55743c3921d0;  1 drivers
S_0x55743c389480 .scope module, "f9" "FullAdder" 4 103, 4 1 0, S_0x55743c37b220;
 .timescale 0 0;
    .port_info 0 /INPUT 1 "A"
    .port_info 1 /INPUT 1 "B"
    .port_info 2 /INPUT 1 "Cin"
    .port_info 3 /OUTPUT 1 "Sum"
L_0x55743c3925f0 .functor XOR 1, L_0x55743c392720, L_0x55743c3928e0, C4<0>, C4<0>;
L_0x55743c392660 .functor XOR 1, L_0x55743c3925f0, L_0x55743c3929d0, C4<0>, C4<0>;
v0x55743c3896c0_0 .net "A", 0 0, L_0x55743c392720;  1 drivers
v0x55743c3897a0_0 .net "B", 0 0, L_0x55743c3928e0;  1 drivers
v0x55743c389860_0 .net "Cin", 0 0, L_0x55743c3929d0;  1 drivers
v0x55743c389930_0 .net "Sum", 0 0, L_0x55743c392660;  1 drivers
v0x55743c3899f0_0 .net *"_s0", 0 0, L_0x55743c3925f0;  1 drivers
S_0x55743c38c0a0 .scope module, "SP1" "Split" 2 18, 5 1 0, S_0x55743c32b3e0;
 .timescale 0 0;
    .port_info 0 /INPUT 32 "A"
    .port_info 1 /OUTPUT 1 "sign"
    .port_info 2 /OUTPUT 8 "exp"
    .port_info 3 /OUTPUT 23 "man"
v0x55743c38c2c0_0 .net "A", 31 0, v0x55743c38d210_0;  alias, 1 drivers
v0x55743c38c3a0_0 .net "exp", 7 0, L_0x55743c38eee0;  alias, 1 drivers
v0x55743c38c480_0 .net "man", 22 0, L_0x55743c38efd0;  alias, 1 drivers
v0x55743c38c570_0 .net "sign", 0 0, L_0x55743c38ee20;  alias, 1 drivers
L_0x55743c38ee20 .part v0x55743c38d210_0, 31, 1;
L_0x55743c38eee0 .part v0x55743c38d210_0, 23, 8;
L_0x55743c38efd0 .part v0x55743c38d210_0, 0, 23;
S_0x55743c38c6e0 .scope module, "SP2" "Split" 2 19, 5 1 0, S_0x55743c32b3e0;
 .timescale 0 0;
    .port_info 0 /INPUT 32 "A"
    .port_info 1 /OUTPUT 1 "sign"
    .port_info 2 /OUTPUT 8 "exp"
    .port_info 3 /OUTPUT 23 "man"
v0x55743c38c920_0 .net "A", 31 0, v0x55743c38d2e0_0;  alias, 1 drivers
v0x55743c38ca20_0 .net "exp", 7 0, L_0x55743c38f180;  alias, 1 drivers
v0x55743c38cb00_0 .net "man", 22 0, L_0x55743c38f300;  alias, 1 drivers
v0x55743c38cbf0_0 .net "sign", 0 0, L_0x55743c38f070;  alias, 1 drivers
L_0x55743c38f070 .part v0x55743c38d2e0_0, 31, 1;
L_0x55743c38f180 .part v0x55743c38d2e0_0, 23, 8;
L_0x55743c38f300 .part v0x55743c38d2e0_0, 0, 23;
S_0x55743c38cd60 .scope module, "SW" "Swap" 2 12, 6 1 0, S_0x55743c32b3e0;
 .timescale 0 0;
    .port_info 0 /INPUT 32 "in1"
    .port_info 1 /INPUT 32 "in2"
    .port_info 2 /OUTPUT 32 "out1"
    .port_info 3 /OUTPUT 32 "out2"
v0x55743c38d030_0 .net "in1", 31 0, v0x55743c38db00_0;  1 drivers
v0x55743c38d130_0 .net "in2", 31 0, v0x55743c38dbf0_0;  1 drivers
v0x55743c38d210_0 .var "out1", 31 0;
v0x55743c38d2e0_0 .var "out2", 31 0;
E_0x55743c2f7f10 .event edge, v0x55743c38d130_0, v0x55743c38d030_0;
    .scope S_0x55743c38cd60;
T_0 ;
    %wait E_0x55743c2f7f10;
    %load/vec4 v0x55743c38d030_0;
    %parti/s 31, 0, 2;
    %load/vec4 v0x55743c38d130_0;
    %parti/s 31, 0, 2;
    %cmp/u;
    %jmp/0xz  T_0.0, 5;
    %load/vec4 v0x55743c38d030_0;
    %store/vec4 v0x55743c38d2e0_0, 0, 32;
    %load/vec4 v0x55743c38d130_0;
    %store/vec4 v0x55743c38d210_0, 0, 32;
    %jmp T_0.1;
T_0.0 ;
    %load/vec4 v0x55743c38d030_0;
    %store/vec4 v0x55743c38d210_0, 0, 32;
    %load/vec4 v0x55743c38d130_0;
    %store/vec4 v0x55743c38d2e0_0, 0, 32;
T_0.1 ;
    %jmp T_0;
    .thread T_0, $push;
    .scope S_0x55743c37b220;
T_1 ;
    %wait E_0x55743c2f7e00;
    %load/vec4 v0x55743c389ba0_0;
    %parti/s 1, 0, 2;
    %load/vec4 v0x55743c389ca0_0;
    %parti/s 1, 0, 2;
    %and;
    %load/vec4 v0x55743c389ba0_0;
    %parti/s 1, 0, 2;
    %load/vec4 v0x55743c38a3b0_0;
    %and;
    %or;
    %load/vec4 v0x55743c389ca0_0;
    %parti/s 1, 0, 2;
    %load/vec4 v0x55743c38a3b0_0;
    %and;
    %or;
    %ix/load 4, 1, 0;
    %flag_set/imm 4, 0;
    %store/vec4 v0x55743c38a030_0, 4, 1;
    %load/vec4 v0x55743c389ba0_0;
    %parti/s 1, 0, 2;
    %load/vec4 v0x55743c389ca0_0;
    %parti/s 1, 0, 2;
    %and;
    %load/vec4 v0x55743c389ba0_0;
    %parti/s 1, 0, 2;
    %load/vec4 v0x55743c38a3b0_0;
    %and;
    %or;
    %load/vec4 v0x55743c389ca0_0;
    %parti/s 1, 0, 2;
    %load/vec4 v0x55743c38a3b0_0;
    %and;
    %or;
    %ix/load 4, 0, 0;
    %flag_set/imm 4, 0;
    %store/vec4 v0x55743c38a030_0, 4, 1;
    %load/vec4 v0x55743c38a030_0;
    %ix/load 4, 0, 0;
    %flag_set/imm 4, 0;
    %store/vec4a v0x55743c38a5f0, 4, 0;
    %pushi/vec4 1, 0, 6;
    %store/vec4 v0x55743c38bef0_0, 0, 6;
T_1.0 ;
    %load/vec4 v0x55743c38bef0_0;
    %pad/u 32;
    %cmpi/u 31, 0, 32;
    %flag_or 5, 4;
    %jmp/0xz T_1.1, 5;
    %load/vec4 v0x55743c389ba0_0;
    %load/vec4 v0x55743c38bef0_0;
    %part/u 1;
    %load/vec4 v0x55743c389ca0_0;
    %load/vec4 v0x55743c38bef0_0;
    %part/u 1;
    %and;
    %ix/load 4, 1, 0;
    %flag_set/imm 4, 0;
    %store/vec4 v0x55743c38a030_0, 4, 1;
    %load/vec4 v0x55743c389ba0_0;
    %load/vec4 v0x55743c38bef0_0;
    %part/u 1;
    %load/vec4 v0x55743c389ca0_0;
    %load/vec4 v0x55743c38bef0_0;
    %part/u 1;
    %or;
    %ix/load 4, 0, 0;
    %flag_set/imm 4, 0;
    %store/vec4 v0x55743c38a030_0, 4, 1;
    %load/vec4 v0x55743c38a030_0;
    %load/vec4 v0x55743c38bef0_0;
    %pad/u 7;
    %ix/vec4 4;
    %store/vec4a v0x55743c38a5f0, 4, 0;
    %load/vec4 v0x55743c38bef0_0;
    %addi 1, 0, 6;
    %store/vec4 v0x55743c38bef0_0, 0, 6;
    %jmp T_1.0;
T_1.1 ;
    %pushi/vec4 0, 0, 6;
    %store/vec4 v0x55743c38be10_0, 0, 6;
T_1.2 ;
    %load/vec4 v0x55743c38be10_0;
    %pad/u 32;
    %cmpi/u 31, 0, 32;
    %flag_or 5, 4;
    %jmp/0xz T_1.3, 5;
    %load/vec4 v0x55743c38be10_0;
    %pad/u 7;
    %ix/vec4 4;
    %load/vec4a v0x55743c38a5f0, 4;
    %load/vec4 v0x55743c38be10_0;
    %pad/u 7;
    %ix/vec4 4;
    %store/vec4a v0x55743c38aab0, 4, 0;
    %load/vec4 v0x55743c38be10_0;
    %pad/u 7;
    %ix/vec4 4;
    %load/vec4a v0x55743c38a5f0, 4;
    %load/vec4 v0x55743c38be10_0;
    %pad/u 7;
    %ix/vec4 4;
    %store/vec4a v0x55743c38b650, 4, 0;
    %load/vec4 v0x55743c38be10_0;
    %pad/u 7;
    %ix/vec4 4;
    %load/vec4a v0x55743c38a5f0, 4;
    %load/vec4 v0x55743c38be10_0;
    %pad/u 7;
    %ix/vec4 4;
    %store/vec4a v0x55743c38b080, 4, 0;
    %load/vec4 v0x55743c38be10_0;
    %addi 1, 0, 6;
    %store/vec4 v0x55743c38be10_0, 0, 6;
    %jmp T_1.2;
T_1.3 ;
    %pushi/vec4 1, 0, 6;
    %store/vec4 v0x55743c38a110_0, 0, 6;
T_1.4 ;
    %load/vec4 v0x55743c38a110_0;
    %pad/u 32;
    %cmpi/u 32, 0, 32;
    %jmp/0xz T_1.5, 5;
    %load/vec4 v0x55743c38a110_0;
    %store/vec4 v0x55743c38a450_0, 0, 6;
T_1.6 ;
    %load/vec4 v0x55743c38a450_0;
    %pad/u 32;
    %cmpi/u 32, 0, 32;
    %jmp/0xz T_1.7, 5;
    %load/vec4 v0x55743c38a450_0;
    %pad/u 7;
    %load/vec4 v0x55743c38a110_0;
    %pad/u 7;
    %sub;
    %ix/vec4 4;
    %load/vec4a v0x55743c38b080, 4;
    %store/vec4 v0x55743c38a1f0_0, 0, 2;
    %load/vec4 v0x55743c38a450_0;
    %pad/u 7;
    %ix/vec4 4;
    %load/vec4a v0x55743c38b650, 4;
    %store/vec4 v0x55743c38a2d0_0, 0, 2;
    %load/vec4 v0x55743c38a1f0_0;
    %parti/s 1, 1, 2;
    %load/vec4 v0x55743c38a2d0_0;
    %parti/s 1, 0, 2;
    %and;
    %load/vec4 v0x55743c38a2d0_0;
    %parti/s 1, 1, 2;
    %or;
    %ix/load 4, 1, 0;
    %flag_set/imm 4, 0;
    %store/vec4 v0x55743c38a030_0, 4, 1;
    %load/vec4 v0x55743c38a1f0_0;
    %parti/s 1, 0, 2;
    %load/vec4 v0x55743c38a2d0_0;
    %parti/s 1, 0, 2;
    %and;
    %load/vec4 v0x55743c38a2d0_0;
    %parti/s 1, 1, 2;
    %or;
    %ix/load 4, 0, 0;
    %flag_set/imm 4, 0;
    %store/vec4 v0x55743c38a030_0, 4, 1;
    %load/vec4 v0x55743c38a030_0;
    %load/vec4 v0x55743c38a450_0;
    %pad/u 7;
    %ix/vec4 4;
    %store/vec4a v0x55743c38aab0, 4, 0;
    %load/vec4 v0x55743c38a450_0;
    %addi 1, 0, 6;
    %store/vec4 v0x55743c38a450_0, 0, 6;
    %jmp T_1.6;
T_1.7 ;
    %pushi/vec4 0, 0, 6;
    %store/vec4 v0x55743c38a510_0, 0, 6;
T_1.8 ;
    %load/vec4 v0x55743c38a510_0;
    %pad/u 32;
    %cmpi/u 31, 0, 32;
    %flag_or 5, 4;
    %jmp/0xz T_1.9, 5;
    %load/vec4 v0x55743c38a510_0;
    %pad/u 7;
    %ix/vec4 4;
    %load/vec4a v0x55743c38aab0, 4;
    %load/vec4 v0x55743c38a510_0;
    %pad/u 7;
    %ix/vec4 4;
    %store/vec4a v0x55743c38b080, 4, 0;
    %load/vec4 v0x55743c38a510_0;
    %pad/u 7;
    %ix/vec4 4;
    %load/vec4a v0x55743c38aab0, 4;
    %load/vec4 v0x55743c38a510_0;
    %pad/u 7;
    %ix/vec4 4;
    %store/vec4a v0x55743c38b650, 4, 0;
    %load/vec4 v0x55743c38a510_0;
    %addi 1, 0, 6;
    %store/vec4 v0x55743c38a510_0, 0, 6;
    %jmp T_1.8;
T_1.9 ;
    %load/vec4 v0x55743c38a110_0;
    %ix/load 4, 1, 0;
    %flag_set/imm 4, 0;
    %shiftl 4;
    %store/vec4 v0x55743c38a110_0, 0, 6;
    %jmp T_1.4;
T_1.5 ;
    %pushi/vec4 0, 0, 6;
    %store/vec4 v0x55743c38bc20_0, 0, 6;
T_1.10 ;
    %load/vec4 v0x55743c38bc20_0;
    %pad/u 32;
    %cmpi/u 32, 0, 32;
    %jmp/0xz T_1.11, 5;
    %load/vec4 v0x55743c38bc20_0;
    %pad/u 7;
    %ix/vec4 4;
    %load/vec4a v0x55743c38aab0, 4;
    %store/vec4 v0x55743c38a030_0, 0, 2;
    %load/vec4 v0x55743c38a030_0;
    %parti/s 1, 0, 2;
    %load/vec4 v0x55743c38a030_0;
    %parti/s 1, 1, 2;
    %and;
    %ix/getv 4, v0x55743c38bc20_0;
    %store/vec4 v0x55743c389e20_0, 4, 1;
    %load/vec4 v0x55743c38bc20_0;
    %addi 1, 0, 6;
    %store/vec4 v0x55743c38bc20_0, 0, 6;
    %jmp T_1.10;
T_1.11 ;
    %jmp T_1;
    .thread T_1, $push;
    .scope S_0x55743c32b3e0;
T_2 ;
    %pushi/vec4 0, 0, 32;
    %store/vec4 v0x55743c38ec60_0, 0, 32;
    %end;
    .thread T_2;
    .scope S_0x55743c32b3e0;
T_3 ;
    %wait E_0x55743c2f7cf0;
    %load/vec4 v0x55743c38e0c0_0;
    %parti/s 1, 24, 6;
    %pad/u 32;
    %cmpi/e 1, 0, 32;
    %jmp/0xz  T_3.0, 4;
    %load/vec4 v0x55743c38e0c0_0;
    %parti/s 23, 1, 2;
    %store/vec4 v0x55743c38de60_0, 0, 23;
    %load/vec4 v0x55743c38d720_0;
    %addi 1, 0, 8;
    %store/vec4 v0x55743c38d8b0_0, 0, 8;
    %jmp T_3.1;
T_3.0 ;
    %load/vec4 v0x55743c38e0c0_0;
    %parti/s 1, 23, 6;
    %pad/u 32;
    %cmpi/e 0, 0, 32;
    %jmp/0xz  T_3.2, 4;
    %pushi/vec4 1, 0, 32;
    %store/vec4 v0x55743c38ec60_0, 0, 32;
T_3.4 ;
    %load/vec4 v0x55743c38e0c0_0;
    %pushi/vec4 23, 0, 32;
    %load/vec4 v0x55743c38ec60_0;
    %sub;
    %part/s 1;
    %cmpi/e 0, 0, 1;
    %jmp/0xz T_3.5, 4;
    %load/vec4 v0x55743c38ec60_0;
    %addi 1, 0, 32;
    %store/vec4 v0x55743c38ec60_0, 0, 32;
    %jmp T_3.4;
T_3.5 ;
    %load/vec4 v0x55743c38d720_0;
    %pad/u 32;
    %load/vec4 v0x55743c38ec60_0;
    %sub;
    %pad/u 8;
    %store/vec4 v0x55743c38d8b0_0, 0, 8;
    %load/vec4 v0x55743c38e0c0_0;
    %parti/s 23, 0, 2;
    %store/vec4 v0x55743c38ed40_0, 0, 23;
    %load/vec4 v0x55743c38ed40_0;
    %load/vec4 v0x55743c38ec60_0;
    %ix/vec4 4;
    %shiftl 4;
    %store/vec4 v0x55743c38de60_0, 0, 23;
    %jmp T_3.3;
T_3.2 ;
    %load/vec4 v0x55743c38e0c0_0;
    %parti/s 23, 0, 2;
    %store/vec4 v0x55743c38de60_0, 0, 23;
    %load/vec4 v0x55743c38d720_0;
    %store/vec4 v0x55743c38d8b0_0, 0, 8;
T_3.3 ;
T_3.1 ;
    %jmp T_3;
    .thread T_3, $push;
    .scope S_0x55743c32b3e0;
T_4 ;
    %wait E_0x55743c2fb260;
    %load/vec4 v0x55743c38d720_0;
    %and/r;
    %pushi/vec4 1, 0, 1;
    %cmp/e;
    %flag_get/vec4 4;
    %load/vec4 v0x55743c38dcc0_0;
    %or/r;
    %pushi/vec4 0, 0, 1;
    %cmp/e;
    %flag_get/vec4 4;
    %and;
    %flag_set/vec4 8;
    %jmp/0xz  T_4.0, 8;
    %load/vec4 v0x55743c38df20_0;
    %concati/vec4 255, 0, 8;
    %concati/vec4 0, 0, 23;
    %store/vec4 v0x55743c38da40_0, 0, 32;
    %jmp T_4.1;
T_4.0 ;
    %load/vec4 v0x55743c38df20_0;
    %load/vec4 v0x55743c38e0c0_0;
    %or/r;
    %replicate 8;
    %load/vec4 v0x55743c38d8b0_0;
    %and;
    %concat/vec4; draw_concat_vec4
    %load/vec4 v0x55743c38de60_0;
    %concat/vec4; draw_concat_vec4
    %store/vec4 v0x55743c38da40_0, 0, 32;
T_4.1 ;
    %jmp T_4;
    .thread T_4, $push;
    .scope S_0x55743c32b3e0;
T_5 ;
    %delay 0, 0;
    %pushi/vec4 1086324736, 0, 32;
    %store/vec4 v0x55743c38db00_0, 0, 32;
    %pushi/vec4 1090519040, 0, 32;
    %store/vec4 v0x55743c38dbf0_0, 0, 32;
    %delay 10, 0;
    %pushi/vec4 1092354048, 0, 32;
    %store/vec4 v0x55743c38db00_0, 0, 32;
    %pushi/vec4 1058013184, 0, 32;
    %store/vec4 v0x55743c38dbf0_0, 0, 32;
    %delay 10, 0;
    %pushi/vec4 3233808384, 0, 32;
    %store/vec4 v0x55743c38db00_0, 0, 32;
    %pushi/vec4 3238002688, 0, 32;
    %store/vec4 v0x55743c38dbf0_0, 0, 32;
    %delay 10, 0;
    %pushi/vec4 3233808384, 0, 32;
    %store/vec4 v0x55743c38db00_0, 0, 32;
    %pushi/vec4 1090519040, 0, 32;
    %store/vec4 v0x55743c38dbf0_0, 0, 32;
    %delay 10, 0;
    %pushi/vec4 2139095040, 0, 32;
    %store/vec4 v0x55743c38db00_0, 0, 32;
    %pushi/vec4 3233808384, 0, 32;
    %store/vec4 v0x55743c38dbf0_0, 0, 32;
    %delay 10, 0;
    %pushi/vec4 0, 0, 32;
    %store/vec4 v0x55743c38db00_0, 0, 32;
    %pushi/vec4 2130706491, 0, 32;
    %store/vec4 v0x55743c38dbf0_0, 0, 32;
    %delay 10, 0;
    %pushi/vec4 0, 0, 32;
    %store/vec4 v0x55743c38db00_0, 0, 32;
    %pushi/vec4 2139095040, 0, 32;
    %store/vec4 v0x55743c38dbf0_0, 0, 32;
    %end;
    .thread T_5;
    .scope S_0x55743c32b3e0;
T_6 ;
    %vpi_call 2 105 "$monitor", $time, " A=%b B=%b\011C=%b\012", v0x55743c38db00_0, v0x55743c38dbf0_0, v0x55743c38da40_0 {0 0 0};
    %vpi_call 2 106 "$dumpfile", "fpa.vcd" {0 0 0};
    %vpi_call 2 107 "$dumpvars" {0 0 0};
    %end;
    .thread T_6;
# The file index is used to find the file name in the following table.
:file_names 7;
    "N/A";
    "<interactive>";
    "float_add.v";
    "./tools/shifter.v";
    "./tools/rda.v";
    "./tools/split.v";
    "./tools/swap.v";
